
**** Build of configuration Debug for project test_PWM ****

"C:\\ti\\codecomposer1260\\ccs\\utils\\bin\\gmake" -k -j 8 all -O 
 
Building file: "../main.c"
Invoking: Arm Compiler
"C:/ti/codecomposer1260/ccs/tools/compiler/ti-cgt-arm_20.2.7.LTS/bin/armcl" -mv7M4 --code_state=16 --float_support=FPv4SPD16 -me --include_path="D:/4th_year/3_Graduation_project/main_project/2-software/automotive_graduation_project/Embedded_Systems/Tests/test_PWM" --include_path="C:/ti/codecomposer1260/ccs/tools/compiler/ti-cgt-arm_20.2.7.LTS/include" --define=ccs="ccs" --define=PART_TM4C123GH6PM -g --gcc --diag_warning=225 --diag_wrap=off --display_error_number --abi=eabi --preproc_with_compile --preproc_dependency="main.d_raw"  "../main.c"
 
>> Compilation failure
subdir_rules.mk:9: recipe for target 'main.obj' failed
"../main.c", line 9: error #20: identifier "uint32" is undefined
"../main.c", line 10: error #20: identifier "uint32" is undefined
"../main.c", line 13: error #20: identifier "uint32" is undefined
"../main.c", line 14: error #20: identifier "uint32" is undefined
"../main.c", line 15: error #20: identifier "uint32" is undefined
"../main.c", line 16: error #20: identifier "uint32" is undefined
"../main.c", line 19: error #20: identifier "uint32" is undefined
"../main.c", line 23: error #20: identifier "uint32" is undefined
"../main.c", line 26: error #20: identifier "uint32" is undefined
"../main.c", line 29: error #20: identifier "uint32" is undefined
"../main.c", line 30: error #20: identifier "uint32" is undefined
"../main.c", line 38: error #20: identifier "uint32" is undefined
"../main.c", line 39: error #20: identifier "uint32" is undefined
"../main.c", line 44: error #20: identifier "uint32" is undefined
"../main.c", line 45: error #20: identifier "uint32" is undefined
"../main.c", line 46: error #20: identifier "uint32" is undefined
"../main.c", line 52: error #20: identifier "uint32" is undefined
"../main.c", line 53: error #20: identifier "uint32" is undefined
"../main.c", line 55: error #20: identifier "uint32" is undefined
"../main.c", line 56: error #20: identifier "uint32" is undefined
"../main.c", line 72: error #20: identifier "uint32" is undefined
"../main.c", line 73: error #20: identifier "uint32" is undefined
"../main.c", line 74: error #20: identifier "uint32" is undefined
"../main.c", line 81: error #20: identifier "uint32" is undefined
"../main.c", line 83: error #29: expected an expression
"../main.c", line 83: error #20: identifier "i" is undefined
"../main.c", line 86: error #20: identifier "uint32" is undefined
"../main.c", line 88: error #29: expected an expression
"../main.c", line 91: error #20: identifier "uint32" is undefined
"../main.c", line 93: error #29: expected an expression
"../main.c", line 96: warning #112-D: statement is unreachable
30 errors detected in the compilation of "../main.c".
gmake: *** [main.obj] Error 1
Building file: "../tm4c123gh6pm_startup_ccs.c"
Invoking: Arm Compiler
"C:/ti/codecomposer1260/ccs/tools/compiler/ti-cgt-arm_20.2.7.LTS/bin/armcl" -mv7M4 --code_state=16 --float_support=FPv4SPD16 -me --include_path="D:/4th_year/3_Graduation_project/main_project/2-software/automotive_graduation_project/Embedded_Systems/Tests/test_PWM" --include_path="C:/ti/codecomposer1260/ccs/tools/compiler/ti-cgt-arm_20.2.7.LTS/include" --define=ccs="ccs" --define=PART_TM4C123GH6PM -g --gcc --diag_warning=225 --diag_wrap=off --display_error_number --abi=eabi --preproc_with_compile --preproc_dependency="tm4c123gh6pm_startup_ccs.d_raw"  "../tm4c123gh6pm_startup_ccs.c"
Finished building: "../tm4c123gh6pm_startup_ccs.c"
 
gmake: Target 'all' not remade because of errors.

**** Build Finished ****

**** Build of configuration Debug for project test_PWM ****

"C:\\ti\\codecomposer1260\\ccs\\utils\\bin\\gmake" -k -j 8 all -O 
 
Building file: "../main.c"
Invoking: Arm Compiler
"C:/ti/codecomposer1260/ccs/tools/compiler/ti-cgt-arm_20.2.7.LTS/bin/armcl" -mv7M4 --code_state=16 --float_support=FPv4SPD16 -me --include_path="D:/4th_year/3_Graduation_project/main_project/2-software/automotive_graduation_project/Embedded_Systems/Tests/test_PWM" --include_path="C:/ti/codecomposer1260/ccs/tools/compiler/ti-cgt-arm_20.2.7.LTS/include" --define=ccs="ccs" --define=PART_TM4C123GH6PM -g --gcc --diag_warning=225 --diag_wrap=off --display_error_number --abi=eabi --preproc_with_compile --preproc_dependency="main.d_raw"  "../main.c"
 
>> Compilation failure
subdir_rules.mk:9: recipe for target 'main.obj' failed
"../main.c", line 9: error #20: identifier "uint32" is undefined
"../main.c", line 10: error #20: identifier "uint32" is undefined
"../main.c", line 13: error #20: identifier "uint32" is undefined
"../main.c", line 14: error #20: identifier "uint32" is undefined
"../main.c", line 15: error #20: identifier "uint32" is undefined
"../main.c", line 16: error #20: identifier "uint32" is undefined
"../main.c", line 19: error #20: identifier "uint32" is undefined
"../main.c", line 23: error #20: identifier "uint32" is undefined
"../main.c", line 26: error #20: identifier "uint32" is undefined
"../main.c", line 29: error #20: identifier "uint32" is undefined
"../main.c", line 30: error #20: identifier "uint32" is undefined
"../main.c", line 38: error #20: identifier "uint32" is undefined
"../main.c", line 39: error #20: identifier "uint32" is undefined
"../main.c", line 44: error #20: identifier "uint32" is undefined
"../main.c", line 45: error #20: identifier "uint32" is undefined
"../main.c", line 46: error #20: identifier "uint32" is undefined
"../main.c", line 52: error #20: identifier "uint32" is undefined
"../main.c", line 53: error #20: identifier "uint32" is undefined
"../main.c", line 55: error #20: identifier "uint32" is undefined
"../main.c", line 56: error #20: identifier "uint32" is undefined
"../main.c", line 72: error #20: identifier "uint32" is undefined
"../main.c", line 73: error #20: identifier "uint32" is undefined
"../main.c", line 74: error #20: identifier "uint32" is undefined
"../main.c", line 81: error #20: identifier "uint32" is undefined
"../main.c", line 83: error #29: expected an expression
"../main.c", line 83: error #20: identifier "i" is undefined
"../main.c", line 86: error #20: identifier "uint32" is undefined
"../main.c", line 88: error #29: expected an expression
"../main.c", line 91: error #20: identifier "uint32" is undefined
"../main.c", line 93: error #29: expected an expression
"../main.c", line 96: warning #112-D: statement is unreachable
30 errors detected in the compilation of "../main.c".
gmake: *** [main.obj] Error 1
gmake: Target 'all' not remade because of errors.

**** Build Finished ****

**** Build of configuration Debug for project test_PWM ****

"C:\\ti\\codecomposer1260\\ccs\\utils\\bin\\gmake" -k -j 8 all -O 
 
Building file: "../main.c"
Invoking: Arm Compiler
"C:/ti/codecomposer1260/ccs/tools/compiler/ti-cgt-arm_20.2.7.LTS/bin/armcl" -mv7M4 --code_state=16 --float_support=FPv4SPD16 -me --include_path="D:/4th_year/3_Graduation_project/main_project/2-software/automotive_graduation_project/Embedded_Systems/Tests/test_PWM" --include_path="C:/ti/codecomposer1260/ccs/tools/compiler/ti-cgt-arm_20.2.7.LTS/include" --define=ccs="ccs" --define=PART_TM4C123GH6PM -g --gcc --diag_warning=225 --diag_wrap=off --display_error_number --abi=eabi --preproc_with_compile --preproc_dependency="main.d_raw"  "../main.c"
 
>> Compilation failure
subdir_rules.mk:9: recipe for target 'main.obj' failed
"../main.c", line 8: error #20: identifier "uint32_t" is undefined
"../main.c", line 8: error #20: identifier "uint32_t" is undefined
"../main.c", line 8: error #20: identifier "uint32_t" is undefined
"../main.c", line 22: error #20: identifier "uint32_t" is undefined
"../main.c", line 34: error #20: identifier "uint32_t" is undefined
"../main.c", line 34: error #20: identifier "uint32_t" is undefined
"../main.c", line 38: error #20: identifier "uint32_t" is undefined
"../main.c", line 39: error #20: identifier "uint32_t" is undefined
"../main.c", line 43: error #20: identifier "uint32_t" is undefined
"../main.c", line 43: error #20: identifier "uint32_t" is undefined
"../main.c", line 50: error #20: identifier "uint8_t" is undefined
"../main.c", line 61: error #20: identifier "uint32_t" is undefined
"../main.c", line 61: error #20: identifier "uint32_t" is undefined
"../main.c", line 83: error #29: expected an expression
"../main.c", line 83: error #20: identifier "i" is undefined
"../main.c", line 88: error #29: expected an expression
"../main.c", line 93: error #29: expected an expression
"../main.c", line 96: warning #112-D: statement is unreachable
17 errors detected in the compilation of "../main.c".
gmake: *** [main.obj] Error 1
gmake: Target 'all' not remade because of errors.

**** Build Finished ****

**** Build of configuration Debug for project test_PWM ****

"C:\\ti\\codecomposer1260\\ccs\\utils\\bin\\gmake" -k -j 8 all -O 
 
Building file: "../main.c"
Invoking: Arm Compiler
"C:/ti/codecomposer1260/ccs/tools/compiler/ti-cgt-arm_20.2.7.LTS/bin/armcl" -mv7M4 --code_state=16 --float_support=FPv4SPD16 -me --include_path="D:/4th_year/3_Graduation_project/main_project/2-software/automotive_graduation_project/Embedded_Systems/Tests/test_PWM" --include_path="C:/ti/codecomposer1260/ccs/tools/compiler/ti-cgt-arm_20.2.7.LTS/include" --define=ccs="ccs" --define=PART_TM4C123GH6PM -g --gcc --diag_warning=225 --diag_wrap=off --display_error_number --abi=eabi --preproc_with_compile --preproc_dependency="main.d_raw"  "../main.c"
 
>> Compilation failure
subdir_rules.mk:9: recipe for target 'main.obj' failed
"../main.c", line 8: error #20: identifier "uint32_t" is undefined
"../main.c", line 8: error #20: identifier "uint32_t" is undefined
"../main.c", line 8: error #20: identifier "uint32_t" is undefined
"../main.c", line 22: error #20: identifier "uint32_t" is undefined
"../main.c", line 34: error #20: identifier "uint32_t" is undefined
"../main.c", line 34: error #20: identifier "uint32_t" is undefined
"../main.c", line 38: error #20: identifier "uint32_t" is undefined
"../main.c", line 39: error #20: identifier "uint32_t" is undefined
"../main.c", line 43: error #20: identifier "uint32_t" is undefined
"../main.c", line 43: error #20: identifier "uint32_t" is undefined
"../main.c", line 50: error #20: identifier "uint8_t" is undefined
"../main.c", line 61: error #20: identifier "uint32_t" is undefined
"../main.c", line 61: error #20: identifier "uint32_t" is undefined
"../main.c", line 83: error #29: expected an expression
"../main.c", line 83: error #20: identifier "i" is undefined
"../main.c", line 88: error #29: expected an expression
"../main.c", line 93: error #29: expected an expression
"../main.c", line 96: warning #112-D: statement is unreachable
17 errors detected in the compilation of "../main.c".
gmake: *** [main.obj] Error 1
gmake: Target 'all' not remade because of errors.

**** Build Finished ****

**** Build of configuration Debug for project test_PWM ****

"C:\\ti\\codecomposer1260\\ccs\\utils\\bin\\gmake" -k -j 8 all -O 
 
Building file: "../main.c"
Invoking: Arm Compiler
"C:/ti/codecomposer1260/ccs/tools/compiler/ti-cgt-arm_20.2.7.LTS/bin/armcl" -mv7M4 --code_state=16 --float_support=FPv4SPD16 -me --include_path="D:/4th_year/3_Graduation_project/main_project/2-software/automotive_graduation_project/Embedded_Systems/Tests/test_PWM" --include_path="C:/ti/codecomposer1260/ccs/tools/compiler/ti-cgt-arm_20.2.7.LTS/include" --define=ccs="ccs" --define=PART_TM4C123GH6PM -g --gcc --diag_warning=225 --diag_wrap=off --display_error_number --abi=eabi --preproc_with_compile --preproc_dependency="main.d_raw"  "../main.c"
 
>> Compilation failure
subdir_rules.mk:9: recipe for target 'main.obj' failed
"../main.c", line 83: error #29: expected an expression
"../main.c", line 83: error #20: identifier "i" is undefined
"../main.c", line 88: error #29: expected an expression
"../main.c", line 93: error #29: expected an expression
"../main.c", line 96: warning #112-D: statement is unreachable
4 errors detected in the compilation of "../main.c".
gmake: *** [main.obj] Error 1
gmake: Target 'all' not remade because of errors.

**** Build Finished ****

**** Build of configuration Debug for project test_PWM ****

"C:\\ti\\codecomposer1260\\ccs\\utils\\bin\\gmake" -k -j 8 all -O 
 
Building file: "../main.c"
Invoking: Arm Compiler
"C:/ti/codecomposer1260/ccs/tools/compiler/ti-cgt-arm_20.2.7.LTS/bin/armcl" -mv7M4 --code_state=16 --float_support=FPv4SPD16 -me --include_path="D:/4th_year/3_Graduation_project/main_project/2-software/automotive_graduation_project/Embedded_Systems/Tests/test_PWM" --include_path="C:/ti/codecomposer1260/ccs/tools/compiler/ti-cgt-arm_20.2.7.LTS/include" --define=ccs="ccs" --define=PART_TM4C123GH6PM -g --gcc --diag_warning=225 --diag_wrap=off --display_error_number --abi=eabi --preproc_with_compile --preproc_dependency="main.d_raw"  "../main.c"
"../main.c", line 96: warning #112-D: statement is unreachable
Finished building: "../main.c"
 
Building target: "test_PWM.out"
Invoking: Arm Linker
"C:/ti/codecomposer1260/ccs/tools/compiler/ti-cgt-arm_20.2.7.LTS/bin/armcl" -mv7M4 --code_state=16 --float_support=FPv4SPD16 -me --define=ccs="ccs" --define=PART_TM4C123GH6PM -g --gcc --diag_warning=225 --diag_wrap=off --display_error_number --abi=eabi -z -m"test_PWM.map" --heap_size=0 --stack_size=512 -i"C:/ti/codecomposer1260/ccs/tools/compiler/ti-cgt-arm_20.2.7.LTS/lib" -i"C:/ti/codecomposer1260/ccs/tools/compiler/ti-cgt-arm_20.2.7.LTS/include" --reread_libs --diag_wrap=off --display_error_number --warn_sections --xml_link_info="test_PWM_linkInfo.xml" --rom_model -o "test_PWM.out" "./main.obj" "./tm4c123gh6pm_startup_ccs.obj" "../tm4c123gh6pm.cmd"  -llibc.a 
<Linking>
Finished building target: "test_PWM.out"
 

**** Build Finished ****

**** Build of configuration Debug for project test_PWM ****

"C:\\ti\\codecomposer1260\\ccs\\utils\\bin\\gmake" -k -j 8 all -O 
 
Building file: "../main.c"
Invoking: Arm Compiler
"C:/ti/codecomposer1260/ccs/tools/compiler/ti-cgt-arm_20.2.7.LTS/bin/armcl" -mv7M4 --code_state=16 --float_support=FPv4SPD16 -me --include_path="D:/4th_year/3_Graduation_project/main_project/2-software/automotive_graduation_project/Embedded_Systems/Tests/test_PWM" --include_path="C:/ti/codecomposer1260/ccs/tools/compiler/ti-cgt-arm_20.2.7.LTS/include" --define=ccs="ccs" --define=PART_TM4C123GH6PM -g --gcc --diag_warning=225 --diag_wrap=off --display_error_number --abi=eabi --preproc_with_compile --preproc_dependency="main.d_raw"  "../main.c"
"../main.c", line 67: warning #112-D: statement is unreachable
Finished building: "../main.c"
 
Building target: "test_PWM.out"
Invoking: Arm Linker
"C:/ti/codecomposer1260/ccs/tools/compiler/ti-cgt-arm_20.2.7.LTS/bin/armcl" -mv7M4 --code_state=16 --float_support=FPv4SPD16 -me --define=ccs="ccs" --define=PART_TM4C123GH6PM -g --gcc --diag_warning=225 --diag_wrap=off --display_error_number --abi=eabi -z -m"test_PWM.map" --heap_size=0 --stack_size=512 -i"C:/ti/codecomposer1260/ccs/tools/compiler/ti-cgt-arm_20.2.7.LTS/lib" -i"C:/ti/codecomposer1260/ccs/tools/compiler/ti-cgt-arm_20.2.7.LTS/include" --reread_libs --diag_wrap=off --display_error_number --warn_sections --xml_link_info="test_PWM_linkInfo.xml" --rom_model -o "test_PWM.out" "./main.obj" "./tm4c123gh6pm_startup_ccs.obj" "../tm4c123gh6pm.cmd"  -llibc.a 
<Linking>
Finished building target: "test_PWM.out"
 

**** Build Finished ****

**** Build of configuration Debug for project test_PWM ****

"C:\\ti\\codecomposer1260\\ccs\\utils\\bin\\gmake" -k -j 8 all -O 
 
gmake[1]: 'test_PWM.out' is up to date.

**** Build Finished ****

**** Build of configuration Debug for project test_PWM ****

"C:\\ti\\codecomposer1260\\ccs\\utils\\bin\\gmake" -k -j 8 all -O 
 
Building file: "../main.c"
Invoking: Arm Compiler
"C:/ti/codecomposer1260/ccs/tools/compiler/ti-cgt-arm_20.2.7.LTS/bin/armcl" -mv7M4 --code_state=16 --float_support=FPv4SPD16 -me --include_path="D:/4th_year/3_Graduation_project/main_project/2-software/automotive_graduation_project/Embedded_Systems/Tests/test_PWM" --include_path="C:/ti/codecomposer1260/ccs/tools/compiler/ti-cgt-arm_20.2.7.LTS/include" --define=ccs="ccs" --define=PART_TM4C123GH6PM -g --gcc --diag_warning=225 --diag_wrap=off --display_error_number --abi=eabi --preproc_with_compile --preproc_dependency="main.d_raw"  "../main.c"
"../main.c", line 67: warning #112-D: statement is unreachable
Finished building: "../main.c"
 
Building target: "test_PWM.out"
Invoking: Arm Linker
"C:/ti/codecomposer1260/ccs/tools/compiler/ti-cgt-arm_20.2.7.LTS/bin/armcl" -mv7M4 --code_state=16 --float_support=FPv4SPD16 -me --define=ccs="ccs" --define=PART_TM4C123GH6PM -g --gcc --diag_warning=225 --diag_wrap=off --display_error_number --abi=eabi -z -m"test_PWM.map" --heap_size=0 --stack_size=512 -i"C:/ti/codecomposer1260/ccs/tools/compiler/ti-cgt-arm_20.2.7.LTS/lib" -i"C:/ti/codecomposer1260/ccs/tools/compiler/ti-cgt-arm_20.2.7.LTS/include" --reread_libs --diag_wrap=off --display_error_number --warn_sections --xml_link_info="test_PWM_linkInfo.xml" --rom_model -o "test_PWM.out" "./main.obj" "./tm4c123gh6pm_startup_ccs.obj" "../tm4c123gh6pm.cmd"  -llibc.a 
<Linking>
Finished building target: "test_PWM.out"
 

**** Build Finished ****

**** Clean-only build of configuration Debug for project Control_App ****

"C:\\ti\\codecomposer1260\\ccs\\utils\\bin\\gmake" -k -j 8 clean -O 
 
DEL /F  "Control_App.out" 
DEL /F "main.obj" "Critical_Files\Det.obj" "Critical_Files\tm4c123gh6pm_startup_ccs.obj" "Dio_Driver\Dio.obj" "Dio_Driver\Dio_PBcfg.obj" "PWM_Driver\PWM.obj" "Port_Driver\Port.obj" "Port_Driver\Port_PBcfg.obj" "Uart_Driver\uart.obj" "Uart_Driver\uart_PBcfg.obj" "control_driver\control_app.obj" 
DEL /F "main.d" "Critical_Files\Det.d" "Critical_Files\tm4c123gh6pm_startup_ccs.d" "Dio_Driver\Dio.d" "Dio_Driver\Dio_PBcfg.d" "PWM_Driver\PWM.d" "Port_Driver\Port.d" "Port_Driver\Port_PBcfg.d" "Uart_Driver\uart.d" "Uart_Driver\uart_PBcfg.d" "control_driver\control_app.d" 
Could Not Find D:\4th_year\3_Graduation_project\main_project\2-software\automotive_graduation_project\Embedded_Systems\Car_Control\Control_App\Debug\PWM_Driver\PWM.obj
Could Not Find D:\4th_year\3_Graduation_project\main_project\2-software\automotive_graduation_project\Embedded_Systems\Car_Control\Control_App\Debug\Uart_Driver\uart.obj
Could Not Find D:\4th_year\3_Graduation_project\main_project\2-software\automotive_graduation_project\Embedded_Systems\Car_Control\Control_App\Debug\control_driver\control_app.obj
Could Not Find D:\4th_year\3_Graduation_project\main_project\2-software\automotive_graduation_project\Embedded_Systems\Car_Control\Control_App\Debug\PWM_Driver\PWM.d
Could Not Find D:\4th_year\3_Graduation_project\main_project\2-software\automotive_graduation_project\Embedded_Systems\Car_Control\Control_App\Debug\Uart_Driver\uart.d
Could Not Find D:\4th_year\3_Graduation_project\main_project\2-software\automotive_graduation_project\Embedded_Systems\Car_Control\Control_App\Debug\control_driver\control_app.d
Finished clean
 

**** Build Finished ****

**** Build of configuration Debug for project Control_App ****

"C:\\ti\\codecomposer1260\\ccs\\utils\\bin\\gmake" -k -j 8 all -O 
 
Building file: "../main.c"
Invoking: Arm Compiler
"C:/ti/codecomposer1260/ccs/tools/compiler/ti-cgt-arm_20.2.7.LTS/bin/armcl" -mv7M4 --code_state=16 --float_support=FPv4SPD16 -me --include_path="D:/4th_year/3_Graduation_project/main_project/2-software/automotive_graduation_project/Embedded_Systems/Car_Control/Control_App" --include_path="C:/ti/codecomposer1260/ccs/tools/compiler/ti-cgt-arm_20.2.7.LTS/include" --define=ccs="ccs" --define=PART_TM4C123GH6PM -g --gcc --diag_warning=225 --diag_wrap=off --display_error_number --abi=eabi --preproc_with_compile --preproc_dependency="main.d_raw"  "../main.c"
Finished building: "../main.c"
 
Building file: "../Critical_Files/Det.c"
Invoking: Arm Compiler
"C:/ti/codecomposer1260/ccs/tools/compiler/ti-cgt-arm_20.2.7.LTS/bin/armcl" -mv7M4 --code_state=16 --float_support=FPv4SPD16 -me --include_path="D:/4th_year/3_Graduation_project/main_project/2-software/automotive_graduation_project/Embedded_Systems/Car_Control/Control_App" --include_path="C:/ti/codecomposer1260/ccs/tools/compiler/ti-cgt-arm_20.2.7.LTS/include" --define=ccs="ccs" --define=PART_TM4C123GH6PM -g --gcc --diag_warning=225 --diag_wrap=off --display_error_number --abi=eabi --preproc_with_compile --preproc_dependency="Critical_Files/Det.d_raw" --obj_directory="Critical_Files"  "../Critical_Files/Det.c"
"../Critical_Files/Det.c", line 22: warning #112-D: statement is unreachable
Finished building: "../Critical_Files/Det.c"
 
Building file: "../Critical_Files/tm4c123gh6pm_startup_ccs.c"
Invoking: Arm Compiler
"C:/ti/codecomposer1260/ccs/tools/compiler/ti-cgt-arm_20.2.7.LTS/bin/armcl" -mv7M4 --code_state=16 --float_support=FPv4SPD16 -me --include_path="D:/4th_year/3_Graduation_project/main_project/2-software/automotive_graduation_project/Embedded_Systems/Car_Control/Control_App" --include_path="C:/ti/codecomposer1260/ccs/tools/compiler/ti-cgt-arm_20.2.7.LTS/include" --define=ccs="ccs" --define=PART_TM4C123GH6PM -g --gcc --diag_warning=225 --diag_wrap=off --display_error_number --abi=eabi --preproc_with_compile --preproc_dependency="Critical_Files/tm4c123gh6pm_startup_ccs.d_raw" --obj_directory="Critical_Files"  "../Critical_Files/tm4c123gh6pm_startup_ccs.c"
Finished building: "../Critical_Files/tm4c123gh6pm_startup_ccs.c"
 
Building file: "../Dio_Driver/Dio.c"
Invoking: Arm Compiler
"C:/ti/codecomposer1260/ccs/tools/compiler/ti-cgt-arm_20.2.7.LTS/bin/armcl" -mv7M4 --code_state=16 --float_support=FPv4SPD16 -me --include_path="D:/4th_year/3_Graduation_project/main_project/2-software/automotive_graduation_project/Embedded_Systems/Car_Control/Control_App" --include_path="C:/ti/codecomposer1260/ccs/tools/compiler/ti-cgt-arm_20.2.7.LTS/include" --define=ccs="ccs" --define=PART_TM4C123GH6PM -g --gcc --diag_warning=225 --diag_wrap=off --display_error_number --abi=eabi --preproc_with_compile --preproc_dependency="Dio_Driver/Dio.d_raw" --obj_directory="Dio_Driver"  "../Dio_Driver/Dio.c"
Finished building: "../Dio_Driver/Dio.c"
 
Building file: "../Dio_Driver/Dio_PBcfg.c"
Invoking: Arm Compiler
"C:/ti/codecomposer1260/ccs/tools/compiler/ti-cgt-arm_20.2.7.LTS/bin/armcl" -mv7M4 --code_state=16 --float_support=FPv4SPD16 -me --include_path="D:/4th_year/3_Graduation_project/main_project/2-software/automotive_graduation_project/Embedded_Systems/Car_Control/Control_App" --include_path="C:/ti/codecomposer1260/ccs/tools/compiler/ti-cgt-arm_20.2.7.LTS/include" --define=ccs="ccs" --define=PART_TM4C123GH6PM -g --gcc --diag_warning=225 --diag_wrap=off --display_error_number --abi=eabi --preproc_with_compile --preproc_dependency="Dio_Driver/Dio_PBcfg.d_raw" --obj_directory="Dio_Driver"  "../Dio_Driver/Dio_PBcfg.c"
Finished building: "../Dio_Driver/Dio_PBcfg.c"
 
Building file: "../PWM_Driver/PWM.c"
Invoking: Arm Compiler
"C:/ti/codecomposer1260/ccs/tools/compiler/ti-cgt-arm_20.2.7.LTS/bin/armcl" -mv7M4 --code_state=16 --float_support=FPv4SPD16 -me --include_path="D:/4th_year/3_Graduation_project/main_project/2-software/automotive_graduation_project/Embedded_Systems/Car_Control/Control_App" --include_path="C:/ti/codecomposer1260/ccs/tools/compiler/ti-cgt-arm_20.2.7.LTS/include" --define=ccs="ccs" --define=PART_TM4C123GH6PM -g --gcc --diag_warning=225 --diag_wrap=off --display_error_number --abi=eabi --preproc_with_compile --preproc_dependency="PWM_Driver/PWM.d_raw" --obj_directory="PWM_Driver"  "../PWM_Driver/PWM.c"
Finished building: "../PWM_Driver/PWM.c"
 
Building file: "../Port_Driver/Port.c"
Invoking: Arm Compiler
"C:/ti/codecomposer1260/ccs/tools/compiler/ti-cgt-arm_20.2.7.LTS/bin/armcl" -mv7M4 --code_state=16 --float_support=FPv4SPD16 -me --include_path="D:/4th_year/3_Graduation_project/main_project/2-software/automotive_graduation_project/Embedded_Systems/Car_Control/Control_App" --include_path="C:/ti/codecomposer1260/ccs/tools/compiler/ti-cgt-arm_20.2.7.LTS/include" --define=ccs="ccs" --define=PART_TM4C123GH6PM -g --gcc --diag_warning=225 --diag_wrap=off --display_error_number --abi=eabi --preproc_with_compile --preproc_dependency="Port_Driver/Port.d_raw" --obj_directory="Port_Driver"  "../Port_Driver/Port.c"
Finished building: "../Port_Driver/Port.c"
 
Building file: "../Port_Driver/Port_PBcfg.c"
Invoking: Arm Compiler
"C:/ti/codecomposer1260/ccs/tools/compiler/ti-cgt-arm_20.2.7.LTS/bin/armcl" -mv7M4 --code_state=16 --float_support=FPv4SPD16 -me --include_path="D:/4th_year/3_Graduation_project/main_project/2-software/automotive_graduation_project/Embedded_Systems/Car_Control/Control_App" --include_path="C:/ti/codecomposer1260/ccs/tools/compiler/ti-cgt-arm_20.2.7.LTS/include" --define=ccs="ccs" --define=PART_TM4C123GH6PM -g --gcc --diag_warning=225 --diag_wrap=off --display_error_number --abi=eabi --preproc_with_compile --preproc_dependency="Port_Driver/Port_PBcfg.d_raw" --obj_directory="Port_Driver"  "../Port_Driver/Port_PBcfg.c"
Finished building: "../Port_Driver/Port_PBcfg.c"
 
Building file: "../Uart_Driver/uart.c"
Invoking: Arm Compiler
"C:/ti/codecomposer1260/ccs/tools/compiler/ti-cgt-arm_20.2.7.LTS/bin/armcl" -mv7M4 --code_state=16 --float_support=FPv4SPD16 -me --include_path="D:/4th_year/3_Graduation_project/main_project/2-software/automotive_graduation_project/Embedded_Systems/Car_Control/Control_App" --include_path="C:/ti/codecomposer1260/ccs/tools/compiler/ti-cgt-arm_20.2.7.LTS/include" --define=ccs="ccs" --define=PART_TM4C123GH6PM -g --gcc --diag_warning=225 --diag_wrap=off --display_error_number --abi=eabi --preproc_with_compile --preproc_dependency="Uart_Driver/uart.d_raw" --obj_directory="Uart_Driver"  "../Uart_Driver/uart.c"
Finished building: "../Uart_Driver/uart.c"
 
Building file: "../Uart_Driver/uart_PBcfg.c"
Invoking: Arm Compiler
"C:/ti/codecomposer1260/ccs/tools/compiler/ti-cgt-arm_20.2.7.LTS/bin/armcl" -mv7M4 --code_state=16 --float_support=FPv4SPD16 -me --include_path="D:/4th_year/3_Graduation_project/main_project/2-software/automotive_graduation_project/Embedded_Systems/Car_Control/Control_App" --include_path="C:/ti/codecomposer1260/ccs/tools/compiler/ti-cgt-arm_20.2.7.LTS/include" --define=ccs="ccs" --define=PART_TM4C123GH6PM -g --gcc --diag_warning=225 --diag_wrap=off --display_error_number --abi=eabi --preproc_with_compile --preproc_dependency="Uart_Driver/uart_PBcfg.d_raw" --obj_directory="Uart_Driver"  "../Uart_Driver/uart_PBcfg.c"
Finished building: "../Uart_Driver/uart_PBcfg.c"
 
Building file: "../control_driver/control_app.c"
Invoking: Arm Compiler
"C:/ti/codecomposer1260/ccs/tools/compiler/ti-cgt-arm_20.2.7.LTS/bin/armcl" -mv7M4 --code_state=16 --float_support=FPv4SPD16 -me --include_path="D:/4th_year/3_Graduation_project/main_project/2-software/automotive_graduation_project/Embedded_Systems/Car_Control/Control_App" --include_path="C:/ti/codecomposer1260/ccs/tools/compiler/ti-cgt-arm_20.2.7.LTS/include" --define=ccs="ccs" --define=PART_TM4C123GH6PM -g --gcc --diag_warning=225 --diag_wrap=off --display_error_number --abi=eabi --preproc_with_compile --preproc_dependency="control_driver/control_app.d_raw" --obj_directory="control_driver"  "../control_driver/control_app.c"
Finished building: "../control_driver/control_app.c"
 
Building target: "Control_App.out"
Invoking: Arm Linker
"C:/ti/codecomposer1260/ccs/tools/compiler/ti-cgt-arm_20.2.7.LTS/bin/armcl" -mv7M4 --code_state=16 --float_support=FPv4SPD16 -me --define=ccs="ccs" --define=PART_TM4C123GH6PM -g --gcc --diag_warning=225 --diag_wrap=off --display_error_number --abi=eabi -z -m"Control_App.map" --heap_size=0 --stack_size=512 -i"C:/ti/codecomposer1260/ccs/tools/compiler/ti-cgt-arm_20.2.7.LTS/lib" -i"C:/ti/codecomposer1260/ccs/tools/compiler/ti-cgt-arm_20.2.7.LTS/include" --reread_libs --diag_wrap=off --display_error_number --warn_sections --xml_link_info="Control_App_linkInfo.xml" --rom_model -o "Control_App.out" "./main.obj" "./Critical_Files/Det.obj" "./Critical_Files/tm4c123gh6pm_startup_ccs.obj" "./Dio_Driver/Dio.obj" "./Dio_Driver/Dio_PBcfg.obj" "./PWM_Driver/PWM.obj" "./Port_Driver/Port.obj" "./Port_Driver/Port_PBcfg.obj" "./Uart_Driver/uart.obj" "./Uart_Driver/uart_PBcfg.obj" "./control_driver/control_app.obj" "../tm4c123gh6pm.cmd"  -llibc.a 
<Linking>
Finished building target: "Control_App.out"
 

**** Build Finished ****

**** Build of configuration Debug for project Control_App ****

"C:\\ti\\codecomposer1260\\ccs\\utils\\bin\\gmake" -k -j 8 all -O 
 
gmake[1]: 'Control_App.out' is up to date.

**** Build Finished ****

**** Build of configuration Debug for project Control_App ****

"C:\\ti\\codecomposer1260\\ccs\\utils\\bin\\gmake" -k -j 8 all -O 
 
Building file: "../main.c"
Invoking: Arm Compiler
"C:/ti/codecomposer1260/ccs/tools/compiler/ti-cgt-arm_20.2.7.LTS/bin/armcl" -mv7M4 --code_state=16 --float_support=FPv4SPD16 -me --include_path="D:/4th_year/3_Graduation_project/main_project/2-software/automotive_graduation_project/Embedded_Systems/Car_Control/Control_App" --include_path="C:/ti/codecomposer1260/ccs/tools/compiler/ti-cgt-arm_20.2.7.LTS/include" --define=ccs="ccs" --define=PART_TM4C123GH6PM -g --gcc --diag_warning=225 --diag_wrap=off --display_error_number --abi=eabi --preproc_with_compile --preproc_dependency="main.d_raw"  "../main.c"
Finished building: "../main.c"
 
Building target: "Control_App.out"
Invoking: Arm Linker
"C:/ti/codecomposer1260/ccs/tools/compiler/ti-cgt-arm_20.2.7.LTS/bin/armcl" -mv7M4 --code_state=16 --float_support=FPv4SPD16 -me --define=ccs="ccs" --define=PART_TM4C123GH6PM -g --gcc --diag_warning=225 --diag_wrap=off --display_error_number --abi=eabi -z -m"Control_App.map" --heap_size=0 --stack_size=512 -i"C:/ti/codecomposer1260/ccs/tools/compiler/ti-cgt-arm_20.2.7.LTS/lib" -i"C:/ti/codecomposer1260/ccs/tools/compiler/ti-cgt-arm_20.2.7.LTS/include" --reread_libs --diag_wrap=off --display_error_number --warn_sections --xml_link_info="Control_App_linkInfo.xml" --rom_model -o "Control_App.out" "./main.obj" "./Critical_Files/Det.obj" "./Critical_Files/tm4c123gh6pm_startup_ccs.obj" "./Dio_Driver/Dio.obj" "./Dio_Driver/Dio_PBcfg.obj" "./PWM_Driver/PWM.obj" "./Port_Driver/Port.obj" "./Port_Driver/Port_PBcfg.obj" "./Uart_Driver/uart.obj" "./Uart_Driver/uart_PBcfg.obj" "./control_driver/control_app.obj" "../tm4c123gh6pm.cmd"  -llibc.a 
<Linking>
Finished building target: "Control_App.out"
 

**** Build Finished ****

**** Build of configuration Debug for project Control_App ****

"C:\\ti\\codecomposer1260\\ccs\\utils\\bin\\gmake" -k -j 8 all -O 
 
gmake[1]: 'Control_App.out' is up to date.

**** Build Finished ****

**** Build of configuration Debug for project Control_App ****

"C:\\ti\\codecomposer1260\\ccs\\utils\\bin\\gmake" -k -j 8 all -O 
 
Building file: "../main.c"
Invoking: Arm Compiler
"C:/ti/codecomposer1260/ccs/tools/compiler/ti-cgt-arm_20.2.7.LTS/bin/armcl" -mv7M4 --code_state=16 --float_support=FPv4SPD16 -me --include_path="D:/4th_year/3_Graduation_project/main_project/2-software/automotive_graduation_project/Embedded_Systems/Car_Control/Control_App" --include_path="C:/ti/codecomposer1260/ccs/tools/compiler/ti-cgt-arm_20.2.7.LTS/include" --define=ccs="ccs" --define=PART_TM4C123GH6PM -g --gcc --diag_warning=225 --diag_wrap=off --display_error_number --abi=eabi --preproc_with_compile --preproc_dependency="main.d_raw"  "../main.c"
Finished building: "../main.c"
 
Building target: "Control_App.out"
Invoking: Arm Linker
"C:/ti/codecomposer1260/ccs/tools/compiler/ti-cgt-arm_20.2.7.LTS/bin/armcl" -mv7M4 --code_state=16 --float_support=FPv4SPD16 -me --define=ccs="ccs" --define=PART_TM4C123GH6PM -g --gcc --diag_warning=225 --diag_wrap=off --display_error_number --abi=eabi -z -m"Control_App.map" --heap_size=0 --stack_size=512 -i"C:/ti/codecomposer1260/ccs/tools/compiler/ti-cgt-arm_20.2.7.LTS/lib" -i"C:/ti/codecomposer1260/ccs/tools/compiler/ti-cgt-arm_20.2.7.LTS/include" --reread_libs --diag_wrap=off --display_error_number --warn_sections --xml_link_info="Control_App_linkInfo.xml" --rom_model -o "Control_App.out" "./main.obj" "./Critical_Files/Det.obj" "./Critical_Files/tm4c123gh6pm_startup_ccs.obj" "./Dio_Driver/Dio.obj" "./Dio_Driver/Dio_PBcfg.obj" "./PWM_Driver/PWM.obj" "./Port_Driver/Port.obj" "./Port_Driver/Port_PBcfg.obj" "./Uart_Driver/uart.obj" "./Uart_Driver/uart_PBcfg.obj" "./control_driver/control_app.obj" "../tm4c123gh6pm.cmd"  -llibc.a 
<Linking>
Finished building target: "Control_App.out"
 

**** Build Finished ****

**** Build of configuration Debug for project Control_App ****

"C:\\ti\\codecomposer1260\\ccs\\utils\\bin\\gmake" -k -j 8 all -O 
 
Building file: "../main.c"
Invoking: Arm Compiler
"C:/ti/codecomposer1260/ccs/tools/compiler/ti-cgt-arm_20.2.7.LTS/bin/armcl" -mv7M4 --code_state=16 --float_support=FPv4SPD16 -me --include_path="D:/4th_year/3_Graduation_project/main_project/2-software/automotive_graduation_project/Embedded_Systems/Car_Control/Control_App" --include_path="C:/ti/codecomposer1260/ccs/tools/compiler/ti-cgt-arm_20.2.7.LTS/include" --define=ccs="ccs" --define=PART_TM4C123GH6PM -g --gcc --diag_warning=225 --diag_wrap=off --display_error_number --abi=eabi --preproc_with_compile --preproc_dependency="main.d_raw"  "../main.c"
Finished building: "../main.c"
 
Building target: "Control_App.out"
Invoking: Arm Linker
"C:/ti/codecomposer1260/ccs/tools/compiler/ti-cgt-arm_20.2.7.LTS/bin/armcl" -mv7M4 --code_state=16 --float_support=FPv4SPD16 -me --define=ccs="ccs" --define=PART_TM4C123GH6PM -g --gcc --diag_warning=225 --diag_wrap=off --display_error_number --abi=eabi -z -m"Control_App.map" --heap_size=0 --stack_size=512 -i"C:/ti/codecomposer1260/ccs/tools/compiler/ti-cgt-arm_20.2.7.LTS/lib" -i"C:/ti/codecomposer1260/ccs/tools/compiler/ti-cgt-arm_20.2.7.LTS/include" --reread_libs --diag_wrap=off --display_error_number --warn_sections --xml_link_info="Control_App_linkInfo.xml" --rom_model -o "Control_App.out" "./main.obj" "./Critical_Files/Det.obj" "./Critical_Files/tm4c123gh6pm_startup_ccs.obj" "./Dio_Driver/Dio.obj" "./Dio_Driver/Dio_PBcfg.obj" "./PWM_Driver/PWM.obj" "./Port_Driver/Port.obj" "./Port_Driver/Port_PBcfg.obj" "./Uart_Driver/uart.obj" "./Uart_Driver/uart_PBcfg.obj" "./control_driver/control_app.obj" "../tm4c123gh6pm.cmd"  -llibc.a 
<Linking>
Finished building target: "Control_App.out"
 

**** Build Finished ****

**** Build of configuration Debug for project Control_App ****

"C:\\ti\\codecomposer1260\\ccs\\utils\\bin\\gmake" -k -j 8 all -O 
 
Building file: "../main.c"
Invoking: Arm Compiler
"C:/ti/codecomposer1260/ccs/tools/compiler/ti-cgt-arm_20.2.7.LTS/bin/armcl" -mv7M4 --code_state=16 --float_support=FPv4SPD16 -me --include_path="D:/4th_year/3_Graduation_project/main_project/2-software/automotive_graduation_project/Embedded_Systems/Car_Control/Control_App" --include_path="C:/ti/codecomposer1260/ccs/tools/compiler/ti-cgt-arm_20.2.7.LTS/include" --define=ccs="ccs" --define=PART_TM4C123GH6PM -g --gcc --diag_warning=225 --diag_wrap=off --display_error_number --abi=eabi --preproc_with_compile --preproc_dependency="main.d_raw"  "../main.c"
Finished building: "../main.c"
 
Building target: "Control_App.out"
Invoking: Arm Linker
"C:/ti/codecomposer1260/ccs/tools/compiler/ti-cgt-arm_20.2.7.LTS/bin/armcl" -mv7M4 --code_state=16 --float_support=FPv4SPD16 -me --define=ccs="ccs" --define=PART_TM4C123GH6PM -g --gcc --diag_warning=225 --diag_wrap=off --display_error_number --abi=eabi -z -m"Control_App.map" --heap_size=0 --stack_size=512 -i"C:/ti/codecomposer1260/ccs/tools/compiler/ti-cgt-arm_20.2.7.LTS/lib" -i"C:/ti/codecomposer1260/ccs/tools/compiler/ti-cgt-arm_20.2.7.LTS/include" --reread_libs --diag_wrap=off --display_error_number --warn_sections --xml_link_info="Control_App_linkInfo.xml" --rom_model -o "Control_App.out" "./main.obj" "./Critical_Files/Det.obj" "./Critical_Files/tm4c123gh6pm_startup_ccs.obj" "./Dio_Driver/Dio.obj" "./Dio_Driver/Dio_PBcfg.obj" "./PWM_Driver/PWM.obj" "./Port_Driver/Port.obj" "./Port_Driver/Port_PBcfg.obj" "./Uart_Driver/uart.obj" "./Uart_Driver/uart_PBcfg.obj" "./control_driver/control_app.obj" "../tm4c123gh6pm.cmd"  -llibc.a 
<Linking>
Finished building target: "Control_App.out"
 

**** Build Finished ****

**** Build of configuration Debug for project Control_App ****

"C:\\ti\\codecomposer1260\\ccs\\utils\\bin\\gmake" -k -j 8 all -O 
 
gmake[1]: 'Control_App.out' is up to date.

**** Build Finished ****

**** Build of configuration Debug for project Control_App ****

"C:\\ti\\codecomposer1260\\ccs\\utils\\bin\\gmake" -k -j 8 all -O 
 
Building file: "../main.c"
Invoking: Arm Compiler
"C:/ti/codecomposer1260/ccs/tools/compiler/ti-cgt-arm_20.2.7.LTS/bin/armcl" -mv7M4 --code_state=16 --float_support=FPv4SPD16 -me --include_path="D:/4th_year/3_Graduation_project/main_project/2-software/automotive_graduation_project/Embedded_Systems/Car_Control/Control_App" --include_path="C:/ti/codecomposer1260/ccs/tools/compiler/ti-cgt-arm_20.2.7.LTS/include" --define=ccs="ccs" --define=PART_TM4C123GH6PM -g --gcc --diag_warning=225 --diag_wrap=off --display_error_number --abi=eabi --preproc_with_compile --preproc_dependency="main.d_raw"  "../main.c"
Finished building: "../main.c"
 
Building target: "Control_App.out"
Invoking: Arm Linker
"C:/ti/codecomposer1260/ccs/tools/compiler/ti-cgt-arm_20.2.7.LTS/bin/armcl" -mv7M4 --code_state=16 --float_support=FPv4SPD16 -me --define=ccs="ccs" --define=PART_TM4C123GH6PM -g --gcc --diag_warning=225 --diag_wrap=off --display_error_number --abi=eabi -z -m"Control_App.map" --heap_size=0 --stack_size=512 -i"C:/ti/codecomposer1260/ccs/tools/compiler/ti-cgt-arm_20.2.7.LTS/lib" -i"C:/ti/codecomposer1260/ccs/tools/compiler/ti-cgt-arm_20.2.7.LTS/include" --reread_libs --diag_wrap=off --display_error_number --warn_sections --xml_link_info="Control_App_linkInfo.xml" --rom_model -o "Control_App.out" "./main.obj" "./Critical_Files/Det.obj" "./Critical_Files/tm4c123gh6pm_startup_ccs.obj" "./Dio_Driver/Dio.obj" "./Dio_Driver/Dio_PBcfg.obj" "./PWM_Driver/PWM.obj" "./Port_Driver/Port.obj" "./Port_Driver/Port_PBcfg.obj" "./Uart_Driver/uart.obj" "./Uart_Driver/uart_PBcfg.obj" "./control_driver/control_app.obj" "../tm4c123gh6pm.cmd"  -llibc.a 
<Linking>
Finished building target: "Control_App.out"
 

**** Build Finished ****

**** Build of configuration Debug for project Control_App ****

"C:\\ti\\codecomposer1260\\ccs\\utils\\bin\\gmake" -k -j 8 all -O 
 
Building file: "../main.c"
Invoking: Arm Compiler
"C:/ti/codecomposer1260/ccs/tools/compiler/ti-cgt-arm_20.2.7.LTS/bin/armcl" -mv7M4 --code_state=16 --float_support=FPv4SPD16 -me --include_path="D:/4th_year/3_Graduation_project/main_project/2-software/automotive_graduation_project/Embedded_Systems/Car_Control/Control_App" --include_path="C:/ti/codecomposer1260/ccs/tools/compiler/ti-cgt-arm_20.2.7.LTS/include" --define=ccs="ccs" --define=PART_TM4C123GH6PM -g --gcc --diag_warning=225 --diag_wrap=off --display_error_number --abi=eabi --preproc_with_compile --preproc_dependency="main.d_raw"  "../main.c"
Finished building: "../main.c"
 
Building target: "Control_App.out"
Invoking: Arm Linker
"C:/ti/codecomposer1260/ccs/tools/compiler/ti-cgt-arm_20.2.7.LTS/bin/armcl" -mv7M4 --code_state=16 --float_support=FPv4SPD16 -me --define=ccs="ccs" --define=PART_TM4C123GH6PM -g --gcc --diag_warning=225 --diag_wrap=off --display_error_number --abi=eabi -z -m"Control_App.map" --heap_size=0 --stack_size=512 -i"C:/ti/codecomposer1260/ccs/tools/compiler/ti-cgt-arm_20.2.7.LTS/lib" -i"C:/ti/codecomposer1260/ccs/tools/compiler/ti-cgt-arm_20.2.7.LTS/include" --reread_libs --diag_wrap=off --display_error_number --warn_sections --xml_link_info="Control_App_linkInfo.xml" --rom_model -o "Control_App.out" "./main.obj" "./Critical_Files/Det.obj" "./Critical_Files/tm4c123gh6pm_startup_ccs.obj" "./Dio_Driver/Dio.obj" "./Dio_Driver/Dio_PBcfg.obj" "./PWM_Driver/PWM.obj" "./Port_Driver/Port.obj" "./Port_Driver/Port_PBcfg.obj" "./Uart_Driver/uart.obj" "./Uart_Driver/uart_PBcfg.obj" "./control_driver/control_app.obj" "../tm4c123gh6pm.cmd"  -llibc.a 
<Linking>
Finished building target: "Control_App.out"
 

**** Build Finished ****

**** Build of configuration Debug for project Control_App ****

"C:\\ti\\codecomposer1260\\ccs\\utils\\bin\\gmake" -k -j 8 all -O 
 
Building file: "../main.c"
Invoking: Arm Compiler
"C:/ti/codecomposer1260/ccs/tools/compiler/ti-cgt-arm_20.2.7.LTS/bin/armcl" -mv7M4 --code_state=16 --float_support=FPv4SPD16 -me --include_path="D:/4th_year/3_Graduation_project/main_project/2-software/automotive_graduation_project/Embedded_Systems/Car_Control/Control_App" --include_path="C:/ti/codecomposer1260/ccs/tools/compiler/ti-cgt-arm_20.2.7.LTS/include" --define=ccs="ccs" --define=PART_TM4C123GH6PM -g --gcc --diag_warning=225 --diag_wrap=off --display_error_number --abi=eabi --preproc_with_compile --preproc_dependency="main.d_raw"  "../main.c"
Finished building: "../main.c"
 
Building target: "Control_App.out"
Invoking: Arm Linker
"C:/ti/codecomposer1260/ccs/tools/compiler/ti-cgt-arm_20.2.7.LTS/bin/armcl" -mv7M4 --code_state=16 --float_support=FPv4SPD16 -me --define=ccs="ccs" --define=PART_TM4C123GH6PM -g --gcc --diag_warning=225 --diag_wrap=off --display_error_number --abi=eabi -z -m"Control_App.map" --heap_size=0 --stack_size=512 -i"C:/ti/codecomposer1260/ccs/tools/compiler/ti-cgt-arm_20.2.7.LTS/lib" -i"C:/ti/codecomposer1260/ccs/tools/compiler/ti-cgt-arm_20.2.7.LTS/include" --reread_libs --diag_wrap=off --display_error_number --warn_sections --xml_link_info="Control_App_linkInfo.xml" --rom_model -o "Control_App.out" "./main.obj" "./Critical_Files/Det.obj" "./Critical_Files/tm4c123gh6pm_startup_ccs.obj" "./Dio_Driver/Dio.obj" "./Dio_Driver/Dio_PBcfg.obj" "./PWM_Driver/PWM.obj" "./Port_Driver/Port.obj" "./Port_Driver/Port_PBcfg.obj" "./Uart_Driver/uart.obj" "./Uart_Driver/uart_PBcfg.obj" "./control_driver/control_app.obj" "../tm4c123gh6pm.cmd"  -llibc.a 
<Linking>
Finished building target: "Control_App.out"
 

**** Build Finished ****

**** Build of configuration Debug for project Control_App ****

"C:\\ti\\codecomposer1260\\ccs\\utils\\bin\\gmake" -k -j 8 all -O 
 
gmake[1]: 'Control_App.out' is up to date.

**** Build Finished ****

**** Build of configuration Debug for project Control_App ****

"C:\\ti\\codecomposer1260\\ccs\\utils\\bin\\gmake" -k -j 8 all -O 
 
Building file: "../main.c"
Invoking: Arm Compiler
"C:/ti/codecomposer1260/ccs/tools/compiler/ti-cgt-arm_20.2.7.LTS/bin/armcl" -mv7M4 --code_state=16 --float_support=FPv4SPD16 -me --include_path="D:/4th_year/3_Graduation_project/main_project/2-software/automotive_graduation_project/Embedded_Systems/Car_Control/Control_App" --include_path="C:/ti/codecomposer1260/ccs/tools/compiler/ti-cgt-arm_20.2.7.LTS/include" --define=ccs="ccs" --define=PART_TM4C123GH6PM -g --gcc --diag_warning=225 --diag_wrap=off --display_error_number --abi=eabi --preproc_with_compile --preproc_dependency="main.d_raw"  "../main.c"
Finished building: "../main.c"
 
Building target: "Control_App.out"
Invoking: Arm Linker
"C:/ti/codecomposer1260/ccs/tools/compiler/ti-cgt-arm_20.2.7.LTS/bin/armcl" -mv7M4 --code_state=16 --float_support=FPv4SPD16 -me --define=ccs="ccs" --define=PART_TM4C123GH6PM -g --gcc --diag_warning=225 --diag_wrap=off --display_error_number --abi=eabi -z -m"Control_App.map" --heap_size=0 --stack_size=512 -i"C:/ti/codecomposer1260/ccs/tools/compiler/ti-cgt-arm_20.2.7.LTS/lib" -i"C:/ti/codecomposer1260/ccs/tools/compiler/ti-cgt-arm_20.2.7.LTS/include" --reread_libs --diag_wrap=off --display_error_number --warn_sections --xml_link_info="Control_App_linkInfo.xml" --rom_model -o "Control_App.out" "./main.obj" "./Critical_Files/Det.obj" "./Critical_Files/tm4c123gh6pm_startup_ccs.obj" "./Dio_Driver/Dio.obj" "./Dio_Driver/Dio_PBcfg.obj" "./PWM_Driver/PWM.obj" "./Port_Driver/Port.obj" "./Port_Driver/Port_PBcfg.obj" "./Uart_Driver/uart.obj" "./Uart_Driver/uart_PBcfg.obj" "./control_driver/control_app.obj" "../tm4c123gh6pm.cmd"  -llibc.a 
<Linking>
Finished building target: "Control_App.out"
 

**** Build Finished ****

**** Build of configuration Debug for project Control_App ****

"C:\\ti\\codecomposer1260\\ccs\\utils\\bin\\gmake" -k -j 8 all -O 
 
gmake[1]: 'Control_App.out' is up to date.

**** Build Finished ****

**** Build of configuration Debug for project Control_App ****

"C:\\ti\\codecomposer1260\\ccs\\utils\\bin\\gmake" -k -j 8 all -O 
 
gmake[1]: 'Control_App.out' is up to date.

**** Build Finished ****

**** Build of configuration Debug for project Control_App ****

"C:\\ti\\codecomposer1260\\ccs\\utils\\bin\\gmake" -k -j 8 all -O 
 
Building file: "../main.c"
Invoking: Arm Compiler
"C:/ti/codecomposer1260/ccs/tools/compiler/ti-cgt-arm_20.2.7.LTS/bin/armcl" -mv7M4 --code_state=16 --float_support=FPv4SPD16 -me --include_path="D:/4th_year/3_Graduation_project/main_project/2-software/automotive_graduation_project/Embedded_Systems/Car_Control/Control_App" --include_path="C:/ti/codecomposer1260/ccs/tools/compiler/ti-cgt-arm_20.2.7.LTS/include" --define=ccs="ccs" --define=PART_TM4C123GH6PM -g --gcc --diag_warning=225 --diag_wrap=off --display_error_number --abi=eabi --preproc_with_compile --preproc_dependency="main.d_raw"  "../main.c"
Finished building: "../main.c"
 
Building target: "Control_App.out"
Invoking: Arm Linker
"C:/ti/codecomposer1260/ccs/tools/compiler/ti-cgt-arm_20.2.7.LTS/bin/armcl" -mv7M4 --code_state=16 --float_support=FPv4SPD16 -me --define=ccs="ccs" --define=PART_TM4C123GH6PM -g --gcc --diag_warning=225 --diag_wrap=off --display_error_number --abi=eabi -z -m"Control_App.map" --heap_size=0 --stack_size=512 -i"C:/ti/codecomposer1260/ccs/tools/compiler/ti-cgt-arm_20.2.7.LTS/lib" -i"C:/ti/codecomposer1260/ccs/tools/compiler/ti-cgt-arm_20.2.7.LTS/include" --reread_libs --diag_wrap=off --display_error_number --warn_sections --xml_link_info="Control_App_linkInfo.xml" --rom_model -o "Control_App.out" "./main.obj" "./Critical_Files/Det.obj" "./Critical_Files/tm4c123gh6pm_startup_ccs.obj" "./Dio_Driver/Dio.obj" "./Dio_Driver/Dio_PBcfg.obj" "./PWM_Driver/PWM.obj" "./Port_Driver/Port.obj" "./Port_Driver/Port_PBcfg.obj" "./Uart_Driver/uart.obj" "./Uart_Driver/uart_PBcfg.obj" "./control_driver/control_app.obj" "../tm4c123gh6pm.cmd"  -llibc.a 
<Linking>
Finished building target: "Control_App.out"
 

**** Build Finished ****

**** Build of configuration Debug for project Control_App ****

"C:\\ti\\codecomposer1260\\ccs\\utils\\bin\\gmake" -k -j 8 all -O 
 
gmake[1]: 'Control_App.out' is up to date.

**** Build Finished ****

**** Build of configuration Debug for project Control_App ****

"C:\\ti\\codecomposer1260\\ccs\\utils\\bin\\gmake" -k -j 8 all -O 
 
Building file: "../main.c"
Invoking: Arm Compiler
"C:/ti/codecomposer1260/ccs/tools/compiler/ti-cgt-arm_20.2.7.LTS/bin/armcl" -mv7M4 --code_state=16 --float_support=FPv4SPD16 -me --include_path="D:/4th_year/3_Graduation_project/main_project/2-software/automotive_graduation_project/Embedded_Systems/Car_Control/Control_App" --include_path="C:/ti/codecomposer1260/ccs/tools/compiler/ti-cgt-arm_20.2.7.LTS/include" --define=ccs="ccs" --define=PART_TM4C123GH6PM -g --gcc --diag_warning=225 --diag_wrap=off --display_error_number --abi=eabi --preproc_with_compile --preproc_dependency="main.d_raw"  "../main.c"
Finished building: "../main.c"
 
Building file: "../PWM_Driver/PWM.c"
Invoking: Arm Compiler
"C:/ti/codecomposer1260/ccs/tools/compiler/ti-cgt-arm_20.2.7.LTS/bin/armcl" -mv7M4 --code_state=16 --float_support=FPv4SPD16 -me --include_path="D:/4th_year/3_Graduation_project/main_project/2-software/automotive_graduation_project/Embedded_Systems/Car_Control/Control_App" --include_path="C:/ti/codecomposer1260/ccs/tools/compiler/ti-cgt-arm_20.2.7.LTS/include" --define=ccs="ccs" --define=PART_TM4C123GH6PM -g --gcc --diag_warning=225 --diag_wrap=off --display_error_number --abi=eabi --preproc_with_compile --preproc_dependency="PWM_Driver/PWM.d_raw" --obj_directory="PWM_Driver"  "../PWM_Driver/PWM.c"
Finished building: "../PWM_Driver/PWM.c"
 
Building target: "Control_App.out"
Invoking: Arm Linker
"C:/ti/codecomposer1260/ccs/tools/compiler/ti-cgt-arm_20.2.7.LTS/bin/armcl" -mv7M4 --code_state=16 --float_support=FPv4SPD16 -me --define=ccs="ccs" --define=PART_TM4C123GH6PM -g --gcc --diag_warning=225 --diag_wrap=off --display_error_number --abi=eabi -z -m"Control_App.map" --heap_size=0 --stack_size=512 -i"C:/ti/codecomposer1260/ccs/tools/compiler/ti-cgt-arm_20.2.7.LTS/lib" -i"C:/ti/codecomposer1260/ccs/tools/compiler/ti-cgt-arm_20.2.7.LTS/include" --reread_libs --diag_wrap=off --display_error_number --warn_sections --xml_link_info="Control_App_linkInfo.xml" --rom_model -o "Control_App.out" "./main.obj" "./Critical_Files/Det.obj" "./Critical_Files/tm4c123gh6pm_startup_ccs.obj" "./Dio_Driver/Dio.obj" "./Dio_Driver/Dio_PBcfg.obj" "./PWM_Driver/PWM.obj" "./Port_Driver/Port.obj" "./Port_Driver/Port_PBcfg.obj" "./Uart_Driver/uart.obj" "./Uart_Driver/uart_PBcfg.obj" "./control_driver/control_app.obj" "../tm4c123gh6pm.cmd"  -llibc.a 
<Linking>
Finished building target: "Control_App.out"
 

**** Build Finished ****

**** Build of configuration Debug for project Control_App ****

"C:\\ti\\codecomposer1260\\ccs\\utils\\bin\\gmake" -k -j 8 all -O 
 
Building file: "../main.c"
Invoking: Arm Compiler
"C:/ti/codecomposer1260/ccs/tools/compiler/ti-cgt-arm_20.2.7.LTS/bin/armcl" -mv7M4 --code_state=16 --float_support=FPv4SPD16 -me --include_path="D:/4th_year/3_Graduation_project/main_project/2-software/automotive_graduation_project/Embedded_Systems/Car_Control/Control_App" --include_path="C:/ti/codecomposer1260/ccs/tools/compiler/ti-cgt-arm_20.2.7.LTS/include" --define=ccs="ccs" --define=PART_TM4C123GH6PM -g --gcc --diag_warning=225 --diag_wrap=off --display_error_number --abi=eabi --preproc_with_compile --preproc_dependency="main.d_raw"  "../main.c"
Finished building: "../main.c"
 
Building target: "Control_App.out"
Invoking: Arm Linker
"C:/ti/codecomposer1260/ccs/tools/compiler/ti-cgt-arm_20.2.7.LTS/bin/armcl" -mv7M4 --code_state=16 --float_support=FPv4SPD16 -me --define=ccs="ccs" --define=PART_TM4C123GH6PM -g --gcc --diag_warning=225 --diag_wrap=off --display_error_number --abi=eabi -z -m"Control_App.map" --heap_size=0 --stack_size=512 -i"C:/ti/codecomposer1260/ccs/tools/compiler/ti-cgt-arm_20.2.7.LTS/lib" -i"C:/ti/codecomposer1260/ccs/tools/compiler/ti-cgt-arm_20.2.7.LTS/include" --reread_libs --diag_wrap=off --display_error_number --warn_sections --xml_link_info="Control_App_linkInfo.xml" --rom_model -o "Control_App.out" "./main.obj" "./Critical_Files/Det.obj" "./Critical_Files/tm4c123gh6pm_startup_ccs.obj" "./Dio_Driver/Dio.obj" "./Dio_Driver/Dio_PBcfg.obj" "./PWM_Driver/PWM.obj" "./Port_Driver/Port.obj" "./Port_Driver/Port_PBcfg.obj" "./Uart_Driver/uart.obj" "./Uart_Driver/uart_PBcfg.obj" "./control_driver/control_app.obj" "../tm4c123gh6pm.cmd"  -llibc.a 
<Linking>
Finished building target: "Control_App.out"
 

**** Build Finished ****

**** Build of configuration Debug for project Control_App ****

"C:\\ti\\codecomposer1260\\ccs\\utils\\bin\\gmake" -k -j 8 all -O 
 
gmake[1]: 'Control_App.out' is up to date.

**** Build Finished ****

**** Build of configuration Debug for project Control_App ****

"C:\\ti\\codecomposer1260\\ccs\\utils\\bin\\gmake" -k -j 8 all -O 
 
Building file: "../main.c"
Invoking: Arm Compiler
"C:/ti/codecomposer1260/ccs/tools/compiler/ti-cgt-arm_20.2.7.LTS/bin/armcl" -mv7M4 --code_state=16 --float_support=FPv4SPD16 -me --include_path="D:/4th_year/3_Graduation_project/main_project/2-software/automotive_graduation_project/Embedded_Systems/Car_Control/Control_App" --include_path="C:/ti/codecomposer1260/ccs/tools/compiler/ti-cgt-arm_20.2.7.LTS/include" --define=ccs="ccs" --define=PART_TM4C123GH6PM -g --gcc --diag_warning=225 --diag_wrap=off --display_error_number --abi=eabi --preproc_with_compile --preproc_dependency="main.d_raw"  "../main.c"
Finished building: "../main.c"
 
Building target: "Control_App.out"
Invoking: Arm Linker
"C:/ti/codecomposer1260/ccs/tools/compiler/ti-cgt-arm_20.2.7.LTS/bin/armcl" -mv7M4 --code_state=16 --float_support=FPv4SPD16 -me --define=ccs="ccs" --define=PART_TM4C123GH6PM -g --gcc --diag_warning=225 --diag_wrap=off --display_error_number --abi=eabi -z -m"Control_App.map" --heap_size=0 --stack_size=512 -i"C:/ti/codecomposer1260/ccs/tools/compiler/ti-cgt-arm_20.2.7.LTS/lib" -i"C:/ti/codecomposer1260/ccs/tools/compiler/ti-cgt-arm_20.2.7.LTS/include" --reread_libs --diag_wrap=off --display_error_number --warn_sections --xml_link_info="Control_App_linkInfo.xml" --rom_model -o "Control_App.out" "./main.obj" "./Critical_Files/Det.obj" "./Critical_Files/tm4c123gh6pm_startup_ccs.obj" "./Dio_Driver/Dio.obj" "./Dio_Driver/Dio_PBcfg.obj" "./PWM_Driver/PWM.obj" "./Port_Driver/Port.obj" "./Port_Driver/Port_PBcfg.obj" "./Uart_Driver/uart.obj" "./Uart_Driver/uart_PBcfg.obj" "./control_driver/control_app.obj" "../tm4c123gh6pm.cmd"  -llibc.a 
<Linking>
Finished building target: "Control_App.out"
 

**** Build Finished ****

**** Build of configuration Debug for project Control_App ****

"C:\\ti\\codecomposer1260\\ccs\\utils\\bin\\gmake" -k -j 8 all -O 
 
Building file: "../main.c"
Invoking: Arm Compiler
"C:/ti/codecomposer1260/ccs/tools/compiler/ti-cgt-arm_20.2.7.LTS/bin/armcl" -mv7M4 --code_state=16 --float_support=FPv4SPD16 -me --include_path="D:/4th_year/3_Graduation_project/main_project/2-software/automotive_graduation_project/Embedded_Systems/Car_Control/Control_App" --include_path="C:/ti/codecomposer1260/ccs/tools/compiler/ti-cgt-arm_20.2.7.LTS/include" --define=ccs="ccs" --define=PART_TM4C123GH6PM -g --gcc --diag_warning=225 --diag_wrap=off --display_error_number --abi=eabi --preproc_with_compile --preproc_dependency="main.d_raw"  "../main.c"
Finished building: "../main.c"
 
Building target: "Control_App.out"
Invoking: Arm Linker
"C:/ti/codecomposer1260/ccs/tools/compiler/ti-cgt-arm_20.2.7.LTS/bin/armcl" -mv7M4 --code_state=16 --float_support=FPv4SPD16 -me --define=ccs="ccs" --define=PART_TM4C123GH6PM -g --gcc --diag_warning=225 --diag_wrap=off --display_error_number --abi=eabi -z -m"Control_App.map" --heap_size=0 --stack_size=512 -i"C:/ti/codecomposer1260/ccs/tools/compiler/ti-cgt-arm_20.2.7.LTS/lib" -i"C:/ti/codecomposer1260/ccs/tools/compiler/ti-cgt-arm_20.2.7.LTS/include" --reread_libs --diag_wrap=off --display_error_number --warn_sections --xml_link_info="Control_App_linkInfo.xml" --rom_model -o "Control_App.out" "./main.obj" "./Critical_Files/Det.obj" "./Critical_Files/tm4c123gh6pm_startup_ccs.obj" "./Dio_Driver/Dio.obj" "./Dio_Driver/Dio_PBcfg.obj" "./PWM_Driver/PWM.obj" "./Port_Driver/Port.obj" "./Port_Driver/Port_PBcfg.obj" "./Uart_Driver/uart.obj" "./Uart_Driver/uart_PBcfg.obj" "./control_driver/control_app.obj" "../tm4c123gh6pm.cmd"  -llibc.a 
<Linking>
Finished building target: "Control_App.out"
 

**** Build Finished ****

**** Build of configuration Debug for project Control_App ****

"C:\\ti\\codecomposer1260\\ccs\\utils\\bin\\gmake" -k -j 8 all -O 
 
Building file: "../main.c"
Invoking: Arm Compiler
"C:/ti/codecomposer1260/ccs/tools/compiler/ti-cgt-arm_20.2.7.LTS/bin/armcl" -mv7M4 --code_state=16 --float_support=FPv4SPD16 -me --include_path="D:/4th_year/3_Graduation_project/main_project/2-software/automotive_graduation_project/Embedded_Systems/Car_Control/Control_App" --include_path="C:/ti/codecomposer1260/ccs/tools/compiler/ti-cgt-arm_20.2.7.LTS/include" --define=ccs="ccs" --define=PART_TM4C123GH6PM -g --gcc --diag_warning=225 --diag_wrap=off --display_error_number --abi=eabi --preproc_with_compile --preproc_dependency="main.d_raw"  "../main.c"
Finished building: "../main.c"
 
Building target: "Control_App.out"
Invoking: Arm Linker
"C:/ti/codecomposer1260/ccs/tools/compiler/ti-cgt-arm_20.2.7.LTS/bin/armcl" -mv7M4 --code_state=16 --float_support=FPv4SPD16 -me --define=ccs="ccs" --define=PART_TM4C123GH6PM -g --gcc --diag_warning=225 --diag_wrap=off --display_error_number --abi=eabi -z -m"Control_App.map" --heap_size=0 --stack_size=512 -i"C:/ti/codecomposer1260/ccs/tools/compiler/ti-cgt-arm_20.2.7.LTS/lib" -i"C:/ti/codecomposer1260/ccs/tools/compiler/ti-cgt-arm_20.2.7.LTS/include" --reread_libs --diag_wrap=off --display_error_number --warn_sections --xml_link_info="Control_App_linkInfo.xml" --rom_model -o "Control_App.out" "./main.obj" "./Critical_Files/Det.obj" "./Critical_Files/tm4c123gh6pm_startup_ccs.obj" "./Dio_Driver/Dio.obj" "./Dio_Driver/Dio_PBcfg.obj" "./PWM_Driver/PWM.obj" "./Port_Driver/Port.obj" "./Port_Driver/Port_PBcfg.obj" "./Uart_Driver/uart.obj" "./Uart_Driver/uart_PBcfg.obj" "./control_driver/control_app.obj" "../tm4c123gh6pm.cmd"  -llibc.a 
<Linking>
Finished building target: "Control_App.out"
 

**** Build Finished ****

**** Build of configuration Debug for project Control_App ****

"C:\\ti\\codecomposer1260\\ccs\\utils\\bin\\gmake" -k -j 8 all -O 
 
Building file: "../main.c"
Invoking: Arm Compiler
"C:/ti/codecomposer1260/ccs/tools/compiler/ti-cgt-arm_20.2.7.LTS/bin/armcl" -mv7M4 --code_state=16 --float_support=FPv4SPD16 -me --include_path="D:/4th_year/3_Graduation_project/main_project/2-software/automotive_graduation_project/Embedded_Systems/Car_Control/Control_App" --include_path="C:/ti/codecomposer1260/ccs/tools/compiler/ti-cgt-arm_20.2.7.LTS/include" --define=ccs="ccs" --define=PART_TM4C123GH6PM -g --gcc --diag_warning=225 --diag_wrap=off --display_error_number --abi=eabi --preproc_with_compile --preproc_dependency="main.d_raw"  "../main.c"
Finished building: "../main.c"
 
Building target: "Control_App.out"
Invoking: Arm Linker
"C:/ti/codecomposer1260/ccs/tools/compiler/ti-cgt-arm_20.2.7.LTS/bin/armcl" -mv7M4 --code_state=16 --float_support=FPv4SPD16 -me --define=ccs="ccs" --define=PART_TM4C123GH6PM -g --gcc --diag_warning=225 --diag_wrap=off --display_error_number --abi=eabi -z -m"Control_App.map" --heap_size=0 --stack_size=512 -i"C:/ti/codecomposer1260/ccs/tools/compiler/ti-cgt-arm_20.2.7.LTS/lib" -i"C:/ti/codecomposer1260/ccs/tools/compiler/ti-cgt-arm_20.2.7.LTS/include" --reread_libs --diag_wrap=off --display_error_number --warn_sections --xml_link_info="Control_App_linkInfo.xml" --rom_model -o "Control_App.out" "./main.obj" "./Critical_Files/Det.obj" "./Critical_Files/tm4c123gh6pm_startup_ccs.obj" "./Dio_Driver/Dio.obj" "./Dio_Driver/Dio_PBcfg.obj" "./PWM_Driver/PWM.obj" "./Port_Driver/Port.obj" "./Port_Driver/Port_PBcfg.obj" "./Uart_Driver/uart.obj" "./Uart_Driver/uart_PBcfg.obj" "./control_driver/control_app.obj" "../tm4c123gh6pm.cmd"  -llibc.a 
<Linking>
Finished building target: "Control_App.out"
 

**** Build Finished ****

**** Build of configuration Debug for project Control_App ****

"C:\\ti\\codecomposer1260\\ccs\\utils\\bin\\gmake" -k -j 8 all -O 
 
Building file: "../PWM_Driver/PWM.c"
Invoking: Arm Compiler
"C:/ti/codecomposer1260/ccs/tools/compiler/ti-cgt-arm_20.2.7.LTS/bin/armcl" -mv7M4 --code_state=16 --float_support=FPv4SPD16 -me --include_path="D:/4th_year/3_Graduation_project/main_project/2-software/automotive_graduation_project/Embedded_Systems/Car_Control/Control_App" --include_path="C:/ti/codecomposer1260/ccs/tools/compiler/ti-cgt-arm_20.2.7.LTS/include" --define=ccs="ccs" --define=PART_TM4C123GH6PM -g --gcc --diag_warning=225 --diag_wrap=off --display_error_number --abi=eabi --preproc_with_compile --preproc_dependency="PWM_Driver/PWM.d_raw" --obj_directory="PWM_Driver"  "../PWM_Driver/PWM.c"
Finished building: "../PWM_Driver/PWM.c"
 
Building target: "Control_App.out"
Invoking: Arm Linker
"C:/ti/codecomposer1260/ccs/tools/compiler/ti-cgt-arm_20.2.7.LTS/bin/armcl" -mv7M4 --code_state=16 --float_support=FPv4SPD16 -me --define=ccs="ccs" --define=PART_TM4C123GH6PM -g --gcc --diag_warning=225 --diag_wrap=off --display_error_number --abi=eabi -z -m"Control_App.map" --heap_size=0 --stack_size=512 -i"C:/ti/codecomposer1260/ccs/tools/compiler/ti-cgt-arm_20.2.7.LTS/lib" -i"C:/ti/codecomposer1260/ccs/tools/compiler/ti-cgt-arm_20.2.7.LTS/include" --reread_libs --diag_wrap=off --display_error_number --warn_sections --xml_link_info="Control_App_linkInfo.xml" --rom_model -o "Control_App.out" "./main.obj" "./Critical_Files/Det.obj" "./Critical_Files/tm4c123gh6pm_startup_ccs.obj" "./Dio_Driver/Dio.obj" "./Dio_Driver/Dio_PBcfg.obj" "./PWM_Driver/PWM.obj" "./Port_Driver/Port.obj" "./Port_Driver/Port_PBcfg.obj" "./Uart_Driver/uart.obj" "./Uart_Driver/uart_PBcfg.obj" "./control_driver/control_app.obj" "../tm4c123gh6pm.cmd"  -llibc.a 
<Linking>
Finished building target: "Control_App.out"
 

**** Build Finished ****

**** Build of configuration Debug for project Control_App ****

"C:\\ti\\codecomposer1260\\ccs\\utils\\bin\\gmake" -k -j 8 all -O 
 
Building file: "../main.c"
Invoking: Arm Compiler
"C:/ti/codecomposer1260/ccs/tools/compiler/ti-cgt-arm_20.2.7.LTS/bin/armcl" -mv7M4 --code_state=16 --float_support=FPv4SPD16 -me --include_path="D:/4th_year/3_Graduation_project/main_project/2-software/automotive_graduation_project/Embedded_Systems/Car_Control/Control_App" --include_path="C:/ti/codecomposer1260/ccs/tools/compiler/ti-cgt-arm_20.2.7.LTS/include" --define=ccs="ccs" --define=PART_TM4C123GH6PM -g --gcc --diag_warning=225 --diag_wrap=off --display_error_number --abi=eabi --preproc_with_compile --preproc_dependency="main.d_raw"  "../main.c"
Finished building: "../main.c"
 
Building target: "Control_App.out"
Invoking: Arm Linker
"C:/ti/codecomposer1260/ccs/tools/compiler/ti-cgt-arm_20.2.7.LTS/bin/armcl" -mv7M4 --code_state=16 --float_support=FPv4SPD16 -me --define=ccs="ccs" --define=PART_TM4C123GH6PM -g --gcc --diag_warning=225 --diag_wrap=off --display_error_number --abi=eabi -z -m"Control_App.map" --heap_size=0 --stack_size=512 -i"C:/ti/codecomposer1260/ccs/tools/compiler/ti-cgt-arm_20.2.7.LTS/lib" -i"C:/ti/codecomposer1260/ccs/tools/compiler/ti-cgt-arm_20.2.7.LTS/include" --reread_libs --diag_wrap=off --display_error_number --warn_sections --xml_link_info="Control_App_linkInfo.xml" --rom_model -o "Control_App.out" "./main.obj" "./Critical_Files/Det.obj" "./Critical_Files/tm4c123gh6pm_startup_ccs.obj" "./Dio_Driver/Dio.obj" "./Dio_Driver/Dio_PBcfg.obj" "./PWM_Driver/PWM.obj" "./Port_Driver/Port.obj" "./Port_Driver/Port_PBcfg.obj" "./Uart_Driver/uart.obj" "./Uart_Driver/uart_PBcfg.obj" "./control_driver/control_app.obj" "../tm4c123gh6pm.cmd"  -llibc.a 
<Linking>
Finished building target: "Control_App.out"
 

**** Build Finished ****

**** Build of configuration Debug for project Control_App ****

"C:\\ti\\codecomposer1260\\ccs\\utils\\bin\\gmake" -k -j 8 all -O 
 
Building file: "../main.c"
Invoking: Arm Compiler
"C:/ti/codecomposer1260/ccs/tools/compiler/ti-cgt-arm_20.2.7.LTS/bin/armcl" -mv7M4 --code_state=16 --float_support=FPv4SPD16 -me --include_path="D:/4th_year/3_Graduation_project/main_project/2-software/automotive_graduation_project/Embedded_Systems/Car_Control/Control_App" --include_path="C:/ti/codecomposer1260/ccs/tools/compiler/ti-cgt-arm_20.2.7.LTS/include" --define=ccs="ccs" --define=PART_TM4C123GH6PM -g --gcc --diag_warning=225 --diag_wrap=off --display_error_number --abi=eabi --preproc_with_compile --preproc_dependency="main.d_raw"  "../main.c"
Finished building: "../main.c"
 
Building target: "Control_App.out"
Invoking: Arm Linker
"C:/ti/codecomposer1260/ccs/tools/compiler/ti-cgt-arm_20.2.7.LTS/bin/armcl" -mv7M4 --code_state=16 --float_support=FPv4SPD16 -me --define=ccs="ccs" --define=PART_TM4C123GH6PM -g --gcc --diag_warning=225 --diag_wrap=off --display_error_number --abi=eabi -z -m"Control_App.map" --heap_size=0 --stack_size=512 -i"C:/ti/codecomposer1260/ccs/tools/compiler/ti-cgt-arm_20.2.7.LTS/lib" -i"C:/ti/codecomposer1260/ccs/tools/compiler/ti-cgt-arm_20.2.7.LTS/include" --reread_libs --diag_wrap=off --display_error_number --warn_sections --xml_link_info="Control_App_linkInfo.xml" --rom_model -o "Control_App.out" "./main.obj" "./Critical_Files/Det.obj" "./Critical_Files/tm4c123gh6pm_startup_ccs.obj" "./Dio_Driver/Dio.obj" "./Dio_Driver/Dio_PBcfg.obj" "./PWM_Driver/PWM.obj" "./Port_Driver/Port.obj" "./Port_Driver/Port_PBcfg.obj" "./Uart_Driver/uart.obj" "./Uart_Driver/uart_PBcfg.obj" "./control_driver/control_app.obj" "../tm4c123gh6pm.cmd"  -llibc.a 
<Linking>
Finished building target: "Control_App.out"
 

**** Build Finished ****

**** Build of configuration Debug for project Control_App ****

"C:\\ti\\codecomposer1260\\ccs\\utils\\bin\\gmake" -k -j 8 all -O 
 
Building file: "../main.c"
Invoking: Arm Compiler
"C:/ti/codecomposer1260/ccs/tools/compiler/ti-cgt-arm_20.2.7.LTS/bin/armcl" -mv7M4 --code_state=16 --float_support=FPv4SPD16 -me --include_path="D:/4th_year/3_Graduation_project/main_project/2-software/automotive_graduation_project/Embedded_Systems/Car_Control/Control_App" --include_path="C:/ti/codecomposer1260/ccs/tools/compiler/ti-cgt-arm_20.2.7.LTS/include" --define=ccs="ccs" --define=PART_TM4C123GH6PM -g --gcc --diag_warning=225 --diag_wrap=off --display_error_number --abi=eabi --preproc_with_compile --preproc_dependency="main.d_raw"  "../main.c"
Finished building: "../main.c"
 
Building target: "Control_App.out"
Invoking: Arm Linker
"C:/ti/codecomposer1260/ccs/tools/compiler/ti-cgt-arm_20.2.7.LTS/bin/armcl" -mv7M4 --code_state=16 --float_support=FPv4SPD16 -me --define=ccs="ccs" --define=PART_TM4C123GH6PM -g --gcc --diag_warning=225 --diag_wrap=off --display_error_number --abi=eabi -z -m"Control_App.map" --heap_size=0 --stack_size=512 -i"C:/ti/codecomposer1260/ccs/tools/compiler/ti-cgt-arm_20.2.7.LTS/lib" -i"C:/ti/codecomposer1260/ccs/tools/compiler/ti-cgt-arm_20.2.7.LTS/include" --reread_libs --diag_wrap=off --display_error_number --warn_sections --xml_link_info="Control_App_linkInfo.xml" --rom_model -o "Control_App.out" "./main.obj" "./Critical_Files/Det.obj" "./Critical_Files/tm4c123gh6pm_startup_ccs.obj" "./Dio_Driver/Dio.obj" "./Dio_Driver/Dio_PBcfg.obj" "./PWM_Driver/PWM.obj" "./Port_Driver/Port.obj" "./Port_Driver/Port_PBcfg.obj" "./Uart_Driver/uart.obj" "./Uart_Driver/uart_PBcfg.obj" "./control_driver/control_app.obj" "../tm4c123gh6pm.cmd"  -llibc.a 
<Linking>
Finished building target: "Control_App.out"
 

**** Build Finished ****

**** Build of configuration Debug for project Control_App ****

"C:\\ti\\codecomposer1260\\ccs\\utils\\bin\\gmake" -k -j 8 all -O 
 
Building file: "../main.c"
Invoking: Arm Compiler
"C:/ti/codecomposer1260/ccs/tools/compiler/ti-cgt-arm_20.2.7.LTS/bin/armcl" -mv7M4 --code_state=16 --float_support=FPv4SPD16 -me --include_path="D:/4th_year/3_Graduation_project/main_project/2-software/automotive_graduation_project/Embedded_Systems/Car_Control/Control_App" --include_path="C:/ti/codecomposer1260/ccs/tools/compiler/ti-cgt-arm_20.2.7.LTS/include" --define=ccs="ccs" --define=PART_TM4C123GH6PM -g --gcc --diag_warning=225 --diag_wrap=off --display_error_number --abi=eabi --preproc_with_compile --preproc_dependency="main.d_raw"  "../main.c"
Finished building: "../main.c"
 
Building target: "Control_App.out"
Invoking: Arm Linker
"C:/ti/codecomposer1260/ccs/tools/compiler/ti-cgt-arm_20.2.7.LTS/bin/armcl" -mv7M4 --code_state=16 --float_support=FPv4SPD16 -me --define=ccs="ccs" --define=PART_TM4C123GH6PM -g --gcc --diag_warning=225 --diag_wrap=off --display_error_number --abi=eabi -z -m"Control_App.map" --heap_size=0 --stack_size=512 -i"C:/ti/codecomposer1260/ccs/tools/compiler/ti-cgt-arm_20.2.7.LTS/lib" -i"C:/ti/codecomposer1260/ccs/tools/compiler/ti-cgt-arm_20.2.7.LTS/include" --reread_libs --diag_wrap=off --display_error_number --warn_sections --xml_link_info="Control_App_linkInfo.xml" --rom_model -o "Control_App.out" "./main.obj" "./Critical_Files/Det.obj" "./Critical_Files/tm4c123gh6pm_startup_ccs.obj" "./Dio_Driver/Dio.obj" "./Dio_Driver/Dio_PBcfg.obj" "./PWM_Driver/PWM.obj" "./Port_Driver/Port.obj" "./Port_Driver/Port_PBcfg.obj" "./Uart_Driver/uart.obj" "./Uart_Driver/uart_PBcfg.obj" "./control_driver/control_app.obj" "../tm4c123gh6pm.cmd"  -llibc.a 
<Linking>
Finished building target: "Control_App.out"
 

**** Build Finished ****

**** Build of configuration Debug for project Control_App ****

"C:\\ti\\codecomposer1260\\ccs\\utils\\bin\\gmake" -k -j 8 all -O 
 
Building file: "../main.c"
Invoking: Arm Compiler
"C:/ti/codecomposer1260/ccs/tools/compiler/ti-cgt-arm_20.2.7.LTS/bin/armcl" -mv7M4 --code_state=16 --float_support=FPv4SPD16 -me --include_path="D:/4th_year/3_Graduation_project/main_project/2-software/automotive_graduation_project/Embedded_Systems/Car_Control/Control_App" --include_path="C:/ti/codecomposer1260/ccs/tools/compiler/ti-cgt-arm_20.2.7.LTS/include" --define=ccs="ccs" --define=PART_TM4C123GH6PM -g --gcc --diag_warning=225 --diag_wrap=off --display_error_number --abi=eabi --preproc_with_compile --preproc_dependency="main.d_raw"  "../main.c"
Finished building: "../main.c"
 
Building target: "Control_App.out"
Invoking: Arm Linker
"C:/ti/codecomposer1260/ccs/tools/compiler/ti-cgt-arm_20.2.7.LTS/bin/armcl" -mv7M4 --code_state=16 --float_support=FPv4SPD16 -me --define=ccs="ccs" --define=PART_TM4C123GH6PM -g --gcc --diag_warning=225 --diag_wrap=off --display_error_number --abi=eabi -z -m"Control_App.map" --heap_size=0 --stack_size=512 -i"C:/ti/codecomposer1260/ccs/tools/compiler/ti-cgt-arm_20.2.7.LTS/lib" -i"C:/ti/codecomposer1260/ccs/tools/compiler/ti-cgt-arm_20.2.7.LTS/include" --reread_libs --diag_wrap=off --display_error_number --warn_sections --xml_link_info="Control_App_linkInfo.xml" --rom_model -o "Control_App.out" "./main.obj" "./Critical_Files/Det.obj" "./Critical_Files/tm4c123gh6pm_startup_ccs.obj" "./Dio_Driver/Dio.obj" "./Dio_Driver/Dio_PBcfg.obj" "./PWM_Driver/PWM.obj" "./Port_Driver/Port.obj" "./Port_Driver/Port_PBcfg.obj" "./Uart_Driver/uart.obj" "./Uart_Driver/uart_PBcfg.obj" "./control_driver/control_app.obj" "../tm4c123gh6pm.cmd"  -llibc.a 
<Linking>
Finished building target: "Control_App.out"
 

**** Build Finished ****

**** Build of configuration Debug for project Control_App ****

"C:\\ti\\codecomposer1260\\ccs\\utils\\bin\\gmake" -k -j 8 all -O 
 
Building file: "../main.c"
Invoking: Arm Compiler
"C:/ti/codecomposer1260/ccs/tools/compiler/ti-cgt-arm_20.2.7.LTS/bin/armcl" -mv7M4 --code_state=16 --float_support=FPv4SPD16 -me --include_path="D:/4th_year/3_Graduation_project/main_project/2-software/automotive_graduation_project/Embedded_Systems/Car_Control/Control_App" --include_path="C:/ti/codecomposer1260/ccs/tools/compiler/ti-cgt-arm_20.2.7.LTS/include" --define=ccs="ccs" --define=PART_TM4C123GH6PM -g --gcc --diag_warning=225 --diag_wrap=off --display_error_number --abi=eabi --preproc_with_compile --preproc_dependency="main.d_raw"  "../main.c"
Finished building: "../main.c"
 
Building target: "Control_App.out"
Invoking: Arm Linker
"C:/ti/codecomposer1260/ccs/tools/compiler/ti-cgt-arm_20.2.7.LTS/bin/armcl" -mv7M4 --code_state=16 --float_support=FPv4SPD16 -me --define=ccs="ccs" --define=PART_TM4C123GH6PM -g --gcc --diag_warning=225 --diag_wrap=off --display_error_number --abi=eabi -z -m"Control_App.map" --heap_size=0 --stack_size=512 -i"C:/ti/codecomposer1260/ccs/tools/compiler/ti-cgt-arm_20.2.7.LTS/lib" -i"C:/ti/codecomposer1260/ccs/tools/compiler/ti-cgt-arm_20.2.7.LTS/include" --reread_libs --diag_wrap=off --display_error_number --warn_sections --xml_link_info="Control_App_linkInfo.xml" --rom_model -o "Control_App.out" "./main.obj" "./Critical_Files/Det.obj" "./Critical_Files/tm4c123gh6pm_startup_ccs.obj" "./Dio_Driver/Dio.obj" "./Dio_Driver/Dio_PBcfg.obj" "./PWM_Driver/PWM.obj" "./Port_Driver/Port.obj" "./Port_Driver/Port_PBcfg.obj" "./Uart_Driver/uart.obj" "./Uart_Driver/uart_PBcfg.obj" "./control_driver/control_app.obj" "../tm4c123gh6pm.cmd"  -llibc.a 
<Linking>
Finished building target: "Control_App.out"
 

**** Build Finished ****

**** Build of configuration Debug for project Control_App ****

"C:\\ti\\codecomposer1260\\ccs\\utils\\bin\\gmake" -k -j 8 all -O 
 
Building file: "../main.c"
Invoking: Arm Compiler
"C:/ti/codecomposer1260/ccs/tools/compiler/ti-cgt-arm_20.2.7.LTS/bin/armcl" -mv7M4 --code_state=16 --float_support=FPv4SPD16 -me --include_path="D:/4th_year/3_Graduation_project/main_project/2-software/automotive_graduation_project/Embedded_Systems/Car_Control/Control_App" --include_path="C:/ti/codecomposer1260/ccs/tools/compiler/ti-cgt-arm_20.2.7.LTS/include" --define=ccs="ccs" --define=PART_TM4C123GH6PM -g --gcc --diag_warning=225 --diag_wrap=off --display_error_number --abi=eabi --preproc_with_compile --preproc_dependency="main.d_raw"  "../main.c"
Finished building: "../main.c"
 
Building file: "../PWM_Driver/PWM.c"
Invoking: Arm Compiler
"C:/ti/codecomposer1260/ccs/tools/compiler/ti-cgt-arm_20.2.7.LTS/bin/armcl" -mv7M4 --code_state=16 --float_support=FPv4SPD16 -me --include_path="D:/4th_year/3_Graduation_project/main_project/2-software/automotive_graduation_project/Embedded_Systems/Car_Control/Control_App" --include_path="C:/ti/codecomposer1260/ccs/tools/compiler/ti-cgt-arm_20.2.7.LTS/include" --define=ccs="ccs" --define=PART_TM4C123GH6PM -g --gcc --diag_warning=225 --diag_wrap=off --display_error_number --abi=eabi --preproc_with_compile --preproc_dependency="PWM_Driver/PWM.d_raw" --obj_directory="PWM_Driver"  "../PWM_Driver/PWM.c"
Finished building: "../PWM_Driver/PWM.c"
 
Building target: "Control_App.out"
Invoking: Arm Linker
"C:/ti/codecomposer1260/ccs/tools/compiler/ti-cgt-arm_20.2.7.LTS/bin/armcl" -mv7M4 --code_state=16 --float_support=FPv4SPD16 -me --define=ccs="ccs" --define=PART_TM4C123GH6PM -g --gcc --diag_warning=225 --diag_wrap=off --display_error_number --abi=eabi -z -m"Control_App.map" --heap_size=0 --stack_size=512 -i"C:/ti/codecomposer1260/ccs/tools/compiler/ti-cgt-arm_20.2.7.LTS/lib" -i"C:/ti/codecomposer1260/ccs/tools/compiler/ti-cgt-arm_20.2.7.LTS/include" --reread_libs --diag_wrap=off --display_error_number --warn_sections --xml_link_info="Control_App_linkInfo.xml" --rom_model -o "Control_App.out" "./main.obj" "./Critical_Files/Det.obj" "./Critical_Files/tm4c123gh6pm_startup_ccs.obj" "./Dio_Driver/Dio.obj" "./Dio_Driver/Dio_PBcfg.obj" "./PWM_Driver/PWM.obj" "./Port_Driver/Port.obj" "./Port_Driver/Port_PBcfg.obj" "./Uart_Driver/uart.obj" "./Uart_Driver/uart_PBcfg.obj" "./control_driver/control_app.obj" "../tm4c123gh6pm.cmd"  -llibc.a 
<Linking>
Finished building target: "Control_App.out"
 

**** Build Finished ****

**** Build of configuration Debug for project Control_App ****

"C:\\ti\\codecomposer1260\\ccs\\utils\\bin\\gmake" -k -j 8 all -O 
 
Building file: "../main.c"
Invoking: Arm Compiler
"C:/ti/codecomposer1260/ccs/tools/compiler/ti-cgt-arm_20.2.7.LTS/bin/armcl" -mv7M4 --code_state=16 --float_support=FPv4SPD16 -me --include_path="D:/4th_year/3_Graduation_project/main_project/2-software/automotive_graduation_project/Embedded_Systems/Car_Control/Control_App" --include_path="C:/ti/codecomposer1260/ccs/tools/compiler/ti-cgt-arm_20.2.7.LTS/include" --define=ccs="ccs" --define=PART_TM4C123GH6PM -g --gcc --diag_warning=225 --diag_wrap=off --display_error_number --abi=eabi --preproc_with_compile --preproc_dependency="main.d_raw"  "../main.c"
Finished building: "../main.c"
 
Building target: "Control_App.out"
Invoking: Arm Linker
"C:/ti/codecomposer1260/ccs/tools/compiler/ti-cgt-arm_20.2.7.LTS/bin/armcl" -mv7M4 --code_state=16 --float_support=FPv4SPD16 -me --define=ccs="ccs" --define=PART_TM4C123GH6PM -g --gcc --diag_warning=225 --diag_wrap=off --display_error_number --abi=eabi -z -m"Control_App.map" --heap_size=0 --stack_size=512 -i"C:/ti/codecomposer1260/ccs/tools/compiler/ti-cgt-arm_20.2.7.LTS/lib" -i"C:/ti/codecomposer1260/ccs/tools/compiler/ti-cgt-arm_20.2.7.LTS/include" --reread_libs --diag_wrap=off --display_error_number --warn_sections --xml_link_info="Control_App_linkInfo.xml" --rom_model -o "Control_App.out" "./main.obj" "./Critical_Files/Det.obj" "./Critical_Files/tm4c123gh6pm_startup_ccs.obj" "./Dio_Driver/Dio.obj" "./Dio_Driver/Dio_PBcfg.obj" "./PWM_Driver/PWM.obj" "./Port_Driver/Port.obj" "./Port_Driver/Port_PBcfg.obj" "./Uart_Driver/uart.obj" "./Uart_Driver/uart_PBcfg.obj" "./control_driver/control_app.obj" "../tm4c123gh6pm.cmd"  -llibc.a 
<Linking>
Finished building target: "Control_App.out"
 

**** Build Finished ****

**** Build of configuration Debug for project Control_App ****

"C:\\ti\\codecomposer1260\\ccs\\utils\\bin\\gmake" -k -j 8 all -O 
 
Building file: "../main.c"
Invoking: Arm Compiler
"C:/ti/codecomposer1260/ccs/tools/compiler/ti-cgt-arm_20.2.7.LTS/bin/armcl" -mv7M4 --code_state=16 --float_support=FPv4SPD16 -me --include_path="D:/4th_year/3_Graduation_project/main_project/2-software/automotive_graduation_project/Embedded_Systems/Car_Control/Control_App" --include_path="C:/ti/codecomposer1260/ccs/tools/compiler/ti-cgt-arm_20.2.7.LTS/include" --define=ccs="ccs" --define=PART_TM4C123GH6PM -g --gcc --diag_warning=225 --diag_wrap=off --display_error_number --abi=eabi --preproc_with_compile --preproc_dependency="main.d_raw"  "../main.c"
Finished building: "../main.c"
 
Building file: "../PWM_Driver/PWM.c"
Invoking: Arm Compiler
"C:/ti/codecomposer1260/ccs/tools/compiler/ti-cgt-arm_20.2.7.LTS/bin/armcl" -mv7M4 --code_state=16 --float_support=FPv4SPD16 -me --include_path="D:/4th_year/3_Graduation_project/main_project/2-software/automotive_graduation_project/Embedded_Systems/Car_Control/Control_App" --include_path="C:/ti/codecomposer1260/ccs/tools/compiler/ti-cgt-arm_20.2.7.LTS/include" --define=ccs="ccs" --define=PART_TM4C123GH6PM -g --gcc --diag_warning=225 --diag_wrap=off --display_error_number --abi=eabi --preproc_with_compile --preproc_dependency="PWM_Driver/PWM.d_raw" --obj_directory="PWM_Driver"  "../PWM_Driver/PWM.c"
Finished building: "../PWM_Driver/PWM.c"
 
Building target: "Control_App.out"
Invoking: Arm Linker
"C:/ti/codecomposer1260/ccs/tools/compiler/ti-cgt-arm_20.2.7.LTS/bin/armcl" -mv7M4 --code_state=16 --float_support=FPv4SPD16 -me --define=ccs="ccs" --define=PART_TM4C123GH6PM -g --gcc --diag_warning=225 --diag_wrap=off --display_error_number --abi=eabi -z -m"Control_App.map" --heap_size=0 --stack_size=512 -i"C:/ti/codecomposer1260/ccs/tools/compiler/ti-cgt-arm_20.2.7.LTS/lib" -i"C:/ti/codecomposer1260/ccs/tools/compiler/ti-cgt-arm_20.2.7.LTS/include" --reread_libs --diag_wrap=off --display_error_number --warn_sections --xml_link_info="Control_App_linkInfo.xml" --rom_model -o "Control_App.out" "./main.obj" "./Critical_Files/Det.obj" "./Critical_Files/tm4c123gh6pm_startup_ccs.obj" "./Dio_Driver/Dio.obj" "./Dio_Driver/Dio_PBcfg.obj" "./PWM_Driver/PWM.obj" "./Port_Driver/Port.obj" "./Port_Driver/Port_PBcfg.obj" "./Uart_Driver/uart.obj" "./Uart_Driver/uart_PBcfg.obj" "./control_driver/control_app.obj" "../tm4c123gh6pm.cmd"  -llibc.a 
<Linking>
Finished building target: "Control_App.out"
 

**** Build Finished ****

**** Build of configuration Debug for project Control_App ****

"C:\\ti\\codecomposer1260\\ccs\\utils\\bin\\gmake" -k -j 8 all -O 
 
Building file: "../main.c"
Invoking: Arm Compiler
"C:/ti/codecomposer1260/ccs/tools/compiler/ti-cgt-arm_20.2.7.LTS/bin/armcl" -mv7M4 --code_state=16 --float_support=FPv4SPD16 -me --include_path="D:/4th_year/3_Graduation_project/main_project/2-software/automotive_graduation_project/Embedded_Systems/Car_Control/Control_App" --include_path="C:/ti/codecomposer1260/ccs/tools/compiler/ti-cgt-arm_20.2.7.LTS/include" --define=ccs="ccs" --define=PART_TM4C123GH6PM -g --gcc --diag_warning=225 --diag_wrap=off --display_error_number --abi=eabi --preproc_with_compile --preproc_dependency="main.d_raw"  "../main.c"
Finished building: "../main.c"
 
Building file: "../PWM_Driver/PWM.c"
Invoking: Arm Compiler
"C:/ti/codecomposer1260/ccs/tools/compiler/ti-cgt-arm_20.2.7.LTS/bin/armcl" -mv7M4 --code_state=16 --float_support=FPv4SPD16 -me --include_path="D:/4th_year/3_Graduation_project/main_project/2-software/automotive_graduation_project/Embedded_Systems/Car_Control/Control_App" --include_path="C:/ti/codecomposer1260/ccs/tools/compiler/ti-cgt-arm_20.2.7.LTS/include" --define=ccs="ccs" --define=PART_TM4C123GH6PM -g --gcc --diag_warning=225 --diag_wrap=off --display_error_number --abi=eabi --preproc_with_compile --preproc_dependency="PWM_Driver/PWM.d_raw" --obj_directory="PWM_Driver"  "../PWM_Driver/PWM.c"
Finished building: "../PWM_Driver/PWM.c"
 
Building target: "Control_App.out"
Invoking: Arm Linker
"C:/ti/codecomposer1260/ccs/tools/compiler/ti-cgt-arm_20.2.7.LTS/bin/armcl" -mv7M4 --code_state=16 --float_support=FPv4SPD16 -me --define=ccs="ccs" --define=PART_TM4C123GH6PM -g --gcc --diag_warning=225 --diag_wrap=off --display_error_number --abi=eabi -z -m"Control_App.map" --heap_size=0 --stack_size=512 -i"C:/ti/codecomposer1260/ccs/tools/compiler/ti-cgt-arm_20.2.7.LTS/lib" -i"C:/ti/codecomposer1260/ccs/tools/compiler/ti-cgt-arm_20.2.7.LTS/include" --reread_libs --diag_wrap=off --display_error_number --warn_sections --xml_link_info="Control_App_linkInfo.xml" --rom_model -o "Control_App.out" "./main.obj" "./Critical_Files/Det.obj" "./Critical_Files/tm4c123gh6pm_startup_ccs.obj" "./Dio_Driver/Dio.obj" "./Dio_Driver/Dio_PBcfg.obj" "./PWM_Driver/PWM.obj" "./Port_Driver/Port.obj" "./Port_Driver/Port_PBcfg.obj" "./Uart_Driver/uart.obj" "./Uart_Driver/uart_PBcfg.obj" "./control_driver/control_app.obj" "../tm4c123gh6pm.cmd"  -llibc.a 
<Linking>
Finished building target: "Control_App.out"
 

**** Build Finished ****

**** Build of configuration Debug for project Control_App ****

"C:\\ti\\codecomposer1260\\ccs\\utils\\bin\\gmake" -k -j 8 all -O 
 
Building file: "../main.c"
Invoking: Arm Compiler
"C:/ti/codecomposer1260/ccs/tools/compiler/ti-cgt-arm_20.2.7.LTS/bin/armcl" -mv7M4 --code_state=16 --float_support=FPv4SPD16 -me --include_path="D:/4th_year/3_Graduation_project/main_project/2-software/automotive_graduation_project/Embedded_Systems/Car_Control/Control_App" --include_path="C:/ti/codecomposer1260/ccs/tools/compiler/ti-cgt-arm_20.2.7.LTS/include" --define=ccs="ccs" --define=PART_TM4C123GH6PM -g --gcc --diag_warning=225 --diag_wrap=off --display_error_number --abi=eabi --preproc_with_compile --preproc_dependency="main.d_raw"  "../main.c"
Finished building: "../main.c"
 
Building target: "Control_App.out"
Invoking: Arm Linker
"C:/ti/codecomposer1260/ccs/tools/compiler/ti-cgt-arm_20.2.7.LTS/bin/armcl" -mv7M4 --code_state=16 --float_support=FPv4SPD16 -me --define=ccs="ccs" --define=PART_TM4C123GH6PM -g --gcc --diag_warning=225 --diag_wrap=off --display_error_number --abi=eabi -z -m"Control_App.map" --heap_size=0 --stack_size=512 -i"C:/ti/codecomposer1260/ccs/tools/compiler/ti-cgt-arm_20.2.7.LTS/lib" -i"C:/ti/codecomposer1260/ccs/tools/compiler/ti-cgt-arm_20.2.7.LTS/include" --reread_libs --diag_wrap=off --display_error_number --warn_sections --xml_link_info="Control_App_linkInfo.xml" --rom_model -o "Control_App.out" "./main.obj" "./Critical_Files/Det.obj" "./Critical_Files/tm4c123gh6pm_startup_ccs.obj" "./Dio_Driver/Dio.obj" "./Dio_Driver/Dio_PBcfg.obj" "./PWM_Driver/PWM.obj" "./Port_Driver/Port.obj" "./Port_Driver/Port_PBcfg.obj" "./Uart_Driver/uart.obj" "./Uart_Driver/uart_PBcfg.obj" "./control_driver/control_app.obj" "../tm4c123gh6pm.cmd"  -llibc.a 
<Linking>
Finished building target: "Control_App.out"
 

**** Build Finished ****

**** Build of configuration Debug for project Control_App ****

"C:\\ti\\codecomposer1260\\ccs\\utils\\bin\\gmake" -k -j 8 all -O 
 
Building file: "../main.c"
Invoking: Arm Compiler
"C:/ti/codecomposer1260/ccs/tools/compiler/ti-cgt-arm_20.2.7.LTS/bin/armcl" -mv7M4 --code_state=16 --float_support=FPv4SPD16 -me --include_path="D:/4th_year/3_Graduation_project/main_project/2-software/automotive_graduation_project/Embedded_Systems/Car_Control/Control_App" --include_path="C:/ti/codecomposer1260/ccs/tools/compiler/ti-cgt-arm_20.2.7.LTS/include" --define=ccs="ccs" --define=PART_TM4C123GH6PM -g --gcc --diag_warning=225 --diag_wrap=off --display_error_number --abi=eabi --preproc_with_compile --preproc_dependency="main.d_raw"  "../main.c"
Finished building: "../main.c"
 
Building file: "../PWM_Driver/PWM.c"
Invoking: Arm Compiler
"C:/ti/codecomposer1260/ccs/tools/compiler/ti-cgt-arm_20.2.7.LTS/bin/armcl" -mv7M4 --code_state=16 --float_support=FPv4SPD16 -me --include_path="D:/4th_year/3_Graduation_project/main_project/2-software/automotive_graduation_project/Embedded_Systems/Car_Control/Control_App" --include_path="C:/ti/codecomposer1260/ccs/tools/compiler/ti-cgt-arm_20.2.7.LTS/include" --define=ccs="ccs" --define=PART_TM4C123GH6PM -g --gcc --diag_warning=225 --diag_wrap=off --display_error_number --abi=eabi --preproc_with_compile --preproc_dependency="PWM_Driver/PWM.d_raw" --obj_directory="PWM_Driver"  "../PWM_Driver/PWM.c"
Finished building: "../PWM_Driver/PWM.c"
 
Building target: "Control_App.out"
Invoking: Arm Linker
"C:/ti/codecomposer1260/ccs/tools/compiler/ti-cgt-arm_20.2.7.LTS/bin/armcl" -mv7M4 --code_state=16 --float_support=FPv4SPD16 -me --define=ccs="ccs" --define=PART_TM4C123GH6PM -g --gcc --diag_warning=225 --diag_wrap=off --display_error_number --abi=eabi -z -m"Control_App.map" --heap_size=0 --stack_size=512 -i"C:/ti/codecomposer1260/ccs/tools/compiler/ti-cgt-arm_20.2.7.LTS/lib" -i"C:/ti/codecomposer1260/ccs/tools/compiler/ti-cgt-arm_20.2.7.LTS/include" --reread_libs --diag_wrap=off --display_error_number --warn_sections --xml_link_info="Control_App_linkInfo.xml" --rom_model -o "Control_App.out" "./main.obj" "./Critical_Files/Det.obj" "./Critical_Files/tm4c123gh6pm_startup_ccs.obj" "./Dio_Driver/Dio.obj" "./Dio_Driver/Dio_PBcfg.obj" "./PWM_Driver/PWM.obj" "./Port_Driver/Port.obj" "./Port_Driver/Port_PBcfg.obj" "./Uart_Driver/uart.obj" "./Uart_Driver/uart_PBcfg.obj" "./control_driver/control_app.obj" "../tm4c123gh6pm.cmd"  -llibc.a 
<Linking>
Finished building target: "Control_App.out"
 

**** Build Finished ****

**** Build of configuration Debug for project Control_App ****

"C:\\ti\\codecomposer1260\\ccs\\utils\\bin\\gmake" -k -j 8 all -O 
 
Building file: "../main.c"
Invoking: Arm Compiler
"C:/ti/codecomposer1260/ccs/tools/compiler/ti-cgt-arm_20.2.7.LTS/bin/armcl" -mv7M4 --code_state=16 --float_support=FPv4SPD16 -me --include_path="D:/4th_year/3_Graduation_project/main_project/2-software/automotive_graduation_project/Embedded_Systems/Car_Control/Control_App" --include_path="C:/ti/codecomposer1260/ccs/tools/compiler/ti-cgt-arm_20.2.7.LTS/include" --define=ccs="ccs" --define=PART_TM4C123GH6PM -g --gcc --diag_warning=225 --diag_wrap=off --display_error_number --abi=eabi --preproc_with_compile --preproc_dependency="main.d_raw"  "../main.c"
Finished building: "../main.c"
 
Building target: "Control_App.out"
Invoking: Arm Linker
"C:/ti/codecomposer1260/ccs/tools/compiler/ti-cgt-arm_20.2.7.LTS/bin/armcl" -mv7M4 --code_state=16 --float_support=FPv4SPD16 -me --define=ccs="ccs" --define=PART_TM4C123GH6PM -g --gcc --diag_warning=225 --diag_wrap=off --display_error_number --abi=eabi -z -m"Control_App.map" --heap_size=0 --stack_size=512 -i"C:/ti/codecomposer1260/ccs/tools/compiler/ti-cgt-arm_20.2.7.LTS/lib" -i"C:/ti/codecomposer1260/ccs/tools/compiler/ti-cgt-arm_20.2.7.LTS/include" --reread_libs --diag_wrap=off --display_error_number --warn_sections --xml_link_info="Control_App_linkInfo.xml" --rom_model -o "Control_App.out" "./main.obj" "./Critical_Files/Det.obj" "./Critical_Files/tm4c123gh6pm_startup_ccs.obj" "./Dio_Driver/Dio.obj" "./Dio_Driver/Dio_PBcfg.obj" "./PWM_Driver/PWM.obj" "./Port_Driver/Port.obj" "./Port_Driver/Port_PBcfg.obj" "./Uart_Driver/uart.obj" "./Uart_Driver/uart_PBcfg.obj" "./control_driver/control_app.obj" "../tm4c123gh6pm.cmd"  -llibc.a 
<Linking>
Finished building target: "Control_App.out"
 

**** Build Finished ****

**** Build of configuration Debug for project Control_App ****

"C:\\ti\\codecomposer1260\\ccs\\utils\\bin\\gmake" -k -j 8 all -O 
 
Building file: "../main.c"
Invoking: Arm Compiler
"C:/ti/codecomposer1260/ccs/tools/compiler/ti-cgt-arm_20.2.7.LTS/bin/armcl" -mv7M4 --code_state=16 --float_support=FPv4SPD16 -me --include_path="D:/4th_year/3_Graduation_project/main_project/2-software/automotive_graduation_project/Embedded_Systems/Car_Control/Control_App" --include_path="C:/ti/codecomposer1260/ccs/tools/compiler/ti-cgt-arm_20.2.7.LTS/include" --define=ccs="ccs" --define=PART_TM4C123GH6PM -g --gcc --diag_warning=225 --diag_wrap=off --display_error_number --abi=eabi --preproc_with_compile --preproc_dependency="main.d_raw"  "../main.c"
Finished building: "../main.c"
 
Building target: "Control_App.out"
Invoking: Arm Linker
"C:/ti/codecomposer1260/ccs/tools/compiler/ti-cgt-arm_20.2.7.LTS/bin/armcl" -mv7M4 --code_state=16 --float_support=FPv4SPD16 -me --define=ccs="ccs" --define=PART_TM4C123GH6PM -g --gcc --diag_warning=225 --diag_wrap=off --display_error_number --abi=eabi -z -m"Control_App.map" --heap_size=0 --stack_size=512 -i"C:/ti/codecomposer1260/ccs/tools/compiler/ti-cgt-arm_20.2.7.LTS/lib" -i"C:/ti/codecomposer1260/ccs/tools/compiler/ti-cgt-arm_20.2.7.LTS/include" --reread_libs --diag_wrap=off --display_error_number --warn_sections --xml_link_info="Control_App_linkInfo.xml" --rom_model -o "Control_App.out" "./main.obj" "./Critical_Files/Det.obj" "./Critical_Files/tm4c123gh6pm_startup_ccs.obj" "./Dio_Driver/Dio.obj" "./Dio_Driver/Dio_PBcfg.obj" "./PWM_Driver/PWM.obj" "./Port_Driver/Port.obj" "./Port_Driver/Port_PBcfg.obj" "./Uart_Driver/uart.obj" "./Uart_Driver/uart_PBcfg.obj" "./control_driver/control_app.obj" "../tm4c123gh6pm.cmd"  -llibc.a 
<Linking>
Finished building target: "Control_App.out"
 

**** Build Finished ****

**** Build of configuration Debug for project Control_App ****

"C:\\ti\\codecomposer1260\\ccs\\utils\\bin\\gmake" -k -j 8 all -O 
 
Building file: "../main.c"
Invoking: Arm Compiler
"C:/ti/codecomposer1260/ccs/tools/compiler/ti-cgt-arm_20.2.7.LTS/bin/armcl" -mv7M4 --code_state=16 --float_support=FPv4SPD16 -me --include_path="D:/4th_year/3_Graduation_project/main_project/2-software/automotive_graduation_project/Embedded_Systems/Car_Control/Control_App" --include_path="C:/ti/codecomposer1260/ccs/tools/compiler/ti-cgt-arm_20.2.7.LTS/include" --define=ccs="ccs" --define=PART_TM4C123GH6PM -g --gcc --diag_warning=225 --diag_wrap=off --display_error_number --abi=eabi --preproc_with_compile --preproc_dependency="main.d_raw"  "../main.c"
Finished building: "../main.c"
 
Building target: "Control_App.out"
Invoking: Arm Linker
"C:/ti/codecomposer1260/ccs/tools/compiler/ti-cgt-arm_20.2.7.LTS/bin/armcl" -mv7M4 --code_state=16 --float_support=FPv4SPD16 -me --define=ccs="ccs" --define=PART_TM4C123GH6PM -g --gcc --diag_warning=225 --diag_wrap=off --display_error_number --abi=eabi -z -m"Control_App.map" --heap_size=0 --stack_size=512 -i"C:/ti/codecomposer1260/ccs/tools/compiler/ti-cgt-arm_20.2.7.LTS/lib" -i"C:/ti/codecomposer1260/ccs/tools/compiler/ti-cgt-arm_20.2.7.LTS/include" --reread_libs --diag_wrap=off --display_error_number --warn_sections --xml_link_info="Control_App_linkInfo.xml" --rom_model -o "Control_App.out" "./main.obj" "./Critical_Files/Det.obj" "./Critical_Files/tm4c123gh6pm_startup_ccs.obj" "./Dio_Driver/Dio.obj" "./Dio_Driver/Dio_PBcfg.obj" "./PWM_Driver/PWM.obj" "./Port_Driver/Port.obj" "./Port_Driver/Port_PBcfg.obj" "./Uart_Driver/uart.obj" "./Uart_Driver/uart_PBcfg.obj" "./control_driver/control_app.obj" "../tm4c123gh6pm.cmd"  -llibc.a 
<Linking>
Finished building target: "Control_App.out"
 

**** Build Finished ****

**** Build of configuration Debug for project Control_App ****

"C:\\ti\\codecomposer1260\\ccs\\utils\\bin\\gmake" -k -j 8 all -O 
 
Building file: "../main.c"
Invoking: Arm Compiler
"C:/ti/codecomposer1260/ccs/tools/compiler/ti-cgt-arm_20.2.7.LTS/bin/armcl" -mv7M4 --code_state=16 --float_support=FPv4SPD16 -me --include_path="D:/4th_year/3_Graduation_project/main_project/2-software/automotive_graduation_project/Embedded_Systems/Car_Control/Control_App" --include_path="C:/ti/codecomposer1260/ccs/tools/compiler/ti-cgt-arm_20.2.7.LTS/include" --define=ccs="ccs" --define=PART_TM4C123GH6PM -g --gcc --diag_warning=225 --diag_wrap=off --display_error_number --abi=eabi --preproc_with_compile --preproc_dependency="main.d_raw"  "../main.c"
Finished building: "../main.c"
 
Building target: "Control_App.out"
Invoking: Arm Linker
"C:/ti/codecomposer1260/ccs/tools/compiler/ti-cgt-arm_20.2.7.LTS/bin/armcl" -mv7M4 --code_state=16 --float_support=FPv4SPD16 -me --define=ccs="ccs" --define=PART_TM4C123GH6PM -g --gcc --diag_warning=225 --diag_wrap=off --display_error_number --abi=eabi -z -m"Control_App.map" --heap_size=0 --stack_size=512 -i"C:/ti/codecomposer1260/ccs/tools/compiler/ti-cgt-arm_20.2.7.LTS/lib" -i"C:/ti/codecomposer1260/ccs/tools/compiler/ti-cgt-arm_20.2.7.LTS/include" --reread_libs --diag_wrap=off --display_error_number --warn_sections --xml_link_info="Control_App_linkInfo.xml" --rom_model -o "Control_App.out" "./main.obj" "./Critical_Files/Det.obj" "./Critical_Files/tm4c123gh6pm_startup_ccs.obj" "./Dio_Driver/Dio.obj" "./Dio_Driver/Dio_PBcfg.obj" "./PWM_Driver/PWM.obj" "./Port_Driver/Port.obj" "./Port_Driver/Port_PBcfg.obj" "./Uart_Driver/uart.obj" "./Uart_Driver/uart_PBcfg.obj" "./control_driver/control_app.obj" "../tm4c123gh6pm.cmd"  -llibc.a 
<Linking>
Finished building target: "Control_App.out"
 

**** Build Finished ****

**** Build of configuration Debug for project Control_App ****

"C:\\ti\\codecomposer1260\\ccs\\utils\\bin\\gmake" -k -j 8 all -O 
 
Building file: "../main.c"
Invoking: Arm Compiler
"C:/ti/codecomposer1260/ccs/tools/compiler/ti-cgt-arm_20.2.7.LTS/bin/armcl" -mv7M4 --code_state=16 --float_support=FPv4SPD16 -me --include_path="D:/4th_year/3_Graduation_project/main_project/2-software/automotive_graduation_project/Embedded_Systems/Car_Control/Control_App" --include_path="C:/ti/codecomposer1260/ccs/tools/compiler/ti-cgt-arm_20.2.7.LTS/include" --define=ccs="ccs" --define=PART_TM4C123GH6PM -g --gcc --diag_warning=225 --diag_wrap=off --display_error_number --abi=eabi --preproc_with_compile --preproc_dependency="main.d_raw"  "../main.c"
Finished building: "../main.c"
 
Building target: "Control_App.out"
Invoking: Arm Linker
"C:/ti/codecomposer1260/ccs/tools/compiler/ti-cgt-arm_20.2.7.LTS/bin/armcl" -mv7M4 --code_state=16 --float_support=FPv4SPD16 -me --define=ccs="ccs" --define=PART_TM4C123GH6PM -g --gcc --diag_warning=225 --diag_wrap=off --display_error_number --abi=eabi -z -m"Control_App.map" --heap_size=0 --stack_size=512 -i"C:/ti/codecomposer1260/ccs/tools/compiler/ti-cgt-arm_20.2.7.LTS/lib" -i"C:/ti/codecomposer1260/ccs/tools/compiler/ti-cgt-arm_20.2.7.LTS/include" --reread_libs --diag_wrap=off --display_error_number --warn_sections --xml_link_info="Control_App_linkInfo.xml" --rom_model -o "Control_App.out" "./main.obj" "./Critical_Files/Det.obj" "./Critical_Files/tm4c123gh6pm_startup_ccs.obj" "./Dio_Driver/Dio.obj" "./Dio_Driver/Dio_PBcfg.obj" "./PWM_Driver/PWM.obj" "./Port_Driver/Port.obj" "./Port_Driver/Port_PBcfg.obj" "./Uart_Driver/uart.obj" "./Uart_Driver/uart_PBcfg.obj" "./control_driver/control_app.obj" "../tm4c123gh6pm.cmd"  -llibc.a 
<Linking>
Finished building target: "Control_App.out"
 

**** Build Finished ****

**** Build of configuration Debug for project Control_App ****

"C:\\ti\\codecomposer1260\\ccs\\utils\\bin\\gmake" -k -j 8 all -O 
 
Building file: "../main.c"
Invoking: Arm Compiler
"C:/ti/codecomposer1260/ccs/tools/compiler/ti-cgt-arm_20.2.7.LTS/bin/armcl" -mv7M4 --code_state=16 --float_support=FPv4SPD16 -me --include_path="D:/4th_year/3_Graduation_project/main_project/2-software/automotive_graduation_project/Embedded_Systems/Car_Control/Control_App" --include_path="C:/ti/codecomposer1260/ccs/tools/compiler/ti-cgt-arm_20.2.7.LTS/include" --define=ccs="ccs" --define=PART_TM4C123GH6PM -g --gcc --diag_warning=225 --diag_wrap=off --display_error_number --abi=eabi --preproc_with_compile --preproc_dependency="main.d_raw"  "../main.c"
Finished building: "../main.c"
 
Building target: "Control_App.out"
Invoking: Arm Linker
"C:/ti/codecomposer1260/ccs/tools/compiler/ti-cgt-arm_20.2.7.LTS/bin/armcl" -mv7M4 --code_state=16 --float_support=FPv4SPD16 -me --define=ccs="ccs" --define=PART_TM4C123GH6PM -g --gcc --diag_warning=225 --diag_wrap=off --display_error_number --abi=eabi -z -m"Control_App.map" --heap_size=0 --stack_size=512 -i"C:/ti/codecomposer1260/ccs/tools/compiler/ti-cgt-arm_20.2.7.LTS/lib" -i"C:/ti/codecomposer1260/ccs/tools/compiler/ti-cgt-arm_20.2.7.LTS/include" --reread_libs --diag_wrap=off --display_error_number --warn_sections --xml_link_info="Control_App_linkInfo.xml" --rom_model -o "Control_App.out" "./main.obj" "./Critical_Files/Det.obj" "./Critical_Files/tm4c123gh6pm_startup_ccs.obj" "./Dio_Driver/Dio.obj" "./Dio_Driver/Dio_PBcfg.obj" "./PWM_Driver/PWM.obj" "./Port_Driver/Port.obj" "./Port_Driver/Port_PBcfg.obj" "./Uart_Driver/uart.obj" "./Uart_Driver/uart_PBcfg.obj" "./control_driver/control_app.obj" "../tm4c123gh6pm.cmd"  -llibc.a 
<Linking>
Finished building target: "Control_App.out"
 

**** Build Finished ****

**** Build of configuration Debug for project Control_App ****

"C:\\ti\\codecomposer1260\\ccs\\utils\\bin\\gmake" -k -j 8 all -O 
 
gmake[1]: 'Control_App.out' is up to date.

**** Build Finished ****

**** Build of configuration Debug for project Control_App ****

"C:\\ti\\codecomposer1260\\ccs\\utils\\bin\\gmake" -k -j 8 all -O 
 
Building file: "../main.c"
Invoking: Arm Compiler
"C:/ti/codecomposer1260/ccs/tools/compiler/ti-cgt-arm_20.2.7.LTS/bin/armcl" -mv7M4 --code_state=16 --float_support=FPv4SPD16 -me --include_path="D:/4th_year/3_Graduation_project/main_project/2-software/automotive_graduation_project/Embedded_Systems/Car_Control/Control_App" --include_path="C:/ti/codecomposer1260/ccs/tools/compiler/ti-cgt-arm_20.2.7.LTS/include" --define=ccs="ccs" --define=PART_TM4C123GH6PM -g --gcc --diag_warning=225 --diag_wrap=off --display_error_number --abi=eabi --preproc_with_compile --preproc_dependency="main.d_raw"  "../main.c"
Finished building: "../main.c"
 
Building target: "Control_App.out"
Invoking: Arm Linker
"C:/ti/codecomposer1260/ccs/tools/compiler/ti-cgt-arm_20.2.7.LTS/bin/armcl" -mv7M4 --code_state=16 --float_support=FPv4SPD16 -me --define=ccs="ccs" --define=PART_TM4C123GH6PM -g --gcc --diag_warning=225 --diag_wrap=off --display_error_number --abi=eabi -z -m"Control_App.map" --heap_size=0 --stack_size=512 -i"C:/ti/codecomposer1260/ccs/tools/compiler/ti-cgt-arm_20.2.7.LTS/lib" -i"C:/ti/codecomposer1260/ccs/tools/compiler/ti-cgt-arm_20.2.7.LTS/include" --reread_libs --diag_wrap=off --display_error_number --warn_sections --xml_link_info="Control_App_linkInfo.xml" --rom_model -o "Control_App.out" "./main.obj" "./Critical_Files/Det.obj" "./Critical_Files/tm4c123gh6pm_startup_ccs.obj" "./Dio_Driver/Dio.obj" "./Dio_Driver/Dio_PBcfg.obj" "./PWM_Driver/PWM.obj" "./Port_Driver/Port.obj" "./Port_Driver/Port_PBcfg.obj" "./Uart_Driver/uart.obj" "./Uart_Driver/uart_PBcfg.obj" "./control_driver/control_app.obj" "../tm4c123gh6pm.cmd"  -llibc.a 
<Linking>
Finished building target: "Control_App.out"
 

**** Build Finished ****

**** Build of configuration Debug for project test-pwm-yaraaaaaaaaaaaaaab ****

"C:\\ti\\codecomposer1260\\ccs\\utils\\bin\\gmake" -k -j 8 all -O 
 
Building file: "../pwm.c"
Invoking: Arm Compiler
"C:/ti/codecomposer1260/ccs/tools/compiler/ti-cgt-arm_20.2.7.LTS/bin/armcl" -mv7M4 --code_state=16 --float_support=FPv4SPD16 -me --include_path="D:/4th_year/3_Graduation_project/main_project/2-software/automotive_graduation_project/Embedded_Systems/Tests/test-pwm-yaraaaaaaaaaaaaaab" --include_path="C:/ti/codecomposer1260/ccs/tools/compiler/ti-cgt-arm_20.2.7.LTS/include" --define=ccs="ccs" --define=PART_TM4C123GH6PM -g --gcc --diag_warning=225 --diag_wrap=off --display_error_number --abi=eabi --preproc_with_compile --preproc_dependency="pwm.d_raw"  "../pwm.c"
 
>> Compilation failure
subdir_rules.mk:9: recipe for target 'pwm.obj' failed
"../pwm.c", line 21: fatal error #1965: cannot open source file "PWMSoftware.h"
1 catastrophic error detected in the compilation of "../pwm.c".
Compilation terminated.
gmake: *** [pwm.obj] Error 1
Building file: "../main.c"
Invoking: Arm Compiler
"C:/ti/codecomposer1260/ccs/tools/compiler/ti-cgt-arm_20.2.7.LTS/bin/armcl" -mv7M4 --code_state=16 --float_support=FPv4SPD16 -me --include_path="D:/4th_year/3_Graduation_project/main_project/2-software/automotive_graduation_project/Embedded_Systems/Tests/test-pwm-yaraaaaaaaaaaaaaab" --include_path="C:/ti/codecomposer1260/ccs/tools/compiler/ti-cgt-arm_20.2.7.LTS/include" --define=ccs="ccs" --define=PART_TM4C123GH6PM -g --gcc --diag_warning=225 --diag_wrap=off --display_error_number --abi=eabi --preproc_with_compile --preproc_dependency="main.d_raw"  "../main.c"
 
>> Compilation failure
subdir_rules.mk:9: recipe for target 'main.obj' failed
"../main.c", line 27: error #138-D: expression must be a modifiable lvalue
"../main.c", line 28: warning #225-D: function "GetPinReg" declared implicitly
"../main.c", line 28: warning #515-D: a value of type "int" cannot be assigned to an entity of type "volatile unsigned long *"
"../main.c", line 29: warning #225-D: function "GetPinMask" declared implicitly
"../main.c", line 44: error #20: identifier "NVIC_ST_RELOAD_R" is undefined
"../main.c", line 47: error #20: identifier "NVIC_ST_RELOAD_R" is undefined
"../main.c", line 58: error #20: identifier "NVIC_ST_CTRL_R" is undefined
"../main.c", line 59: error #20: identifier "NVIC_ST_RELOAD_R" is undefined
"../main.c", line 60: error #20: identifier "NVIC_ST_CURRENT_R" is undefined
"../main.c", line 61: error #20: identifier "NVIC_SYS_PRI3_R" is undefined
"../main.c", line 62: error #20: identifier "NVIC_ST_CTRL_CLK_SRC" is undefined
"../main.c", line 62: error #20: identifier "NVIC_ST_CTRL_ENABLE" is undefined
"../main.c", line 62: error #20: identifier "NVIC_ST_CTRL_INTEN" is undefined
10 errors detected in the compilation of "../main.c".
gmake: *** [main.obj] Error 1
Building file: "../tm4c123gh6pm_startup_ccs.c"
Invoking: Arm Compiler
"C:/ti/codecomposer1260/ccs/tools/compiler/ti-cgt-arm_20.2.7.LTS/bin/armcl" -mv7M4 --code_state=16 --float_support=FPv4SPD16 -me --include_path="D:/4th_year/3_Graduation_project/main_project/2-software/automotive_graduation_project/Embedded_Systems/Tests/test-pwm-yaraaaaaaaaaaaaaab" --include_path="C:/ti/codecomposer1260/ccs/tools/compiler/ti-cgt-arm_20.2.7.LTS/include" --define=ccs="ccs" --define=PART_TM4C123GH6PM -g --gcc --diag_warning=225 --diag_wrap=off --display_error_number --abi=eabi --preproc_with_compile --preproc_dependency="tm4c123gh6pm_startup_ccs.d_raw"  "../tm4c123gh6pm_startup_ccs.c"
Finished building: "../tm4c123gh6pm_startup_ccs.c"
 
gmake: Target 'all' not remade because of errors.

**** Build Finished ****

**** Build of configuration Debug for project test-pwm-yaraaaaaaaaaaaaaab ****

"C:\\ti\\codecomposer1260\\ccs\\utils\\bin\\gmake" -k -j 8 all -O 
 
Building file: "../main.c"
Invoking: Arm Compiler
"C:/ti/codecomposer1260/ccs/tools/compiler/ti-cgt-arm_20.2.7.LTS/bin/armcl" -mv7M4 --code_state=16 --float_support=FPv4SPD16 -me --include_path="D:/4th_year/3_Graduation_project/main_project/2-software/automotive_graduation_project/Embedded_Systems/Tests/test-pwm-yaraaaaaaaaaaaaaab" --include_path="C:/ti/codecomposer1260/ccs/tools/compiler/ti-cgt-arm_20.2.7.LTS/include" --define=ccs="ccs" --define=PART_TM4C123GH6PM -g --gcc --diag_warning=225 --diag_wrap=off --display_error_number --abi=eabi --preproc_with_compile --preproc_dependency="main.d_raw"  "../main.c"
 
>> Compilation failure
subdir_rules.mk:9: recipe for target 'main.obj' failed
"../main.c", line 27: error #138-D: expression must be a modifiable lvalue
"../main.c", line 28: warning #225-D: function "GetPinReg" declared implicitly
"../main.c", line 28: warning #515-D: a value of type "int" cannot be assigned to an entity of type "volatile unsigned long *"
"../main.c", line 29: warning #225-D: function "GetPinMask" declared implicitly
"../main.c", line 44: error #20: identifier "NVIC_ST_RELOAD_R" is undefined
"../main.c", line 47: error #20: identifier "NVIC_ST_RELOAD_R" is undefined
"../main.c", line 58: error #20: identifier "NVIC_ST_CTRL_R" is undefined
"../main.c", line 59: error #20: identifier "NVIC_ST_RELOAD_R" is undefined
"../main.c", line 60: error #20: identifier "NVIC_ST_CURRENT_R" is undefined
"../main.c", line 61: error #20: identifier "NVIC_SYS_PRI3_R" is undefined
"../main.c", line 62: error #20: identifier "NVIC_ST_CTRL_CLK_SRC" is undefined
"../main.c", line 62: error #20: identifier "NVIC_ST_CTRL_ENABLE" is undefined
"../main.c", line 62: error #20: identifier "NVIC_ST_CTRL_INTEN" is undefined
10 errors detected in the compilation of "../main.c".
gmake: *** [main.obj] Error 1
Building file: "../pwm.c"
Invoking: Arm Compiler
"C:/ti/codecomposer1260/ccs/tools/compiler/ti-cgt-arm_20.2.7.LTS/bin/armcl" -mv7M4 --code_state=16 --float_support=FPv4SPD16 -me --include_path="D:/4th_year/3_Graduation_project/main_project/2-software/automotive_graduation_project/Embedded_Systems/Tests/test-pwm-yaraaaaaaaaaaaaaab" --include_path="C:/ti/codecomposer1260/ccs/tools/compiler/ti-cgt-arm_20.2.7.LTS/include" --define=ccs="ccs" --define=PART_TM4C123GH6PM -g --gcc --diag_warning=225 --diag_wrap=off --display_error_number --abi=eabi --preproc_with_compile --preproc_dependency="pwm.d_raw"  "../pwm.c"
Finished building: "../pwm.c"
 
gmake: Target 'all' not remade because of errors.

**** Build Finished ****

**** Build of configuration Debug for project test-pwm-yaraaaaaaaaaaaaaab ****

"C:\\ti\\codecomposer1260\\ccs\\utils\\bin\\gmake" -k -j 8 all -O 
 
Building file: "../main.c"
Invoking: Arm Compiler
"C:/ti/codecomposer1260/ccs/tools/compiler/ti-cgt-arm_20.2.7.LTS/bin/armcl" -mv7M4 --code_state=16 --float_support=FPv4SPD16 -me --include_path="D:/4th_year/3_Graduation_project/main_project/2-software/automotive_graduation_project/Embedded_Systems/Tests/test-pwm-yaraaaaaaaaaaaaaab" --include_path="C:/ti/codecomposer1260/ccs/tools/compiler/ti-cgt-arm_20.2.7.LTS/include" --define=ccs="ccs" --define=PART_TM4C123GH6PM -g --gcc --diag_warning=225 --diag_wrap=off --display_error_number --abi=eabi --preproc_with_compile --preproc_dependency="main.d_raw"  "../main.c"
 
>> Compilation failure
subdir_rules.mk:9: recipe for target 'main.obj' failed
"../main.c", line 27: error #138-D: expression must be a modifiable lvalue
"../main.c", line 28: warning #225-D: function "GetPinReg" declared implicitly
"../main.c", line 28: warning #515-D: a value of type "int" cannot be assigned to an entity of type "volatile unsigned long *"
"../main.c", line 29: warning #225-D: function "GetPinMask" declared implicitly
"../main.c", line 44: error #20: identifier "NVIC_ST_RELOAD_R" is undefined
"../main.c", line 47: error #20: identifier "NVIC_ST_RELOAD_R" is undefined
"../main.c", line 58: error #20: identifier "NVIC_ST_CTRL_R" is undefined
"../main.c", line 59: error #20: identifier "NVIC_ST_RELOAD_R" is undefined
"../main.c", line 60: error #20: identifier "NVIC_ST_CURRENT_R" is undefined
"../main.c", line 61: error #20: identifier "NVIC_SYS_PRI3_R" is undefined
"../main.c", line 62: error #20: identifier "NVIC_ST_CTRL_CLK_SRC" is undefined
"../main.c", line 62: error #20: identifier "NVIC_ST_CTRL_ENABLE" is undefined
"../main.c", line 62: error #20: identifier "NVIC_ST_CTRL_INTEN" is undefined
10 errors detected in the compilation of "../main.c".
gmake: *** [main.obj] Error 1
gmake: Target 'all' not remade because of errors.

**** Build Finished ****

**** Build of configuration Debug for project test-pwm-yaraaaaaaaaaaaaaab ****

"C:\\ti\\codecomposer1260\\ccs\\utils\\bin\\gmake" -k -j 8 all -O 
 
Building file: "../main.c"
Invoking: Arm Compiler
"C:/ti/codecomposer1260/ccs/tools/compiler/ti-cgt-arm_20.2.7.LTS/bin/armcl" -mv7M4 --code_state=16 --float_support=FPv4SPD16 -me --include_path="D:/4th_year/3_Graduation_project/main_project/2-software/automotive_graduation_project/Embedded_Systems/Tests/test-pwm-yaraaaaaaaaaaaaaab" --include_path="C:/ti/codecomposer1260/ccs/tools/compiler/ti-cgt-arm_20.2.7.LTS/include" --define=ccs="ccs" --define=PART_TM4C123GH6PM -g --gcc --diag_warning=225 --diag_wrap=off --display_error_number --abi=eabi --preproc_with_compile --preproc_dependency="main.d_raw"  "../main.c"
 
>> Compilation failure
subdir_rules.mk:9: recipe for target 'main.obj' failed
"..\PWMSoftware.h", line 8: error #38: the #endif for this directive is missing
"../main.c", line 27: error #138-D: expression must be a modifiable lvalue
2 errors detected in the compilation of "../main.c".
gmake: *** [main.obj] Error 1
Building file: "../pwm.c"
Invoking: Arm Compiler
"C:/ti/codecomposer1260/ccs/tools/compiler/ti-cgt-arm_20.2.7.LTS/bin/armcl" -mv7M4 --code_state=16 --float_support=FPv4SPD16 -me --include_path="D:/4th_year/3_Graduation_project/main_project/2-software/automotive_graduation_project/Embedded_Systems/Tests/test-pwm-yaraaaaaaaaaaaaaab" --include_path="C:/ti/codecomposer1260/ccs/tools/compiler/ti-cgt-arm_20.2.7.LTS/include" --define=ccs="ccs" --define=PART_TM4C123GH6PM -g --gcc --diag_warning=225 --diag_wrap=off --display_error_number --abi=eabi --preproc_with_compile --preproc_dependency="pwm.d_raw"  "../pwm.c"
 
>> Compilation failure
subdir_rules.mk:9: recipe for target 'pwm.obj' failed
"..\PWMSoftware.h", line 8: error #38: the #endif for this directive is missing
1 error detected in the compilation of "../pwm.c".
gmake: *** [pwm.obj] Error 1
gmake: Target 'all' not remade because of errors.

**** Build Finished ****

**** Build of configuration Debug for project test-pwm-yaraaaaaaaaaaaaaab ****

"C:\\ti\\codecomposer1260\\ccs\\utils\\bin\\gmake" -k -j 8 all -O 
 
Building file: "../main.c"
Invoking: Arm Compiler
"C:/ti/codecomposer1260/ccs/tools/compiler/ti-cgt-arm_20.2.7.LTS/bin/armcl" -mv7M4 --code_state=16 --float_support=FPv4SPD16 -me --include_path="D:/4th_year/3_Graduation_project/main_project/2-software/automotive_graduation_project/Embedded_Systems/Tests/test-pwm-yaraaaaaaaaaaaaaab" --include_path="C:/ti/codecomposer1260/ccs/tools/compiler/ti-cgt-arm_20.2.7.LTS/include" --define=ccs="ccs" --define=PART_TM4C123GH6PM -g --gcc --diag_warning=225 --diag_wrap=off --display_error_number --abi=eabi --preproc_with_compile --preproc_dependency="main.d_raw"  "../main.c"
 
>> Compilation failure
subdir_rules.mk:9: recipe for target 'main.obj' failed
"../main.c", line 27: error #138-D: expression must be a modifiable lvalue
"../main.c", line 28: warning #515-D: a value of type "volatile uint32_t *" cannot be assigned to an entity of type "volatile unsigned long *"
1 error detected in the compilation of "../main.c".
gmake: *** [main.obj] Error 1
Building file: "../pwm.c"
Invoking: Arm Compiler
"C:/ti/codecomposer1260/ccs/tools/compiler/ti-cgt-arm_20.2.7.LTS/bin/armcl" -mv7M4 --code_state=16 --float_support=FPv4SPD16 -me --include_path="D:/4th_year/3_Graduation_project/main_project/2-software/automotive_graduation_project/Embedded_Systems/Tests/test-pwm-yaraaaaaaaaaaaaaab" --include_path="C:/ti/codecomposer1260/ccs/tools/compiler/ti-cgt-arm_20.2.7.LTS/include" --define=ccs="ccs" --define=PART_TM4C123GH6PM -g --gcc --diag_warning=225 --diag_wrap=off --display_error_number --abi=eabi --preproc_with_compile --preproc_dependency="pwm.d_raw"  "../pwm.c"
 
>> Compilation failure
subdir_rules.mk:9: recipe for target 'pwm.obj' failed
"../pwm.c", line 26: warning #48-D: incompatible redefinition of macro "NVIC_ST_CTRL_R" (declared at line 35 of "..\PWMSoftware.h")
"../pwm.c", line 27: warning #48-D: incompatible redefinition of macro "NVIC_ST_RELOAD_R" (declared at line 36 of "..\PWMSoftware.h")
"../pwm.c", line 28: warning #48-D: incompatible redefinition of macro "NVIC_ST_CURRENT_R" (declared at line 37 of "..\PWMSoftware.h")
"../pwm.c", line 29: warning #48-D: incompatible redefinition of macro "NVIC_SYS_PRI3_R" (declared at line 38 of "..\PWMSoftware.h")
"../pwm.c", line 137: error #148: declaration is incompatible with "void PWMSoftware_Init(Pin, uint32_t)" (declared at line 49 of "..\PWMSoftware.h")
1 error detected in the compilation of "../pwm.c".
gmake: *** [pwm.obj] Error 1
gmake: Target 'all' not remade because of errors.

**** Build Finished ****

**** Build of configuration Debug for project test-pwm-yaraaaaaaaaaaaaaab ****

"C:\\ti\\codecomposer1260\\ccs\\utils\\bin\\gmake" -k -j 8 all -O 
 
Building file: "../pwm.c"
Invoking: Arm Compiler
"C:/ti/codecomposer1260/ccs/tools/compiler/ti-cgt-arm_20.2.7.LTS/bin/armcl" -mv7M4 --code_state=16 --float_support=FPv4SPD16 -me --include_path="D:/4th_year/3_Graduation_project/main_project/2-software/automotive_graduation_project/Embedded_Systems/Tests/test-pwm-yaraaaaaaaaaaaaaab" --include_path="C:/ti/codecomposer1260/ccs/tools/compiler/ti-cgt-arm_20.2.7.LTS/include" --define=ccs="ccs" --define=PART_TM4C123GH6PM -g --gcc --diag_warning=225 --diag_wrap=off --display_error_number --abi=eabi --preproc_with_compile --preproc_dependency="pwm.d_raw"  "../pwm.c"
 
>> Compilation failure
subdir_rules.mk:9: recipe for target 'pwm.obj' failed
"../pwm.c", line 2: fatal error #1965: cannot open source file "tm4c123gh6pm.h"
1 catastrophic error detected in the compilation of "../pwm.c".
Compilation terminated.
gmake: *** [pwm.obj] Error 1
Building file: "../main.c"
Invoking: Arm Compiler
"C:/ti/codecomposer1260/ccs/tools/compiler/ti-cgt-arm_20.2.7.LTS/bin/armcl" -mv7M4 --code_state=16 --float_support=FPv4SPD16 -me --include_path="D:/4th_year/3_Graduation_project/main_project/2-software/automotive_graduation_project/Embedded_Systems/Tests/test-pwm-yaraaaaaaaaaaaaaab" --include_path="C:/ti/codecomposer1260/ccs/tools/compiler/ti-cgt-arm_20.2.7.LTS/include" --define=ccs="ccs" --define=PART_TM4C123GH6PM -g --gcc --diag_warning=225 --diag_wrap=off --display_error_number --abi=eabi --preproc_with_compile --preproc_dependency="main.d_raw"  "../main.c"
Finished building: "../main.c"
 
gmake: Target 'all' not remade because of errors.

**** Build Finished ****

**** Build of configuration Debug for project test-pwm-yaraaaaaaaaaaaaaab ****

"C:\\ti\\codecomposer1260\\ccs\\utils\\bin\\gmake" -k -j 8 all -O 
 
Building file: "../pwm.c"
Invoking: Arm Compiler
"C:/ti/codecomposer1260/ccs/tools/compiler/ti-cgt-arm_20.2.7.LTS/bin/armcl" -mv7M4 --code_state=16 --float_support=FPv4SPD16 -me --include_path="D:/4th_year/3_Graduation_project/main_project/2-software/automotive_graduation_project/Embedded_Systems/Tests/test-pwm-yaraaaaaaaaaaaaaab" --include_path="C:/ti/codecomposer1260/ccs/tools/compiler/ti-cgt-arm_20.2.7.LTS/include" --define=ccs="ccs" --define=PART_TM4C123GH6PM -g --gcc --diag_warning=225 --diag_wrap=off --display_error_number --abi=eabi --preproc_with_compile --preproc_dependency="pwm.d_raw"  "../pwm.c"
"../pwm.c", line 4: warning #552-D: variable "pwmReg" was set but never used
"../pwm.c", line 5: warning #552-D: variable "pwmMask" was set but never used
"../pwm.c", line 6: warning #552-D: variable "pwmPeriod" was set but never used
"../pwm.c", line 7: warning #552-D: variable "dutyCycle" was set but never used
Finished building: "../pwm.c"
 
Building target: "test-pwm-yaraaaaaaaaaaaaaab.out"
Invoking: Arm Linker
"C:/ti/codecomposer1260/ccs/tools/compiler/ti-cgt-arm_20.2.7.LTS/bin/armcl" -mv7M4 --code_state=16 --float_support=FPv4SPD16 -me --define=ccs="ccs" --define=PART_TM4C123GH6PM -g --gcc --diag_warning=225 --diag_wrap=off --display_error_number --abi=eabi -z -m"test-pwm-yaraaaaaaaaaaaaaab.map" --heap_size=0 --stack_size=512 -i"C:/ti/codecomposer1260/ccs/tools/compiler/ti-cgt-arm_20.2.7.LTS/lib" -i"C:/ti/codecomposer1260/ccs/tools/compiler/ti-cgt-arm_20.2.7.LTS/include" --reread_libs --diag_wrap=off --display_error_number --warn_sections --xml_link_info="test-pwm-yaraaaaaaaaaaaaaab_linkInfo.xml" --rom_model -o "test-pwm-yaraaaaaaaaaaaaaab.out" "./main.obj" "./pwm.obj" "./tm4c123gh6pm_startup_ccs.obj" "../tm4c123gh6pm.cmd"  -llibc.a 
<Linking>
Finished building target: "test-pwm-yaraaaaaaaaaaaaaab.out"
 

**** Build Finished ****

**** Build of configuration Debug for project test-pwm-yaraaaaaaaaaaaaaab ****

"C:\\ti\\codecomposer1260\\ccs\\utils\\bin\\gmake" -k -j 8 all -O 
 
gmake[1]: 'test-pwm-yaraaaaaaaaaaaaaab.out' is up to date.

**** Build Finished ****

**** Build of configuration Debug for project test-pwm-yaraaaaaaaaaaaaaab ****

"C:\\ti\\codecomposer1260\\ccs\\utils\\bin\\gmake" -k -j 8 all -O 
 
Building file: "../main.c"
Invoking: Arm Compiler
"C:/ti/codecomposer1260/ccs/tools/compiler/ti-cgt-arm_20.2.7.LTS/bin/armcl" -mv7M4 --code_state=16 --float_support=FPv4SPD16 -me --include_path="D:/4th_year/3_Graduation_project/main_project/2-software/automotive_graduation_project/Embedded_Systems/Tests/test-pwm-yaraaaaaaaaaaaaaab" --include_path="C:/ti/codecomposer1260/ccs/tools/compiler/ti-cgt-arm_20.2.7.LTS/include" --define=ccs="ccs" --define=PART_TM4C123GH6PM -g --gcc --diag_warning=225 --diag_wrap=off --display_error_number --abi=eabi --preproc_with_compile --preproc_dependency="main.d_raw"  "../main.c"
 
>> Compilation failure
subdir_rules.mk:9: recipe for target 'main.obj' failed
"../main.c", line 10: error #20: identifier "dutyCycle" is undefined
"../main.c", line 11: error #20: identifier "pwmReg" is undefined
"../main.c", line 11: error #20: identifier "pwmMask" is undefined
"../main.c", line 13: error #20: identifier "pwmReg" is undefined
"../main.c", line 13: error #20: identifier "pwmMask" is undefined
5 errors detected in the compilation of "../main.c".
gmake: *** [main.obj] Error 1
gmake: Target 'all' not remade because of errors.

**** Build Finished ****

**** Build of configuration Debug for project test-pwm-yaraaaaaaaaaaaaaab ****

"C:\\ti\\codecomposer1260\\ccs\\utils\\bin\\gmake" -k -j 8 all -O 
 
Building file: "../main.c"
Invoking: Arm Compiler
"C:/ti/codecomposer1260/ccs/tools/compiler/ti-cgt-arm_20.2.7.LTS/bin/armcl" -mv7M4 --code_state=16 --float_support=FPv4SPD16 -me --include_path="D:/4th_year/3_Graduation_project/main_project/2-software/automotive_graduation_project/Embedded_Systems/Tests/test-pwm-yaraaaaaaaaaaaaaab" --include_path="C:/ti/codecomposer1260/ccs/tools/compiler/ti-cgt-arm_20.2.7.LTS/include" --define=ccs="ccs" --define=PART_TM4C123GH6PM -g --gcc --diag_warning=225 --diag_wrap=off --display_error_number --abi=eabi --preproc_with_compile --preproc_dependency="main.d_raw"  "../main.c"
"../main.c", line 4: warning #225-D: function "PLL_Init" declared implicitly
"../main.c", line 6: warning #225-D: function "PWM_SetDuty" declared implicitly
Finished building: "../main.c"
 
Building file: "../pwm.c"
Invoking: Arm Compiler
"C:/ti/codecomposer1260/ccs/tools/compiler/ti-cgt-arm_20.2.7.LTS/bin/armcl" -mv7M4 --code_state=16 --float_support=FPv4SPD16 -me --include_path="D:/4th_year/3_Graduation_project/main_project/2-software/automotive_graduation_project/Embedded_Systems/Tests/test-pwm-yaraaaaaaaaaaaaaab" --include_path="C:/ti/codecomposer1260/ccs/tools/compiler/ti-cgt-arm_20.2.7.LTS/include" --define=ccs="ccs" --define=PART_TM4C123GH6PM -g --gcc --diag_warning=225 --diag_wrap=off --display_error_number --abi=eabi --preproc_with_compile --preproc_dependency="pwm.d_raw"  "../pwm.c"
Finished building: "../pwm.c"
 
Building target: "test-pwm-yaraaaaaaaaaaaaaab.out"
Invoking: Arm Linker
"C:/ti/codecomposer1260/ccs/tools/compiler/ti-cgt-arm_20.2.7.LTS/bin/armcl" -mv7M4 --code_state=16 --float_support=FPv4SPD16 -me --define=ccs="ccs" --define=PART_TM4C123GH6PM -g --gcc --diag_warning=225 --diag_wrap=off --display_error_number --abi=eabi -z -m"test-pwm-yaraaaaaaaaaaaaaab.map" --heap_size=0 --stack_size=512 -i"C:/ti/codecomposer1260/ccs/tools/compiler/ti-cgt-arm_20.2.7.LTS/lib" -i"C:/ti/codecomposer1260/ccs/tools/compiler/ti-cgt-arm_20.2.7.LTS/include" --reread_libs --diag_wrap=off --display_error_number --warn_sections --xml_link_info="test-pwm-yaraaaaaaaaaaaaaab_linkInfo.xml" --rom_model -o "test-pwm-yaraaaaaaaaaaaaaab.out" "./main.obj" "./pwm.obj" "./tm4c123gh6pm_startup_ccs.obj" "../tm4c123gh6pm.cmd"  -llibc.a 
<Linking>
 
 undefined   first referenced
  symbol         in file     
 ---------   ----------------
 PLL_Init    ./main.obj      
 PWM_SetDuty ./main.obj      
 
error #10234-D: unresolved symbols remain
error #10010: errors encountered during linking; "test-pwm-yaraaaaaaaaaaaaaab.out" not built
 
>> Compilation failure
makefile:137: recipe for target 'test-pwm-yaraaaaaaaaaaaaaab.out' failed
gmake[1]: *** [test-pwm-yaraaaaaaaaaaaaaab.out] Error 1
makefile:133: recipe for target 'all' failed
gmake: *** [all] Error 2

**** Build Finished ****

**** Build of configuration Debug for project test-pwm-yaraaaaaaaaaaaaaab ****

"C:\\ti\\codecomposer1260\\ccs\\utils\\bin\\gmake" -k -j 8 all -O 
 
Building file: "../main.c"
Invoking: Arm Compiler
"C:/ti/codecomposer1260/ccs/tools/compiler/ti-cgt-arm_20.2.7.LTS/bin/armcl" -mv7M4 --code_state=16 --float_support=FPv4SPD16 -me --include_path="D:/4th_year/3_Graduation_project/main_project/2-software/automotive_graduation_project/Embedded_Systems/Tests/test-pwm-yaraaaaaaaaaaaaaab" --include_path="C:/ti/codecomposer1260/ccs/tools/compiler/ti-cgt-arm_20.2.7.LTS/include" --define=ccs="ccs" --define=PART_TM4C123GH6PM -g --gcc --diag_warning=225 --diag_wrap=off --display_error_number --abi=eabi --preproc_with_compile --preproc_dependency="main.d_raw"  "../main.c"
"../main.c", line 5: warning #225-D: function "PWM_SetDuty" declared implicitly
Finished building: "../main.c"
 
Building target: "test-pwm-yaraaaaaaaaaaaaaab.out"
Invoking: Arm Linker
"C:/ti/codecomposer1260/ccs/tools/compiler/ti-cgt-arm_20.2.7.LTS/bin/armcl" -mv7M4 --code_state=16 --float_support=FPv4SPD16 -me --define=ccs="ccs" --define=PART_TM4C123GH6PM -g --gcc --diag_warning=225 --diag_wrap=off --display_error_number --abi=eabi -z -m"test-pwm-yaraaaaaaaaaaaaaab.map" --heap_size=0 --stack_size=512 -i"C:/ti/codecomposer1260/ccs/tools/compiler/ti-cgt-arm_20.2.7.LTS/lib" -i"C:/ti/codecomposer1260/ccs/tools/compiler/ti-cgt-arm_20.2.7.LTS/include" --reread_libs --diag_wrap=off --display_error_number --warn_sections --xml_link_info="test-pwm-yaraaaaaaaaaaaaaab_linkInfo.xml" --rom_model -o "test-pwm-yaraaaaaaaaaaaaaab.out" "./main.obj" "./pwm.obj" "./tm4c123gh6pm_startup_ccs.obj" "../tm4c123gh6pm.cmd"  -llibc.a 
<Linking>
 
 undefined   first referenced
  symbol         in file     
 ---------   ----------------
 PWM_SetDuty ./main.obj      
 
error #10234-D: unresolved symbols remain
error #10010: errors encountered during linking; "test-pwm-yaraaaaaaaaaaaaaab.out" not built
 
>> Compilation failure
makefile:137: recipe for target 'test-pwm-yaraaaaaaaaaaaaaab.out' failed
gmake[1]: *** [test-pwm-yaraaaaaaaaaaaaaab.out] Error 1
makefile:133: recipe for target 'all' failed
gmake: *** [all] Error 2

**** Build Finished ****

**** Build of configuration Debug for project test-pwm-yaraaaaaaaaaaaaaab ****

"C:\\ti\\codecomposer1260\\ccs\\utils\\bin\\gmake" -k -j 8 all -O 
 
Building file: "../main.c"
Invoking: Arm Compiler
"C:/ti/codecomposer1260/ccs/tools/compiler/ti-cgt-arm_20.2.7.LTS/bin/armcl" -mv7M4 --code_state=16 --float_support=FPv4SPD16 -me --include_path="D:/4th_year/3_Graduation_project/main_project/2-software/automotive_graduation_project/Embedded_Systems/Tests/test-pwm-yaraaaaaaaaaaaaaab" --include_path="C:/ti/codecomposer1260/ccs/tools/compiler/ti-cgt-arm_20.2.7.LTS/include" --define=ccs="ccs" --define=PART_TM4C123GH6PM -g --gcc --diag_warning=225 --diag_wrap=off --display_error_number --abi=eabi --preproc_with_compile --preproc_dependency="main.d_raw"  "../main.c"
Finished building: "../main.c"
 
Building target: "test-pwm-yaraaaaaaaaaaaaaab.out"
Invoking: Arm Linker
"C:/ti/codecomposer1260/ccs/tools/compiler/ti-cgt-arm_20.2.7.LTS/bin/armcl" -mv7M4 --code_state=16 --float_support=FPv4SPD16 -me --define=ccs="ccs" --define=PART_TM4C123GH6PM -g --gcc --diag_warning=225 --diag_wrap=off --display_error_number --abi=eabi -z -m"test-pwm-yaraaaaaaaaaaaaaab.map" --heap_size=0 --stack_size=512 -i"C:/ti/codecomposer1260/ccs/tools/compiler/ti-cgt-arm_20.2.7.LTS/lib" -i"C:/ti/codecomposer1260/ccs/tools/compiler/ti-cgt-arm_20.2.7.LTS/include" --reread_libs --diag_wrap=off --display_error_number --warn_sections --xml_link_info="test-pwm-yaraaaaaaaaaaaaaab_linkInfo.xml" --rom_model -o "test-pwm-yaraaaaaaaaaaaaaab.out" "./main.obj" "./pwm.obj" "./tm4c123gh6pm_startup_ccs.obj" "../tm4c123gh6pm.cmd"  -llibc.a 
<Linking>
Finished building target: "test-pwm-yaraaaaaaaaaaaaaab.out"
 

**** Build Finished ****

**** Build of configuration Debug for project test-pwm-yaraaaaaaaaaaaaaab ****

"C:\\ti\\codecomposer1260\\ccs\\utils\\bin\\gmake" -k -j 8 all -O 
 
Building file: "../main.c"
Invoking: Arm Compiler
"C:/ti/codecomposer1260/ccs/tools/compiler/ti-cgt-arm_20.2.7.LTS/bin/armcl" -mv7M4 --code_state=16 --float_support=FPv4SPD16 -me --include_path="D:/4th_year/3_Graduation_project/main_project/2-software/automotive_graduation_project/Embedded_Systems/Tests/test-pwm-yaraaaaaaaaaaaaaab" --include_path="C:/ti/codecomposer1260/ccs/tools/compiler/ti-cgt-arm_20.2.7.LTS/include" --define=ccs="ccs" --define=PART_TM4C123GH6PM -g --gcc --diag_warning=225 --diag_wrap=off --display_error_number --abi=eabi --preproc_with_compile --preproc_dependency="main.d_raw"  "../main.c"
Finished building: "../main.c"
 
Building target: "test-pwm-yaraaaaaaaaaaaaaab.out"
Invoking: Arm Linker
"C:/ti/codecomposer1260/ccs/tools/compiler/ti-cgt-arm_20.2.7.LTS/bin/armcl" -mv7M4 --code_state=16 --float_support=FPv4SPD16 -me --define=ccs="ccs" --define=PART_TM4C123GH6PM -g --gcc --diag_warning=225 --diag_wrap=off --display_error_number --abi=eabi -z -m"test-pwm-yaraaaaaaaaaaaaaab.map" --heap_size=0 --stack_size=512 -i"C:/ti/codecomposer1260/ccs/tools/compiler/ti-cgt-arm_20.2.7.LTS/lib" -i"C:/ti/codecomposer1260/ccs/tools/compiler/ti-cgt-arm_20.2.7.LTS/include" --reread_libs --diag_wrap=off --display_error_number --warn_sections --xml_link_info="test-pwm-yaraaaaaaaaaaaaaab_linkInfo.xml" --rom_model -o "test-pwm-yaraaaaaaaaaaaaaab.out" "./main.obj" "./pwm.obj" "./tm4c123gh6pm_startup_ccs.obj" "../tm4c123gh6pm.cmd"  -llibc.a 
<Linking>
Finished building target: "test-pwm-yaraaaaaaaaaaaaaab.out"
 

**** Build Finished ****

**** Build of configuration Debug for project test-pwm-yaraaaaaaaaaaaaaab ****

"C:\\ti\\codecomposer1260\\ccs\\utils\\bin\\gmake" -k -j 8 all -O 
 
gmake[1]: 'test-pwm-yaraaaaaaaaaaaaaab.out' is up to date.

**** Build Finished ****

**** Build of configuration Debug for project test-pwm-yaraaaaaaaaaaaaaab ****

"C:\\ti\\codecomposer1260\\ccs\\utils\\bin\\gmake" -k -j 8 all -O 
 
Building file: "../main.c"
Invoking: Arm Compiler
"C:/ti/codecomposer1260/ccs/tools/compiler/ti-cgt-arm_20.2.7.LTS/bin/armcl" -mv7M4 --code_state=16 --float_support=FPv4SPD16 -me --include_path="D:/4th_year/3_Graduation_project/main_project/2-software/automotive_graduation_project/Embedded_Systems/Tests/test-pwm-yaraaaaaaaaaaaaaab" --include_path="C:/ti/codecomposer1260/ccs/tools/compiler/ti-cgt-arm_20.2.7.LTS/include" --define=ccs="ccs" --define=PART_TM4C123GH6PM -g --gcc --diag_warning=225 --diag_wrap=off --display_error_number --abi=eabi --preproc_with_compile --preproc_dependency="main.d_raw"  "../main.c"
Finished building: "../main.c"
 
Building file: "../tm4c123gh6pm_startup_ccs.c"
Invoking: Arm Compiler
"C:/ti/codecomposer1260/ccs/tools/compiler/ti-cgt-arm_20.2.7.LTS/bin/armcl" -mv7M4 --code_state=16 --float_support=FPv4SPD16 -me --include_path="D:/4th_year/3_Graduation_project/main_project/2-software/automotive_graduation_project/Embedded_Systems/Tests/test-pwm-yaraaaaaaaaaaaaaab" --include_path="C:/ti/codecomposer1260/ccs/tools/compiler/ti-cgt-arm_20.2.7.LTS/include" --define=ccs="ccs" --define=PART_TM4C123GH6PM -g --gcc --diag_warning=225 --diag_wrap=off --display_error_number --abi=eabi --preproc_with_compile --preproc_dependency="tm4c123gh6pm_startup_ccs.d_raw"  "../tm4c123gh6pm_startup_ccs.c"
Finished building: "../tm4c123gh6pm_startup_ccs.c"
 
Building target: "test-pwm-yaraaaaaaaaaaaaaab.out"
Invoking: Arm Linker
"C:/ti/codecomposer1260/ccs/tools/compiler/ti-cgt-arm_20.2.7.LTS/bin/armcl" -mv7M4 --code_state=16 --float_support=FPv4SPD16 -me --define=ccs="ccs" --define=PART_TM4C123GH6PM -g --gcc --diag_warning=225 --diag_wrap=off --display_error_number --abi=eabi -z -m"test-pwm-yaraaaaaaaaaaaaaab.map" --heap_size=0 --stack_size=512 -i"C:/ti/codecomposer1260/ccs/tools/compiler/ti-cgt-arm_20.2.7.LTS/lib" -i"C:/ti/codecomposer1260/ccs/tools/compiler/ti-cgt-arm_20.2.7.LTS/include" --reread_libs --diag_wrap=off --display_error_number --warn_sections --xml_link_info="test-pwm-yaraaaaaaaaaaaaaab_linkInfo.xml" --rom_model -o "test-pwm-yaraaaaaaaaaaaaaab.out" "./main.obj" "./pwm.obj" "./tm4c123gh6pm_startup_ccs.obj" "../tm4c123gh6pm.cmd"  -llibc.a 
<Linking>
Finished building target: "test-pwm-yaraaaaaaaaaaaaaab.out"
 

**** Build Finished ****

**** Build of configuration Debug for project test-pwm-yaraaaaaaaaaaaaaab ****

"C:\\ti\\codecomposer1260\\ccs\\utils\\bin\\gmake" -k -j 8 all -O 
 
gmake[1]: 'test-pwm-yaraaaaaaaaaaaaaab.out' is up to date.

**** Build Finished ****

**** Build of configuration Debug for project test-pwm-yaraaaaaaaaaaaaaab ****

"C:\\ti\\codecomposer1260\\ccs\\utils\\bin\\gmake" -k -j 8 all -O 
 
Building file: "../main.c"
Invoking: Arm Compiler
"C:/ti/codecomposer1260/ccs/tools/compiler/ti-cgt-arm_20.2.7.LTS/bin/armcl" -mv7M4 --code_state=16 --float_support=FPv4SPD16 -me --include_path="D:/4th_year/3_Graduation_project/main_project/2-software/automotive_graduation_project/Embedded_Systems/Tests/test-pwm-yaraaaaaaaaaaaaaab" --include_path="C:/ti/codecomposer1260/ccs/tools/compiler/ti-cgt-arm_20.2.7.LTS/include" --define=ccs="ccs" --define=PART_TM4C123GH6PM -g --gcc --diag_warning=225 --diag_wrap=off --display_error_number --abi=eabi --preproc_with_compile --preproc_dependency="main.d_raw"  "../main.c"
Finished building: "../main.c"
 
Building target: "test-pwm-yaraaaaaaaaaaaaaab.out"
Invoking: Arm Linker
"C:/ti/codecomposer1260/ccs/tools/compiler/ti-cgt-arm_20.2.7.LTS/bin/armcl" -mv7M4 --code_state=16 --float_support=FPv4SPD16 -me --define=ccs="ccs" --define=PART_TM4C123GH6PM -g --gcc --diag_warning=225 --diag_wrap=off --display_error_number --abi=eabi -z -m"test-pwm-yaraaaaaaaaaaaaaab.map" --heap_size=0 --stack_size=512 -i"C:/ti/codecomposer1260/ccs/tools/compiler/ti-cgt-arm_20.2.7.LTS/lib" -i"C:/ti/codecomposer1260/ccs/tools/compiler/ti-cgt-arm_20.2.7.LTS/include" --reread_libs --diag_wrap=off --display_error_number --warn_sections --xml_link_info="test-pwm-yaraaaaaaaaaaaaaab_linkInfo.xml" --rom_model -o "test-pwm-yaraaaaaaaaaaaaaab.out" "./main.obj" "./pwm.obj" "./tm4c123gh6pm_startup_ccs.obj" "../tm4c123gh6pm.cmd"  -llibc.a 
<Linking>
Finished building target: "test-pwm-yaraaaaaaaaaaaaaab.out"
 

**** Build Finished ****

**** Build of configuration Debug for project test-pwm-yaraaaaaaaaaaaaaab ****

"C:\\ti\\codecomposer1260\\ccs\\utils\\bin\\gmake" -k -j 8 all -O 
 
Building file: "../main.c"
Invoking: Arm Compiler
"C:/ti/codecomposer1260/ccs/tools/compiler/ti-cgt-arm_20.2.7.LTS/bin/armcl" -mv7M4 --code_state=16 --float_support=FPv4SPD16 -me --include_path="D:/4th_year/3_Graduation_project/main_project/2-software/automotive_graduation_project/Embedded_Systems/Tests/test-pwm-yaraaaaaaaaaaaaaab" --include_path="C:/ti/codecomposer1260/ccs/tools/compiler/ti-cgt-arm_20.2.7.LTS/include" --define=ccs="ccs" --define=PART_TM4C123GH6PM -g --gcc --diag_warning=225 --diag_wrap=off --display_error_number --abi=eabi --preproc_with_compile --preproc_dependency="main.d_raw"  "../main.c"
Finished building: "../main.c"
 
Building target: "test-pwm-yaraaaaaaaaaaaaaab.out"
Invoking: Arm Linker
"C:/ti/codecomposer1260/ccs/tools/compiler/ti-cgt-arm_20.2.7.LTS/bin/armcl" -mv7M4 --code_state=16 --float_support=FPv4SPD16 -me --define=ccs="ccs" --define=PART_TM4C123GH6PM -g --gcc --diag_warning=225 --diag_wrap=off --display_error_number --abi=eabi -z -m"test-pwm-yaraaaaaaaaaaaaaab.map" --heap_size=0 --stack_size=512 -i"C:/ti/codecomposer1260/ccs/tools/compiler/ti-cgt-arm_20.2.7.LTS/lib" -i"C:/ti/codecomposer1260/ccs/tools/compiler/ti-cgt-arm_20.2.7.LTS/include" --reread_libs --diag_wrap=off --display_error_number --warn_sections --xml_link_info="test-pwm-yaraaaaaaaaaaaaaab_linkInfo.xml" --rom_model -o "test-pwm-yaraaaaaaaaaaaaaab.out" "./main.obj" "./pwm.obj" "./tm4c123gh6pm_startup_ccs.obj" "../tm4c123gh6pm.cmd"  -llibc.a 
<Linking>
Finished building target: "test-pwm-yaraaaaaaaaaaaaaab.out"
 

**** Build Finished ****

**** Build of configuration Debug for project test-pwm-yaraaaaaaaaaaaaaab ****

"C:\\ti\\codecomposer1260\\ccs\\utils\\bin\\gmake" -k -j 8 all -O 
 
Building file: "../main.c"
Invoking: Arm Compiler
"C:/ti/codecomposer1260/ccs/tools/compiler/ti-cgt-arm_20.2.7.LTS/bin/armcl" -mv7M4 --code_state=16 --float_support=FPv4SPD16 -me --include_path="D:/4th_year/3_Graduation_project/main_project/2-software/automotive_graduation_project/Embedded_Systems/Tests/test-pwm-yaraaaaaaaaaaaaaab" --include_path="C:/ti/codecomposer1260/ccs/tools/compiler/ti-cgt-arm_20.2.7.LTS/include" --define=ccs="ccs" --define=PART_TM4C123GH6PM -g --gcc --diag_warning=225 --diag_wrap=off --display_error_number --abi=eabi --preproc_with_compile --preproc_dependency="main.d_raw"  "../main.c"
Finished building: "../main.c"
 
Building target: "test-pwm-yaraaaaaaaaaaaaaab.out"
Invoking: Arm Linker
"C:/ti/codecomposer1260/ccs/tools/compiler/ti-cgt-arm_20.2.7.LTS/bin/armcl" -mv7M4 --code_state=16 --float_support=FPv4SPD16 -me --define=ccs="ccs" --define=PART_TM4C123GH6PM -g --gcc --diag_warning=225 --diag_wrap=off --display_error_number --abi=eabi -z -m"test-pwm-yaraaaaaaaaaaaaaab.map" --heap_size=0 --stack_size=512 -i"C:/ti/codecomposer1260/ccs/tools/compiler/ti-cgt-arm_20.2.7.LTS/lib" -i"C:/ti/codecomposer1260/ccs/tools/compiler/ti-cgt-arm_20.2.7.LTS/include" --reread_libs --diag_wrap=off --display_error_number --warn_sections --xml_link_info="test-pwm-yaraaaaaaaaaaaaaab_linkInfo.xml" --rom_model -o "test-pwm-yaraaaaaaaaaaaaaab.out" "./main.obj" "./pwm.obj" "./tm4c123gh6pm_startup_ccs.obj" "../tm4c123gh6pm.cmd"  -llibc.a 
<Linking>
Finished building target: "test-pwm-yaraaaaaaaaaaaaaab.out"
 

**** Build Finished ****

**** Build of configuration Debug for project test-pwm-yaraaaaaaaaaaaaaab ****

"C:\\ti\\codecomposer1260\\ccs\\utils\\bin\\gmake" -k -j 8 all -O 
 
Building file: "../main.c"
Invoking: Arm Compiler
"C:/ti/codecomposer1260/ccs/tools/compiler/ti-cgt-arm_20.2.7.LTS/bin/armcl" -mv7M4 --code_state=16 --float_support=FPv4SPD16 -me --include_path="D:/4th_year/3_Graduation_project/main_project/2-software/automotive_graduation_project/Embedded_Systems/Tests/test-pwm-yaraaaaaaaaaaaaaab" --include_path="C:/ti/codecomposer1260/ccs/tools/compiler/ti-cgt-arm_20.2.7.LTS/include" --define=ccs="ccs" --define=PART_TM4C123GH6PM -g --gcc --diag_warning=225 --diag_wrap=off --display_error_number --abi=eabi --preproc_with_compile --preproc_dependency="main.d_raw"  "../main.c"
Finished building: "../main.c"
 
Building target: "test-pwm-yaraaaaaaaaaaaaaab.out"
Invoking: Arm Linker
"C:/ti/codecomposer1260/ccs/tools/compiler/ti-cgt-arm_20.2.7.LTS/bin/armcl" -mv7M4 --code_state=16 --float_support=FPv4SPD16 -me --define=ccs="ccs" --define=PART_TM4C123GH6PM -g --gcc --diag_warning=225 --diag_wrap=off --display_error_number --abi=eabi -z -m"test-pwm-yaraaaaaaaaaaaaaab.map" --heap_size=0 --stack_size=512 -i"C:/ti/codecomposer1260/ccs/tools/compiler/ti-cgt-arm_20.2.7.LTS/lib" -i"C:/ti/codecomposer1260/ccs/tools/compiler/ti-cgt-arm_20.2.7.LTS/include" --reread_libs --diag_wrap=off --display_error_number --warn_sections --xml_link_info="test-pwm-yaraaaaaaaaaaaaaab_linkInfo.xml" --rom_model -o "test-pwm-yaraaaaaaaaaaaaaab.out" "./main.obj" "./pwm.obj" "./tm4c123gh6pm_startup_ccs.obj" "../tm4c123gh6pm.cmd"  -llibc.a 
<Linking>
Finished building target: "test-pwm-yaraaaaaaaaaaaaaab.out"
 

**** Build Finished ****

**** Build of configuration Debug for project test-pwm-yaraaaaaaaaaaaaaab ****

"C:\\ti\\codecomposer1260\\ccs\\utils\\bin\\gmake" -k -j 8 all -O 
 
Building file: "../main.c"
Invoking: Arm Compiler
"C:/ti/codecomposer1260/ccs/tools/compiler/ti-cgt-arm_20.2.7.LTS/bin/armcl" -mv7M4 --code_state=16 --float_support=FPv4SPD16 -me --include_path="D:/4th_year/3_Graduation_project/main_project/2-software/automotive_graduation_project/Embedded_Systems/Tests/test-pwm-yaraaaaaaaaaaaaaab" --include_path="C:/ti/codecomposer1260/ccs/tools/compiler/ti-cgt-arm_20.2.7.LTS/include" --define=ccs="ccs" --define=PART_TM4C123GH6PM -g --gcc --diag_warning=225 --diag_wrap=off --display_error_number --abi=eabi --preproc_with_compile --preproc_dependency="main.d_raw"  "../main.c"
Finished building: "../main.c"
 
Building target: "test-pwm-yaraaaaaaaaaaaaaab.out"
Invoking: Arm Linker
"C:/ti/codecomposer1260/ccs/tools/compiler/ti-cgt-arm_20.2.7.LTS/bin/armcl" -mv7M4 --code_state=16 --float_support=FPv4SPD16 -me --define=ccs="ccs" --define=PART_TM4C123GH6PM -g --gcc --diag_warning=225 --diag_wrap=off --display_error_number --abi=eabi -z -m"test-pwm-yaraaaaaaaaaaaaaab.map" --heap_size=0 --stack_size=512 -i"C:/ti/codecomposer1260/ccs/tools/compiler/ti-cgt-arm_20.2.7.LTS/lib" -i"C:/ti/codecomposer1260/ccs/tools/compiler/ti-cgt-arm_20.2.7.LTS/include" --reread_libs --diag_wrap=off --display_error_number --warn_sections --xml_link_info="test-pwm-yaraaaaaaaaaaaaaab_linkInfo.xml" --rom_model -o "test-pwm-yaraaaaaaaaaaaaaab.out" "./main.obj" "./pwm.obj" "./tm4c123gh6pm_startup_ccs.obj" "../tm4c123gh6pm.cmd"  -llibc.a 
<Linking>
Finished building target: "test-pwm-yaraaaaaaaaaaaaaab.out"
 

**** Build Finished ****

**** Build of configuration Debug for project test-pwm-yaraaaaaaaaaaaaaab ****

"C:\\ti\\codecomposer1260\\ccs\\utils\\bin\\gmake" -k -j 8 all -O 
 
Building file: "../main.c"
Invoking: Arm Compiler
"C:/ti/codecomposer1260/ccs/tools/compiler/ti-cgt-arm_20.2.7.LTS/bin/armcl" -mv7M4 --code_state=16 --float_support=FPv4SPD16 -me --include_path="D:/4th_year/3_Graduation_project/main_project/2-software/automotive_graduation_project/Embedded_Systems/Tests/test-pwm-yaraaaaaaaaaaaaaab" --include_path="C:/ti/codecomposer1260/ccs/tools/compiler/ti-cgt-arm_20.2.7.LTS/include" --define=ccs="ccs" --define=PART_TM4C123GH6PM -g --gcc --diag_warning=225 --diag_wrap=off --display_error_number --abi=eabi --preproc_with_compile --preproc_dependency="main.d_raw"  "../main.c"
 
>> Compilation failure
subdir_rules.mk:9: recipe for target 'main.obj' failed
"../main.c", line 10: error #20: identifier "uint8_t" is undefined
"../main.c", line 15: warning #225-D: function "DelayMs" declared implicitly
"../main.c", line 23: error #20: identifier "uint32_t" is undefined
"../main.c", line 23: warning #161-D: declaration is incompatible with previous "DelayMs" (declared at line 15)
"../main.c", line 25: error #20: identifier "uint32_t" is undefined
3 errors detected in the compilation of "../main.c".
gmake: *** [main.obj] Error 1
gmake: Target 'all' not remade because of errors.

**** Build Finished ****

**** Build of configuration Debug for project test-pwm-yaraaaaaaaaaaaaaab ****

"C:\\ti\\codecomposer1260\\ccs\\utils\\bin\\gmake" -k -j 8 all -O 
 
Building file: "../main.c"
Invoking: Arm Compiler
"C:/ti/codecomposer1260/ccs/tools/compiler/ti-cgt-arm_20.2.7.LTS/bin/armcl" -mv7M4 --code_state=16 --float_support=FPv4SPD16 -me --include_path="D:/4th_year/3_Graduation_project/main_project/2-software/automotive_graduation_project/Embedded_Systems/Tests/test-pwm-yaraaaaaaaaaaaaaab" --include_path="C:/ti/codecomposer1260/ccs/tools/compiler/ti-cgt-arm_20.2.7.LTS/include" --define=ccs="ccs" --define=PART_TM4C123GH6PM -g --gcc --diag_warning=225 --diag_wrap=off --display_error_number --abi=eabi --preproc_with_compile --preproc_dependency="main.d_raw"  "../main.c"
 
>> Compilation failure
subdir_rules.mk:9: recipe for target 'main.obj' failed
"../main.c", line 6: error #20: identifier "uint8_t" is undefined
"../main.c", line 11: warning #225-D: function "DelayMs" declared implicitly
"../main.c", line 18: error #20: identifier "uint32_t" is undefined
"../main.c", line 18: warning #161-D: declaration is incompatible with previous "DelayMs" (declared at line 11)
"../main.c", line 20: error #20: identifier "uint32_t" is undefined
3 errors detected in the compilation of "../main.c".
gmake: *** [main.obj] Error 1
gmake: Target 'all' not remade because of errors.

**** Build Finished ****

**** Build of configuration Debug for project test-pwm-yaraaaaaaaaaaaaaab ****

"C:\\ti\\codecomposer1260\\ccs\\utils\\bin\\gmake" -k -j 8 all -O 
 
Building file: "../main.c"
Invoking: Arm Compiler
"C:/ti/codecomposer1260/ccs/tools/compiler/ti-cgt-arm_20.2.7.LTS/bin/armcl" -mv7M4 --code_state=16 --float_support=FPv4SPD16 -me --include_path="D:/4th_year/3_Graduation_project/main_project/2-software/automotive_graduation_project/Embedded_Systems/Tests/test-pwm-yaraaaaaaaaaaaaaab" --include_path="C:/ti/codecomposer1260/ccs/tools/compiler/ti-cgt-arm_20.2.7.LTS/include" --define=ccs="ccs" --define=PART_TM4C123GH6PM -g --gcc --diag_warning=225 --diag_wrap=off --display_error_number --abi=eabi --preproc_with_compile --preproc_dependency="main.d_raw"  "../main.c"
"../main.c", line 12: warning #225-D: function "DelayMs" declared implicitly
"../main.c", line 19: warning #161-D: declaration is incompatible with previous "DelayMs" (declared at line 12)
Finished building: "../main.c"
 
Building target: "test-pwm-yaraaaaaaaaaaaaaab.out"
Invoking: Arm Linker
"C:/ti/codecomposer1260/ccs/tools/compiler/ti-cgt-arm_20.2.7.LTS/bin/armcl" -mv7M4 --code_state=16 --float_support=FPv4SPD16 -me --define=ccs="ccs" --define=PART_TM4C123GH6PM -g --gcc --diag_warning=225 --diag_wrap=off --display_error_number --abi=eabi -z -m"test-pwm-yaraaaaaaaaaaaaaab.map" --heap_size=0 --stack_size=512 -i"C:/ti/codecomposer1260/ccs/tools/compiler/ti-cgt-arm_20.2.7.LTS/lib" -i"C:/ti/codecomposer1260/ccs/tools/compiler/ti-cgt-arm_20.2.7.LTS/include" --reread_libs --diag_wrap=off --display_error_number --warn_sections --xml_link_info="test-pwm-yaraaaaaaaaaaaaaab_linkInfo.xml" --rom_model -o "test-pwm-yaraaaaaaaaaaaaaab.out" "./main.obj" "./pwm.obj" "./tm4c123gh6pm_startup_ccs.obj" "../tm4c123gh6pm.cmd"  -llibc.a 
<Linking>
Finished building target: "test-pwm-yaraaaaaaaaaaaaaab.out"
 

**** Build Finished ****

**** Build of configuration Debug for project test-pwm-yaraaaaaaaaaaaaaab ****

"C:\\ti\\codecomposer1260\\ccs\\utils\\bin\\gmake" -k -j 8 all -O 
 
Building file: "../main.c"
Invoking: Arm Compiler
"C:/ti/codecomposer1260/ccs/tools/compiler/ti-cgt-arm_20.2.7.LTS/bin/armcl" -mv7M4 --code_state=16 --float_support=FPv4SPD16 -me --include_path="D:/4th_year/3_Graduation_project/main_project/2-software/automotive_graduation_project/Embedded_Systems/Tests/test-pwm-yaraaaaaaaaaaaaaab" --include_path="C:/ti/codecomposer1260/ccs/tools/compiler/ti-cgt-arm_20.2.7.LTS/include" --define=ccs="ccs" --define=PART_TM4C123GH6PM -g --gcc --diag_warning=225 --diag_wrap=off --display_error_number --abi=eabi --preproc_with_compile --preproc_dependency="main.d_raw"  "../main.c"
 
>> Compilation failure
subdir_rules.mk:9: recipe for target 'main.obj' failed
"../main.c", line 1: fatal error #1965: cannot open source file "PWMSoftware.h"
1 catastrophic error detected in the compilation of "../main.c".
Compilation terminated.
gmake: *** [main.obj] Error 1
Building file: "../Critical_Files/Det.c"
Invoking: Arm Compiler
"C:/ti/codecomposer1260/ccs/tools/compiler/ti-cgt-arm_20.2.7.LTS/bin/armcl" -mv7M4 --code_state=16 --float_support=FPv4SPD16 -me --include_path="D:/4th_year/3_Graduation_project/main_project/2-software/automotive_graduation_project/Embedded_Systems/Tests/test-pwm-yaraaaaaaaaaaaaaab" --include_path="C:/ti/codecomposer1260/ccs/tools/compiler/ti-cgt-arm_20.2.7.LTS/include" --define=ccs="ccs" --define=PART_TM4C123GH6PM -g --gcc --diag_warning=225 --diag_wrap=off --display_error_number --abi=eabi --preproc_with_compile --preproc_dependency="Critical_Files/Det.d_raw" --obj_directory="Critical_Files"  "../Critical_Files/Det.c"
"../Critical_Files/Det.c", line 22: warning #112-D: statement is unreachable
Finished building: "../Critical_Files/Det.c"
 
Building file: "../Critical_Files/tm4c123gh6pm_startup_ccs.c"
Invoking: Arm Compiler
"C:/ti/codecomposer1260/ccs/tools/compiler/ti-cgt-arm_20.2.7.LTS/bin/armcl" -mv7M4 --code_state=16 --float_support=FPv4SPD16 -me --include_path="D:/4th_year/3_Graduation_project/main_project/2-software/automotive_graduation_project/Embedded_Systems/Tests/test-pwm-yaraaaaaaaaaaaaaab" --include_path="C:/ti/codecomposer1260/ccs/tools/compiler/ti-cgt-arm_20.2.7.LTS/include" --define=ccs="ccs" --define=PART_TM4C123GH6PM -g --gcc --diag_warning=225 --diag_wrap=off --display_error_number --abi=eabi --preproc_with_compile --preproc_dependency="Critical_Files/tm4c123gh6pm_startup_ccs.d_raw" --obj_directory="Critical_Files"  "../Critical_Files/tm4c123gh6pm_startup_ccs.c"
Finished building: "../Critical_Files/tm4c123gh6pm_startup_ccs.c"
 
Building file: "../Dio_Driver/Dio.c"
Invoking: Arm Compiler
"C:/ti/codecomposer1260/ccs/tools/compiler/ti-cgt-arm_20.2.7.LTS/bin/armcl" -mv7M4 --code_state=16 --float_support=FPv4SPD16 -me --include_path="D:/4th_year/3_Graduation_project/main_project/2-software/automotive_graduation_project/Embedded_Systems/Tests/test-pwm-yaraaaaaaaaaaaaaab" --include_path="C:/ti/codecomposer1260/ccs/tools/compiler/ti-cgt-arm_20.2.7.LTS/include" --define=ccs="ccs" --define=PART_TM4C123GH6PM -g --gcc --diag_warning=225 --diag_wrap=off --display_error_number --abi=eabi --preproc_with_compile --preproc_dependency="Dio_Driver/Dio.d_raw" --obj_directory="Dio_Driver"  "../Dio_Driver/Dio.c"
Finished building: "../Dio_Driver/Dio.c"
 
Building file: "../Dio_Driver/Dio_PBcfg.c"
Invoking: Arm Compiler
"C:/ti/codecomposer1260/ccs/tools/compiler/ti-cgt-arm_20.2.7.LTS/bin/armcl" -mv7M4 --code_state=16 --float_support=FPv4SPD16 -me --include_path="D:/4th_year/3_Graduation_project/main_project/2-software/automotive_graduation_project/Embedded_Systems/Tests/test-pwm-yaraaaaaaaaaaaaaab" --include_path="C:/ti/codecomposer1260/ccs/tools/compiler/ti-cgt-arm_20.2.7.LTS/include" --define=ccs="ccs" --define=PART_TM4C123GH6PM -g --gcc --diag_warning=225 --diag_wrap=off --display_error_number --abi=eabi --preproc_with_compile --preproc_dependency="Dio_Driver/Dio_PBcfg.d_raw" --obj_directory="Dio_Driver"  "../Dio_Driver/Dio_PBcfg.c"
Finished building: "../Dio_Driver/Dio_PBcfg.c"
 
Building file: "../Port_Driver/Port_PBcfg.c"
Invoking: Arm Compiler
"C:/ti/codecomposer1260/ccs/tools/compiler/ti-cgt-arm_20.2.7.LTS/bin/armcl" -mv7M4 --code_state=16 --float_support=FPv4SPD16 -me --include_path="D:/4th_year/3_Graduation_project/main_project/2-software/automotive_graduation_project/Embedded_Systems/Tests/test-pwm-yaraaaaaaaaaaaaaab" --include_path="C:/ti/codecomposer1260/ccs/tools/compiler/ti-cgt-arm_20.2.7.LTS/include" --define=ccs="ccs" --define=PART_TM4C123GH6PM -g --gcc --diag_warning=225 --diag_wrap=off --display_error_number --abi=eabi --preproc_with_compile --preproc_dependency="Port_Driver/Port_PBcfg.d_raw" --obj_directory="Port_Driver"  "../Port_Driver/Port_PBcfg.c"
Finished building: "../Port_Driver/Port_PBcfg.c"
 
Building file: "../control_driver/control_app.c"
Invoking: Arm Compiler
"C:/ti/codecomposer1260/ccs/tools/compiler/ti-cgt-arm_20.2.7.LTS/bin/armcl" -mv7M4 --code_state=16 --float_support=FPv4SPD16 -me --include_path="D:/4th_year/3_Graduation_project/main_project/2-software/automotive_graduation_project/Embedded_Systems/Tests/test-pwm-yaraaaaaaaaaaaaaab" --include_path="C:/ti/codecomposer1260/ccs/tools/compiler/ti-cgt-arm_20.2.7.LTS/include" --define=ccs="ccs" --define=PART_TM4C123GH6PM -g --gcc --diag_warning=225 --diag_wrap=off --display_error_number --abi=eabi --preproc_with_compile --preproc_dependency="control_driver/control_app.d_raw" --obj_directory="control_driver"  "../control_driver/control_app.c"
 
>> Compilation failure
control_driver/subdir_rules.mk:9: recipe for target 'control_driver/control_app.obj' failed
"..\control_driver\control_app.h", line 13: fatal error #1965: cannot open source file "PWM_Driver/PWM.h"
1 catastrophic error detected in the compilation of "../control_driver/control_app.c".
Compilation terminated.
gmake: *** [control_driver/control_app.obj] Error 1
Building file: "../Port_Driver/Port.c"
Invoking: Arm Compiler
"C:/ti/codecomposer1260/ccs/tools/compiler/ti-cgt-arm_20.2.7.LTS/bin/armcl" -mv7M4 --code_state=16 --float_support=FPv4SPD16 -me --include_path="D:/4th_year/3_Graduation_project/main_project/2-software/automotive_graduation_project/Embedded_Systems/Tests/test-pwm-yaraaaaaaaaaaaaaab" --include_path="C:/ti/codecomposer1260/ccs/tools/compiler/ti-cgt-arm_20.2.7.LTS/include" --define=ccs="ccs" --define=PART_TM4C123GH6PM -g --gcc --diag_warning=225 --diag_wrap=off --display_error_number --abi=eabi --preproc_with_compile --preproc_dependency="Port_Driver/Port.d_raw" --obj_directory="Port_Driver"  "../Port_Driver/Port.c"
Finished building: "../Port_Driver/Port.c"
 
Building file: "../Uart_Driver/uart_PBcfg.c"
Invoking: Arm Compiler
"C:/ti/codecomposer1260/ccs/tools/compiler/ti-cgt-arm_20.2.7.LTS/bin/armcl" -mv7M4 --code_state=16 --float_support=FPv4SPD16 -me --include_path="D:/4th_year/3_Graduation_project/main_project/2-software/automotive_graduation_project/Embedded_Systems/Tests/test-pwm-yaraaaaaaaaaaaaaab" --include_path="C:/ti/codecomposer1260/ccs/tools/compiler/ti-cgt-arm_20.2.7.LTS/include" --define=ccs="ccs" --define=PART_TM4C123GH6PM -g --gcc --diag_warning=225 --diag_wrap=off --display_error_number --abi=eabi --preproc_with_compile --preproc_dependency="Uart_Driver/uart_PBcfg.d_raw" --obj_directory="Uart_Driver"  "../Uart_Driver/uart_PBcfg.c"
Finished building: "../Uart_Driver/uart_PBcfg.c"
 
Building file: "../Uart_Driver/uart.c"
Invoking: Arm Compiler
"C:/ti/codecomposer1260/ccs/tools/compiler/ti-cgt-arm_20.2.7.LTS/bin/armcl" -mv7M4 --code_state=16 --float_support=FPv4SPD16 -me --include_path="D:/4th_year/3_Graduation_project/main_project/2-software/automotive_graduation_project/Embedded_Systems/Tests/test-pwm-yaraaaaaaaaaaaaaab" --include_path="C:/ti/codecomposer1260/ccs/tools/compiler/ti-cgt-arm_20.2.7.LTS/include" --define=ccs="ccs" --define=PART_TM4C123GH6PM -g --gcc --diag_warning=225 --diag_wrap=off --display_error_number --abi=eabi --preproc_with_compile --preproc_dependency="Uart_Driver/uart.d_raw" --obj_directory="Uart_Driver"  "../Uart_Driver/uart.c"
Finished building: "../Uart_Driver/uart.c"
 
Building file: "../pwm/pwm.c"
Invoking: Arm Compiler
"C:/ti/codecomposer1260/ccs/tools/compiler/ti-cgt-arm_20.2.7.LTS/bin/armcl" -mv7M4 --code_state=16 --float_support=FPv4SPD16 -me --include_path="D:/4th_year/3_Graduation_project/main_project/2-software/automotive_graduation_project/Embedded_Systems/Tests/test-pwm-yaraaaaaaaaaaaaaab" --include_path="C:/ti/codecomposer1260/ccs/tools/compiler/ti-cgt-arm_20.2.7.LTS/include" --define=ccs="ccs" --define=PART_TM4C123GH6PM -g --gcc --diag_warning=225 --diag_wrap=off --display_error_number --abi=eabi --preproc_with_compile --preproc_dependency="pwm/pwm.d_raw" --obj_directory="pwm"  "../pwm/pwm.c"
Finished building: "../pwm/pwm.c"
 
gmake: Target 'all' not remade because of errors.

**** Build Finished ****

**** Build of configuration Debug for project test-pwm-yaraaaaaaaaaaaaaab ****

"C:\\ti\\codecomposer1260\\ccs\\utils\\bin\\gmake" -k -j 8 all -O 
 
Building file: "../main.c"
Invoking: Arm Compiler
"C:/ti/codecomposer1260/ccs/tools/compiler/ti-cgt-arm_20.2.7.LTS/bin/armcl" -mv7M4 --code_state=16 --float_support=FPv4SPD16 -me --include_path="D:/4th_year/3_Graduation_project/main_project/2-software/automotive_graduation_project/Embedded_Systems/Tests/test-pwm-yaraaaaaaaaaaaaaab" --include_path="C:/ti/codecomposer1260/ccs/tools/compiler/ti-cgt-arm_20.2.7.LTS/include" --define=ccs="ccs" --define=PART_TM4C123GH6PM -g --gcc --diag_warning=225 --diag_wrap=off --display_error_number --abi=eabi --preproc_with_compile --preproc_dependency="main.d_raw"  "../main.c"
 
>> Compilation failure
subdir_rules.mk:9: recipe for target 'main.obj' failed
"..\control_driver/control_app.h", line 13: fatal error #1965: cannot open source file "PWM_Driver/PWM.h"
1 catastrophic error detected in the compilation of "../main.c".
Compilation terminated.
gmake: *** [main.obj] Error 1
Building file: "../control_driver/control_app.c"
Invoking: Arm Compiler
"C:/ti/codecomposer1260/ccs/tools/compiler/ti-cgt-arm_20.2.7.LTS/bin/armcl" -mv7M4 --code_state=16 --float_support=FPv4SPD16 -me --include_path="D:/4th_year/3_Graduation_project/main_project/2-software/automotive_graduation_project/Embedded_Systems/Tests/test-pwm-yaraaaaaaaaaaaaaab" --include_path="C:/ti/codecomposer1260/ccs/tools/compiler/ti-cgt-arm_20.2.7.LTS/include" --define=ccs="ccs" --define=PART_TM4C123GH6PM -g --gcc --diag_warning=225 --diag_wrap=off --display_error_number --abi=eabi --preproc_with_compile --preproc_dependency="control_driver/control_app.d_raw" --obj_directory="control_driver"  "../control_driver/control_app.c"
 
>> Compilation failure
control_driver/subdir_rules.mk:9: recipe for target 'control_driver/control_app.obj' failed
"..\control_driver\control_app.h", line 13: fatal error #1965: cannot open source file "PWM_Driver/PWM.h"
1 catastrophic error detected in the compilation of "../control_driver/control_app.c".
Compilation terminated.
gmake: *** [control_driver/control_app.obj] Error 1
gmake: Target 'all' not remade because of errors.

**** Build Finished ****

**** Build of configuration Debug for project test-pwm-yaraaaaaaaaaaaaaab ****

"C:\\ti\\codecomposer1260\\ccs\\utils\\bin\\gmake" -k -j 8 all -O 
 
Building file: "../main.c"
Invoking: Arm Compiler
"C:/ti/codecomposer1260/ccs/tools/compiler/ti-cgt-arm_20.2.7.LTS/bin/armcl" -mv7M4 --code_state=16 --float_support=FPv4SPD16 -me --include_path="D:/4th_year/3_Graduation_project/main_project/2-software/automotive_graduation_project/Embedded_Systems/Tests/test-pwm-yaraaaaaaaaaaaaaab" --include_path="C:/ti/codecomposer1260/ccs/tools/compiler/ti-cgt-arm_20.2.7.LTS/include" --define=ccs="ccs" --define=PART_TM4C123GH6PM -g --gcc --diag_warning=225 --diag_wrap=off --display_error_number --abi=eabi --preproc_with_compile --preproc_dependency="main.d_raw"  "../main.c"
"../main.c", line 14: warning #225-D: function "DelayMs" declared implicitly
"../main.c", line 21: warning #161-D: declaration is incompatible with previous "DelayMs" (declared at line 14)
Finished building: "../main.c"
 
Building file: "../control_driver/control_app.c"
Invoking: Arm Compiler
"C:/ti/codecomposer1260/ccs/tools/compiler/ti-cgt-arm_20.2.7.LTS/bin/armcl" -mv7M4 --code_state=16 --float_support=FPv4SPD16 -me --include_path="D:/4th_year/3_Graduation_project/main_project/2-software/automotive_graduation_project/Embedded_Systems/Tests/test-pwm-yaraaaaaaaaaaaaaab" --include_path="C:/ti/codecomposer1260/ccs/tools/compiler/ti-cgt-arm_20.2.7.LTS/include" --define=ccs="ccs" --define=PART_TM4C123GH6PM -g --gcc --diag_warning=225 --diag_wrap=off --display_error_number --abi=eabi --preproc_with_compile --preproc_dependency="control_driver/control_app.d_raw" --obj_directory="control_driver"  "../control_driver/control_app.c"
Finished building: "../control_driver/control_app.c"
 
Building target: "test-pwm-yaraaaaaaaaaaaaaab.out"
Invoking: Arm Linker
"C:/ti/codecomposer1260/ccs/tools/compiler/ti-cgt-arm_20.2.7.LTS/bin/armcl" -mv7M4 --code_state=16 --float_support=FPv4SPD16 -me --define=ccs="ccs" --define=PART_TM4C123GH6PM -g --gcc --diag_warning=225 --diag_wrap=off --display_error_number --abi=eabi -z -m"test-pwm-yaraaaaaaaaaaaaaab.map" --heap_size=0 --stack_size=512 -i"C:/ti/codecomposer1260/ccs/tools/compiler/ti-cgt-arm_20.2.7.LTS/lib" -i"C:/ti/codecomposer1260/ccs/tools/compiler/ti-cgt-arm_20.2.7.LTS/include" --reread_libs --diag_wrap=off --display_error_number --warn_sections --xml_link_info="test-pwm-yaraaaaaaaaaaaaaab_linkInfo.xml" --rom_model -o "test-pwm-yaraaaaaaaaaaaaaab.out" "./main.obj" "./tm4c123gh6pm_startup_ccs.obj" "./Critical_Files/Det.obj" "./Critical_Files/tm4c123gh6pm_startup_ccs.obj" "./Dio_Driver/Dio.obj" "./Dio_Driver/Dio_PBcfg.obj" "./Port_Driver/Port.obj" "./Port_Driver/Port_PBcfg.obj" "./Uart_Driver/uart.obj" "./Uart_Driver/uart_PBcfg.obj" "./control_driver/control_app.obj" "./pwm/pwm.obj" "../tm4c123gh6pm.cmd"  -llibc.a 
<Linking>
error #10056: symbol "ResetISR" redefined: first defined in "./tm4c123gh6pm_startup_ccs.obj"; redefined in "./Critical_Files/tm4c123gh6pm_startup_ccs.obj"
error #10056: symbol "g_pfnVectors" redefined: first defined in "./tm4c123gh6pm_startup_ccs.obj"; redefined in "./Critical_Files/tm4c123gh6pm_startup_ccs.obj"
error #10056: symbol "Port_Init" redefined: first defined in "./Port_Driver/Port.obj"; redefined in "./pwm/pwm.obj"
error #10010: errors encountered during linking; "test-pwm-yaraaaaaaaaaaaaaab.out" not built
 
>> Compilation failure
makefile:158: recipe for target 'test-pwm-yaraaaaaaaaaaaaaab.out' failed
gmake[1]: *** [test-pwm-yaraaaaaaaaaaaaaab.out] Error 1
makefile:154: recipe for target 'all' failed
gmake: *** [all] Error 2

**** Build Finished ****

**** Build of configuration Debug for project test-pwm-yaraaaaaaaaaaaaaab ****

"C:\\ti\\codecomposer1260\\ccs\\utils\\bin\\gmake" -k -j 8 all -O 
 
Building file: "../Critical_Files/tm4c123gh6pm_startup_ccs.c"
Invoking: Arm Compiler
"C:/ti/codecomposer1260/ccs/tools/compiler/ti-cgt-arm_20.2.7.LTS/bin/armcl" -mv7M4 --code_state=16 --float_support=FPv4SPD16 -me --include_path="D:/4th_year/3_Graduation_project/main_project/2-software/automotive_graduation_project/Embedded_Systems/Tests/test-pwm-yaraaaaaaaaaaaaaab" --include_path="C:/ti/codecomposer1260/ccs/tools/compiler/ti-cgt-arm_20.2.7.LTS/include" --define=ccs="ccs" --define=PART_TM4C123GH6PM -g --gcc --diag_warning=225 --diag_wrap=off --display_error_number --abi=eabi --preproc_with_compile --preproc_dependency="Critical_Files/tm4c123gh6pm_startup_ccs.d_raw" --obj_directory="Critical_Files"  "../Critical_Files/tm4c123gh6pm_startup_ccs.c"
Finished building: "../Critical_Files/tm4c123gh6pm_startup_ccs.c"
 
Building target: "test-pwm-yaraaaaaaaaaaaaaab.out"
Invoking: Arm Linker
"C:/ti/codecomposer1260/ccs/tools/compiler/ti-cgt-arm_20.2.7.LTS/bin/armcl" -mv7M4 --code_state=16 --float_support=FPv4SPD16 -me --define=ccs="ccs" --define=PART_TM4C123GH6PM -g --gcc --diag_warning=225 --diag_wrap=off --display_error_number --abi=eabi -z -m"test-pwm-yaraaaaaaaaaaaaaab.map" --heap_size=0 --stack_size=512 -i"C:/ti/codecomposer1260/ccs/tools/compiler/ti-cgt-arm_20.2.7.LTS/lib" -i"C:/ti/codecomposer1260/ccs/tools/compiler/ti-cgt-arm_20.2.7.LTS/include" --reread_libs --diag_wrap=off --display_error_number --warn_sections --xml_link_info="test-pwm-yaraaaaaaaaaaaaaab_linkInfo.xml" --rom_model -o "test-pwm-yaraaaaaaaaaaaaaab.out" "./main.obj" "./tm4c123gh6pm_startup_ccs.obj" "./Critical_Files/Det.obj" "./Critical_Files/tm4c123gh6pm_startup_ccs.obj" "./Dio_Driver/Dio.obj" "./Dio_Driver/Dio_PBcfg.obj" "./Port_Driver/Port.obj" "./Port_Driver/Port_PBcfg.obj" "./Uart_Driver/uart.obj" "./Uart_Driver/uart_PBcfg.obj" "./control_driver/control_app.obj" "./pwm/pwm.obj" "../tm4c123gh6pm.cmd"  -llibc.a 
<Linking>
error #10056: symbol "ResetISR" redefined: first defined in "./tm4c123gh6pm_startup_ccs.obj"; redefined in "./Critical_Files/tm4c123gh6pm_startup_ccs.obj"
error #10056: symbol "g_pfnVectors" redefined: first defined in "./tm4c123gh6pm_startup_ccs.obj"; redefined in "./Critical_Files/tm4c123gh6pm_startup_ccs.obj"
error #10056: symbol "Port_Init" redefined: first defined in "./Port_Driver/Port.obj"; redefined in "./pwm/pwm.obj"
error #10010: errors encountered during linking; "test-pwm-yaraaaaaaaaaaaaaab.out" not built
 
>> Compilation failure
makefile:158: recipe for target 'test-pwm-yaraaaaaaaaaaaaaab.out' failed
gmake[1]: *** [test-pwm-yaraaaaaaaaaaaaaab.out] Error 1
makefile:154: recipe for target 'all' failed
gmake: *** [all] Error 2

**** Build Finished ****

**** Build of configuration Debug for project test-pwm-yaraaaaaaaaaaaaaab ****

"C:\\ti\\codecomposer1260\\ccs\\utils\\bin\\gmake" -k -j 8 all -O 
 
Building target: "test-pwm-yaraaaaaaaaaaaaaab.out"
Invoking: Arm Linker
"C:/ti/codecomposer1260/ccs/tools/compiler/ti-cgt-arm_20.2.7.LTS/bin/armcl" -mv7M4 --code_state=16 --float_support=FPv4SPD16 -me --define=ccs="ccs" --define=PART_TM4C123GH6PM -g --gcc --diag_warning=225 --diag_wrap=off --display_error_number --abi=eabi -z -m"test-pwm-yaraaaaaaaaaaaaaab.map" --heap_size=0 --stack_size=512 -i"C:/ti/codecomposer1260/ccs/tools/compiler/ti-cgt-arm_20.2.7.LTS/lib" -i"C:/ti/codecomposer1260/ccs/tools/compiler/ti-cgt-arm_20.2.7.LTS/include" --reread_libs --diag_wrap=off --display_error_number --warn_sections --xml_link_info="test-pwm-yaraaaaaaaaaaaaaab_linkInfo.xml" --rom_model -o "test-pwm-yaraaaaaaaaaaaaaab.out" "./main.obj" "./Critical_Files/Det.obj" "./Critical_Files/tm4c123gh6pm_startup_ccs.obj" "./Dio_Driver/Dio.obj" "./Dio_Driver/Dio_PBcfg.obj" "./Port_Driver/Port.obj" "./Port_Driver/Port_PBcfg.obj" "./Uart_Driver/uart.obj" "./Uart_Driver/uart_PBcfg.obj" "./control_driver/control_app.obj" "./pwm/pwm.obj" "../tm4c123gh6pm.cmd"  -llibc.a 
<Linking>
error #10056: symbol "Port_Init" redefined: first defined in "./Port_Driver/Port.obj"; redefined in "./pwm/pwm.obj"
error #10010: errors encountered during linking; "test-pwm-yaraaaaaaaaaaaaaab.out" not built
 
>> Compilation failure
makefile:157: recipe for target 'test-pwm-yaraaaaaaaaaaaaaab.out' failed
gmake[1]: *** [test-pwm-yaraaaaaaaaaaaaaab.out] Error 1
makefile:153: recipe for target 'all' failed
gmake: *** [all] Error 2

**** Build Finished ****

**** Build of configuration Debug for project test-pwm-yaraaaaaaaaaaaaaab ****

"C:\\ti\\codecomposer1260\\ccs\\utils\\bin\\gmake" -k -j 8 all -O 
 
Building file: "../pwm/pwm.c"
Invoking: Arm Compiler
"C:/ti/codecomposer1260/ccs/tools/compiler/ti-cgt-arm_20.2.7.LTS/bin/armcl" -mv7M4 --code_state=16 --float_support=FPv4SPD16 -me --include_path="D:/4th_year/3_Graduation_project/main_project/2-software/automotive_graduation_project/Embedded_Systems/Tests/test-pwm-yaraaaaaaaaaaaaaab" --include_path="C:/ti/codecomposer1260/ccs/tools/compiler/ti-cgt-arm_20.2.7.LTS/include" --define=ccs="ccs" --define=PART_TM4C123GH6PM -g --gcc --diag_warning=225 --diag_wrap=off --display_error_number --abi=eabi --preproc_with_compile --preproc_dependency="pwm/pwm.d_raw" --obj_directory="pwm"  "../pwm/pwm.c"
"../pwm/pwm.c", line 151: warning #225-D: function "port_Init" declared implicitly
"../pwm/pwm.c", line 200: warning #161-D: declaration is incompatible with previous "port_Init" (declared at line 151)
Finished building: "../pwm/pwm.c"
 
Building target: "test-pwm-yaraaaaaaaaaaaaaab.out"
Invoking: Arm Linker
"C:/ti/codecomposer1260/ccs/tools/compiler/ti-cgt-arm_20.2.7.LTS/bin/armcl" -mv7M4 --code_state=16 --float_support=FPv4SPD16 -me --define=ccs="ccs" --define=PART_TM4C123GH6PM -g --gcc --diag_warning=225 --diag_wrap=off --display_error_number --abi=eabi -z -m"test-pwm-yaraaaaaaaaaaaaaab.map" --heap_size=0 --stack_size=512 -i"C:/ti/codecomposer1260/ccs/tools/compiler/ti-cgt-arm_20.2.7.LTS/lib" -i"C:/ti/codecomposer1260/ccs/tools/compiler/ti-cgt-arm_20.2.7.LTS/include" --reread_libs --diag_wrap=off --display_error_number --warn_sections --xml_link_info="test-pwm-yaraaaaaaaaaaaaaab_linkInfo.xml" --rom_model -o "test-pwm-yaraaaaaaaaaaaaaab.out" "./main.obj" "./Critical_Files/Det.obj" "./Critical_Files/tm4c123gh6pm_startup_ccs.obj" "./Dio_Driver/Dio.obj" "./Dio_Driver/Dio_PBcfg.obj" "./Port_Driver/Port.obj" "./Port_Driver/Port_PBcfg.obj" "./Uart_Driver/uart.obj" "./Uart_Driver/uart_PBcfg.obj" "./control_driver/control_app.obj" "./pwm/pwm.obj" "../tm4c123gh6pm.cmd"  -llibc.a 
<Linking>
Finished building target: "test-pwm-yaraaaaaaaaaaaaaab.out"
 

**** Build Finished ****

**** Build of configuration Debug for project test-pwm-yaraaaaaaaaaaaaaab ****

"C:\\ti\\codecomposer1260\\ccs\\utils\\bin\\gmake" -k -j 8 all -O 
 
Building file: "../main.c"
Invoking: Arm Compiler
"C:/ti/codecomposer1260/ccs/tools/compiler/ti-cgt-arm_20.2.7.LTS/bin/armcl" -mv7M4 --code_state=16 --float_support=FPv4SPD16 -me --include_path="D:/4th_year/3_Graduation_project/main_project/2-software/automotive_graduation_project/Embedded_Systems/Tests/test-pwm-yaraaaaaaaaaaaaaab" --include_path="C:/ti/codecomposer1260/ccs/tools/compiler/ti-cgt-arm_20.2.7.LTS/include" --define=ccs="ccs" --define=PART_TM4C123GH6PM -g --gcc --diag_warning=225 --diag_wrap=off --display_error_number --abi=eabi --preproc_with_compile --preproc_dependency="main.d_raw"  "../main.c"
"../main.c", line 13: warning #225-D: function "DelayMs" declared implicitly
"../main.c", line 20: warning #161-D: declaration is incompatible with previous "DelayMs" (declared at line 13)
Finished building: "../main.c"
 
Building target: "test-pwm-yaraaaaaaaaaaaaaab.out"
Invoking: Arm Linker
"C:/ti/codecomposer1260/ccs/tools/compiler/ti-cgt-arm_20.2.7.LTS/bin/armcl" -mv7M4 --code_state=16 --float_support=FPv4SPD16 -me --define=ccs="ccs" --define=PART_TM4C123GH6PM -g --gcc --diag_warning=225 --diag_wrap=off --display_error_number --abi=eabi -z -m"test-pwm-yaraaaaaaaaaaaaaab.map" --heap_size=0 --stack_size=512 -i"C:/ti/codecomposer1260/ccs/tools/compiler/ti-cgt-arm_20.2.7.LTS/lib" -i"C:/ti/codecomposer1260/ccs/tools/compiler/ti-cgt-arm_20.2.7.LTS/include" --reread_libs --diag_wrap=off --display_error_number --warn_sections --xml_link_info="test-pwm-yaraaaaaaaaaaaaaab_linkInfo.xml" --rom_model -o "test-pwm-yaraaaaaaaaaaaaaab.out" "./main.obj" "./Critical_Files/Det.obj" "./Critical_Files/tm4c123gh6pm_startup_ccs.obj" "./Dio_Driver/Dio.obj" "./Dio_Driver/Dio_PBcfg.obj" "./Port_Driver/Port.obj" "./Port_Driver/Port_PBcfg.obj" "./Uart_Driver/uart.obj" "./Uart_Driver/uart_PBcfg.obj" "./control_driver/control_app.obj" "./pwm/pwm.obj" "../tm4c123gh6pm.cmd"  -llibc.a 
<Linking>
Finished building target: "test-pwm-yaraaaaaaaaaaaaaab.out"
 

**** Build Finished ****

**** Build of configuration Debug for project test-pwm-yaraaaaaaaaaaaaaab ****

"C:\\ti\\codecomposer1260\\ccs\\utils\\bin\\gmake" -k -j 8 all -O 
 
gmake[1]: 'test-pwm-yaraaaaaaaaaaaaaab.out' is up to date.

**** Build Finished ****

**** Build of configuration Debug for project test-pwm-yaraaaaaaaaaaaaaab ****

"C:\\ti\\codecomposer1260\\ccs\\utils\\bin\\gmake" -k -j 8 all -O 
 
Building file: "../main.c"
Invoking: Arm Compiler
"C:/ti/codecomposer1260/ccs/tools/compiler/ti-cgt-arm_20.2.7.LTS/bin/armcl" -mv7M4 --code_state=16 --float_support=FPv4SPD16 -me --include_path="D:/4th_year/3_Graduation_project/main_project/2-software/automotive_graduation_project/Embedded_Systems/Tests/test-pwm-yaraaaaaaaaaaaaaab" --include_path="C:/ti/codecomposer1260/ccs/tools/compiler/ti-cgt-arm_20.2.7.LTS/include" --define=ccs="ccs" --define=PART_TM4C123GH6PM -g --gcc --diag_warning=225 --diag_wrap=off --display_error_number --abi=eabi --preproc_with_compile --preproc_dependency="main.d_raw"  "../main.c"
"../main.c", line 19: warning #225-D: function "DelayMs" declared implicitly
"../main.c", line 10: warning #179-D: variable "dataReceived" was declared but never referenced
"../main.c", line 11: warning #179-D: variable "Motion_Control_Char" was declared but never referenced
"../main.c", line 26: warning #161-D: declaration is incompatible with previous "DelayMs" (declared at line 19)
Finished building: "../main.c"
 
Building target: "test-pwm-yaraaaaaaaaaaaaaab.out"
Invoking: Arm Linker
"C:/ti/codecomposer1260/ccs/tools/compiler/ti-cgt-arm_20.2.7.LTS/bin/armcl" -mv7M4 --code_state=16 --float_support=FPv4SPD16 -me --define=ccs="ccs" --define=PART_TM4C123GH6PM -g --gcc --diag_warning=225 --diag_wrap=off --display_error_number --abi=eabi -z -m"test-pwm-yaraaaaaaaaaaaaaab.map" --heap_size=0 --stack_size=512 -i"C:/ti/codecomposer1260/ccs/tools/compiler/ti-cgt-arm_20.2.7.LTS/lib" -i"C:/ti/codecomposer1260/ccs/tools/compiler/ti-cgt-arm_20.2.7.LTS/include" --reread_libs --diag_wrap=off --display_error_number --warn_sections --xml_link_info="test-pwm-yaraaaaaaaaaaaaaab_linkInfo.xml" --rom_model -o "test-pwm-yaraaaaaaaaaaaaaab.out" "./main.obj" "./Critical_Files/Det.obj" "./Critical_Files/tm4c123gh6pm_startup_ccs.obj" "./Dio_Driver/Dio.obj" "./Dio_Driver/Dio_PBcfg.obj" "./Port_Driver/Port.obj" "./Port_Driver/Port_PBcfg.obj" "./Uart_Driver/uart.obj" "./Uart_Driver/uart_PBcfg.obj" "./control_driver/control_app.obj" "./pwm/pwm.obj" "../tm4c123gh6pm.cmd"  -llibc.a 
<Linking>
Finished building target: "test-pwm-yaraaaaaaaaaaaaaab.out"
 

**** Build Finished ****

**** Build of configuration Debug for project test-pwm-yaraaaaaaaaaaaaaab ****

"C:\\ti\\codecomposer1260\\ccs\\utils\\bin\\gmake" -k -j 8 all -O 
 
gmake[1]: 'test-pwm-yaraaaaaaaaaaaaaab.out' is up to date.

**** Build Finished ****

**** Build of configuration Debug for project test-pwm-yaraaaaaaaaaaaaaab ****

"C:\\ti\\codecomposer1260\\ccs\\utils\\bin\\gmake" -k -j 8 all -O 
 
Building file: "../main.c"
Invoking: Arm Compiler
"C:/ti/codecomposer1260/ccs/tools/compiler/ti-cgt-arm_20.2.7.LTS/bin/armcl" -mv7M4 --code_state=16 --float_support=FPv4SPD16 -me --include_path="D:/4th_year/3_Graduation_project/main_project/2-software/automotive_graduation_project/Embedded_Systems/Tests/test-pwm-yaraaaaaaaaaaaaaab" --include_path="C:/ti/codecomposer1260/ccs/tools/compiler/ti-cgt-arm_20.2.7.LTS/include" --define=ccs="ccs" --define=PART_TM4C123GH6PM -g --gcc --diag_warning=225 --diag_wrap=off --display_error_number --abi=eabi --preproc_with_compile --preproc_dependency="main.d_raw"  "../main.c"
"../main.c", line 19: warning #225-D: function "DelayMs" declared implicitly
"../main.c", line 10: warning #179-D: variable "dataReceived" was declared but never referenced
"../main.c", line 11: warning #179-D: variable "Motion_Control_Char" was declared but never referenced
"../main.c", line 26: warning #161-D: declaration is incompatible with previous "DelayMs" (declared at line 19)
Finished building: "../main.c"
 
Building target: "test-pwm-yaraaaaaaaaaaaaaab.out"
Invoking: Arm Linker
"C:/ti/codecomposer1260/ccs/tools/compiler/ti-cgt-arm_20.2.7.LTS/bin/armcl" -mv7M4 --code_state=16 --float_support=FPv4SPD16 -me --define=ccs="ccs" --define=PART_TM4C123GH6PM -g --gcc --diag_warning=225 --diag_wrap=off --display_error_number --abi=eabi -z -m"test-pwm-yaraaaaaaaaaaaaaab.map" --heap_size=0 --stack_size=512 -i"C:/ti/codecomposer1260/ccs/tools/compiler/ti-cgt-arm_20.2.7.LTS/lib" -i"C:/ti/codecomposer1260/ccs/tools/compiler/ti-cgt-arm_20.2.7.LTS/include" --reread_libs --diag_wrap=off --display_error_number --warn_sections --xml_link_info="test-pwm-yaraaaaaaaaaaaaaab_linkInfo.xml" --rom_model -o "test-pwm-yaraaaaaaaaaaaaaab.out" "./main.obj" "./Critical_Files/Det.obj" "./Critical_Files/tm4c123gh6pm_startup_ccs.obj" "./Dio_Driver/Dio.obj" "./Dio_Driver/Dio_PBcfg.obj" "./Port_Driver/Port.obj" "./Port_Driver/Port_PBcfg.obj" "./Uart_Driver/uart.obj" "./Uart_Driver/uart_PBcfg.obj" "./control_driver/control_app.obj" "./pwm/pwm.obj" "../tm4c123gh6pm.cmd"  -llibc.a 
<Linking>
Finished building target: "test-pwm-yaraaaaaaaaaaaaaab.out"
 

**** Build Finished ****

**** Build of configuration Debug for project test-pwm-yaraaaaaaaaaaaaaab ****

"C:\\ti\\codecomposer1260\\ccs\\utils\\bin\\gmake" -k -j 8 all -O 
 
Building file: "../main.c"
Invoking: Arm Compiler
"C:/ti/codecomposer1260/ccs/tools/compiler/ti-cgt-arm_20.2.7.LTS/bin/armcl" -mv7M4 --code_state=16 --float_support=FPv4SPD16 -me --include_path="D:/4th_year/3_Graduation_project/main_project/2-software/automotive_graduation_project/Embedded_Systems/Tests/test-pwm-yaraaaaaaaaaaaaaab" --include_path="C:/ti/codecomposer1260/ccs/tools/compiler/ti-cgt-arm_20.2.7.LTS/include" --define=ccs="ccs" --define=PART_TM4C123GH6PM -g --gcc --diag_warning=225 --diag_wrap=off --display_error_number --abi=eabi --preproc_with_compile --preproc_dependency="main.d_raw"  "../main.c"
"../main.c", line 19: warning #225-D: function "DelayMs" declared implicitly
"../main.c", line 10: warning #179-D: variable "dataReceived" was declared but never referenced
"../main.c", line 11: warning #179-D: variable "Motion_Control_Char" was declared but never referenced
"../main.c", line 26: warning #161-D: declaration is incompatible with previous "DelayMs" (declared at line 19)
Finished building: "../main.c"
 
Building target: "test-pwm-yaraaaaaaaaaaaaaab.out"
Invoking: Arm Linker
"C:/ti/codecomposer1260/ccs/tools/compiler/ti-cgt-arm_20.2.7.LTS/bin/armcl" -mv7M4 --code_state=16 --float_support=FPv4SPD16 -me --define=ccs="ccs" --define=PART_TM4C123GH6PM -g --gcc --diag_warning=225 --diag_wrap=off --display_error_number --abi=eabi -z -m"test-pwm-yaraaaaaaaaaaaaaab.map" --heap_size=0 --stack_size=512 -i"C:/ti/codecomposer1260/ccs/tools/compiler/ti-cgt-arm_20.2.7.LTS/lib" -i"C:/ti/codecomposer1260/ccs/tools/compiler/ti-cgt-arm_20.2.7.LTS/include" --reread_libs --diag_wrap=off --display_error_number --warn_sections --xml_link_info="test-pwm-yaraaaaaaaaaaaaaab_linkInfo.xml" --rom_model -o "test-pwm-yaraaaaaaaaaaaaaab.out" "./main.obj" "./Critical_Files/Det.obj" "./Critical_Files/tm4c123gh6pm_startup_ccs.obj" "./Dio_Driver/Dio.obj" "./Dio_Driver/Dio_PBcfg.obj" "./Port_Driver/Port.obj" "./Port_Driver/Port_PBcfg.obj" "./Uart_Driver/uart.obj" "./Uart_Driver/uart_PBcfg.obj" "./control_driver/control_app.obj" "./pwm/pwm.obj" "../tm4c123gh6pm.cmd"  -llibc.a 
<Linking>
Finished building target: "test-pwm-yaraaaaaaaaaaaaaab.out"
 

**** Build Finished ****

**** Build of configuration Debug for project test-pwm-yaraaaaaaaaaaaaaab ****

"C:\\ti\\codecomposer1260\\ccs\\utils\\bin\\gmake" -k -j 8 all -O 
 
gmake[1]: 'test-pwm-yaraaaaaaaaaaaaaab.out' is up to date.

**** Build Finished ****

**** Build of configuration Debug for project test-pwm-yaraaaaaaaaaaaaaab ****

"C:\\ti\\codecomposer1260\\ccs\\utils\\bin\\gmake" -k -j 8 all -O 
 
Building file: "../main.c"
Invoking: Arm Compiler
"C:/ti/codecomposer1260/ccs/tools/compiler/ti-cgt-arm_20.2.7.LTS/bin/armcl" -mv7M4 --code_state=16 --float_support=FPv4SPD16 -me --include_path="D:/4th_year/3_Graduation_project/main_project/2-software/automotive_graduation_project/Embedded_Systems/Tests/test-pwm-yaraaaaaaaaaaaaaab" --include_path="C:/ti/codecomposer1260/ccs/tools/compiler/ti-cgt-arm_20.2.7.LTS/include" --define=ccs="ccs" --define=PART_TM4C123GH6PM -g --gcc --diag_warning=225 --diag_wrap=off --display_error_number --abi=eabi --preproc_with_compile --preproc_dependency="main.d_raw"  "../main.c"
"../main.c", line 19: warning #225-D: function "DelayMs" declared implicitly
"../main.c", line 10: warning #179-D: variable "dataReceived" was declared but never referenced
"../main.c", line 11: warning #179-D: variable "Motion_Control_Char" was declared but never referenced
"../main.c", line 26: warning #161-D: declaration is incompatible with previous "DelayMs" (declared at line 19)
Finished building: "../main.c"
 
Building target: "test-pwm-yaraaaaaaaaaaaaaab.out"
Invoking: Arm Linker
"C:/ti/codecomposer1260/ccs/tools/compiler/ti-cgt-arm_20.2.7.LTS/bin/armcl" -mv7M4 --code_state=16 --float_support=FPv4SPD16 -me --define=ccs="ccs" --define=PART_TM4C123GH6PM -g --gcc --diag_warning=225 --diag_wrap=off --display_error_number --abi=eabi -z -m"test-pwm-yaraaaaaaaaaaaaaab.map" --heap_size=0 --stack_size=512 -i"C:/ti/codecomposer1260/ccs/tools/compiler/ti-cgt-arm_20.2.7.LTS/lib" -i"C:/ti/codecomposer1260/ccs/tools/compiler/ti-cgt-arm_20.2.7.LTS/include" --reread_libs --diag_wrap=off --display_error_number --warn_sections --xml_link_info="test-pwm-yaraaaaaaaaaaaaaab_linkInfo.xml" --rom_model -o "test-pwm-yaraaaaaaaaaaaaaab.out" "./main.obj" "./Critical_Files/Det.obj" "./Critical_Files/tm4c123gh6pm_startup_ccs.obj" "./Dio_Driver/Dio.obj" "./Dio_Driver/Dio_PBcfg.obj" "./Port_Driver/Port.obj" "./Port_Driver/Port_PBcfg.obj" "./Uart_Driver/uart.obj" "./Uart_Driver/uart_PBcfg.obj" "./control_driver/control_app.obj" "./pwm/pwm.obj" "../tm4c123gh6pm.cmd"  -llibc.a 
<Linking>
Finished building target: "test-pwm-yaraaaaaaaaaaaaaab.out"
 

**** Build Finished ****

**** Build of configuration Debug for project test-pwm-yaraaaaaaaaaaaaaab ****

"C:\\ti\\codecomposer1260\\ccs\\utils\\bin\\gmake" -k -j 8 all -O 
 
gmake[1]: 'test-pwm-yaraaaaaaaaaaaaaab.out' is up to date.

**** Build Finished ****

**** Build of configuration Debug for project test-pwm-yaraaaaaaaaaaaaaab ****

"C:\\ti\\codecomposer1260\\ccs\\utils\\bin\\gmake" -k -j 8 all -O 
 
gmake[1]: 'test-pwm-yaraaaaaaaaaaaaaab.out' is up to date.

**** Build Finished ****

**** Build of configuration Debug for project test-pwm-yaraaaaaaaaaaaaaab ****

"C:\\ti\\codecomposer1260\\ccs\\utils\\bin\\gmake" -k -j 8 all -O 
 
Building file: "../main.c"
Invoking: Arm Compiler
"C:/ti/codecomposer1260/ccs/tools/compiler/ti-cgt-arm_20.2.7.LTS/bin/armcl" -mv7M4 --code_state=16 --float_support=FPv4SPD16 -me --include_path="D:/4th_year/3_Graduation_project/main_project/2-software/automotive_graduation_project/Embedded_Systems/Tests/test-pwm-yaraaaaaaaaaaaaaab" --include_path="C:/ti/codecomposer1260/ccs/tools/compiler/ti-cgt-arm_20.2.7.LTS/include" --define=ccs="ccs" --define=PART_TM4C123GH6PM -g --gcc --diag_warning=225 --diag_wrap=off --display_error_number --abi=eabi --preproc_with_compile --preproc_dependency="main.d_raw"  "../main.c"
"../main.c", line 19: warning #225-D: function "DelayMs" declared implicitly
"../main.c", line 10: warning #179-D: variable "dataReceived" was declared but never referenced
"../main.c", line 11: warning #179-D: variable "Motion_Control_Char" was declared but never referenced
"../main.c", line 26: warning #161-D: declaration is incompatible with previous "DelayMs" (declared at line 19)
Finished building: "../main.c"
 
Building target: "test-pwm-yaraaaaaaaaaaaaaab.out"
Invoking: Arm Linker
"C:/ti/codecomposer1260/ccs/tools/compiler/ti-cgt-arm_20.2.7.LTS/bin/armcl" -mv7M4 --code_state=16 --float_support=FPv4SPD16 -me --define=ccs="ccs" --define=PART_TM4C123GH6PM -g --gcc --diag_warning=225 --diag_wrap=off --display_error_number --abi=eabi -z -m"test-pwm-yaraaaaaaaaaaaaaab.map" --heap_size=0 --stack_size=512 -i"C:/ti/codecomposer1260/ccs/tools/compiler/ti-cgt-arm_20.2.7.LTS/lib" -i"C:/ti/codecomposer1260/ccs/tools/compiler/ti-cgt-arm_20.2.7.LTS/include" --reread_libs --diag_wrap=off --display_error_number --warn_sections --xml_link_info="test-pwm-yaraaaaaaaaaaaaaab_linkInfo.xml" --rom_model -o "test-pwm-yaraaaaaaaaaaaaaab.out" "./main.obj" "./Critical_Files/Det.obj" "./Critical_Files/tm4c123gh6pm_startup_ccs.obj" "./Dio_Driver/Dio.obj" "./Dio_Driver/Dio_PBcfg.obj" "./Port_Driver/Port.obj" "./Port_Driver/Port_PBcfg.obj" "./Uart_Driver/uart.obj" "./Uart_Driver/uart_PBcfg.obj" "./control_driver/control_app.obj" "./pwm/pwm.obj" "../tm4c123gh6pm.cmd"  -llibc.a 
<Linking>
Finished building target: "test-pwm-yaraaaaaaaaaaaaaab.out"
 

**** Build Finished ****

**** Build of configuration Debug for project test-pwm-yaraaaaaaaaaaaaaab ****

"C:\\ti\\codecomposer1260\\ccs\\utils\\bin\\gmake" -k -j 8 all -O 
 
Building file: "../main.c"
Invoking: Arm Compiler
"C:/ti/codecomposer1260/ccs/tools/compiler/ti-cgt-arm_20.2.7.LTS/bin/armcl" -mv7M4 --code_state=16 --float_support=FPv4SPD16 -me --include_path="D:/4th_year/3_Graduation_project/main_project/2-software/automotive_graduation_project/Embedded_Systems/Tests/test-pwm-yaraaaaaaaaaaaaaab" --include_path="C:/ti/codecomposer1260/ccs/tools/compiler/ti-cgt-arm_20.2.7.LTS/include" --define=ccs="ccs" --define=PART_TM4C123GH6PM -g --gcc --diag_warning=225 --diag_wrap=off --display_error_number --abi=eabi --preproc_with_compile --preproc_dependency="main.d_raw"  "../main.c"
"../main.c", line 19: warning #225-D: function "DelayMs" declared implicitly
"../main.c", line 10: warning #179-D: variable "dataReceived" was declared but never referenced
"../main.c", line 11: warning #179-D: variable "Motion_Control_Char" was declared but never referenced
"../main.c", line 26: warning #161-D: declaration is incompatible with previous "DelayMs" (declared at line 19)
Finished building: "../main.c"
 
Building target: "test-pwm-yaraaaaaaaaaaaaaab.out"
Invoking: Arm Linker
"C:/ti/codecomposer1260/ccs/tools/compiler/ti-cgt-arm_20.2.7.LTS/bin/armcl" -mv7M4 --code_state=16 --float_support=FPv4SPD16 -me --define=ccs="ccs" --define=PART_TM4C123GH6PM -g --gcc --diag_warning=225 --diag_wrap=off --display_error_number --abi=eabi -z -m"test-pwm-yaraaaaaaaaaaaaaab.map" --heap_size=0 --stack_size=512 -i"C:/ti/codecomposer1260/ccs/tools/compiler/ti-cgt-arm_20.2.7.LTS/lib" -i"C:/ti/codecomposer1260/ccs/tools/compiler/ti-cgt-arm_20.2.7.LTS/include" --reread_libs --diag_wrap=off --display_error_number --warn_sections --xml_link_info="test-pwm-yaraaaaaaaaaaaaaab_linkInfo.xml" --rom_model -o "test-pwm-yaraaaaaaaaaaaaaab.out" "./main.obj" "./Critical_Files/Det.obj" "./Critical_Files/tm4c123gh6pm_startup_ccs.obj" "./Dio_Driver/Dio.obj" "./Dio_Driver/Dio_PBcfg.obj" "./Port_Driver/Port.obj" "./Port_Driver/Port_PBcfg.obj" "./Uart_Driver/uart.obj" "./Uart_Driver/uart_PBcfg.obj" "./control_driver/control_app.obj" "./pwm/pwm.obj" "../tm4c123gh6pm.cmd"  -llibc.a 
<Linking>
Finished building target: "test-pwm-yaraaaaaaaaaaaaaab.out"
 

**** Build Finished ****

**** Build of configuration Debug for project test-pwm-yaraaaaaaaaaaaaaab ****

"C:\\ti\\codecomposer1260\\ccs\\utils\\bin\\gmake" -k -j 8 all -O 
 
gmake[1]: 'test-pwm-yaraaaaaaaaaaaaaab.out' is up to date.

**** Build Finished ****

**** Build of configuration Debug for project test-pwm-yaraaaaaaaaaaaaaab ****

"C:\\ti\\codecomposer1260\\ccs\\utils\\bin\\gmake" -k -j 8 all -O 
 
Building file: "../main.c"
Invoking: Arm Compiler
"C:/ti/codecomposer1260/ccs/tools/compiler/ti-cgt-arm_20.2.7.LTS/bin/armcl" -mv7M4 --code_state=16 --float_support=FPv4SPD16 -me --include_path="D:/4th_year/3_Graduation_project/main_project/2-software/automotive_graduation_project/Embedded_Systems/Tests/test-pwm-yaraaaaaaaaaaaaaab" --include_path="C:/ti/codecomposer1260/ccs/tools/compiler/ti-cgt-arm_20.2.7.LTS/include" --define=ccs="ccs" --define=PART_TM4C123GH6PM -g --gcc --diag_warning=225 --diag_wrap=off --display_error_number --abi=eabi --preproc_with_compile --preproc_dependency="main.d_raw"  "../main.c"
"../main.c", line 19: warning #225-D: function "DelayMs" declared implicitly
"../main.c", line 10: warning #179-D: variable "dataReceived" was declared but never referenced
"../main.c", line 11: warning #179-D: variable "Motion_Control_Char" was declared but never referenced
"../main.c", line 26: warning #161-D: declaration is incompatible with previous "DelayMs" (declared at line 19)
Finished building: "../main.c"
 
Building target: "test-pwm-yaraaaaaaaaaaaaaab.out"
Invoking: Arm Linker
"C:/ti/codecomposer1260/ccs/tools/compiler/ti-cgt-arm_20.2.7.LTS/bin/armcl" -mv7M4 --code_state=16 --float_support=FPv4SPD16 -me --define=ccs="ccs" --define=PART_TM4C123GH6PM -g --gcc --diag_warning=225 --diag_wrap=off --display_error_number --abi=eabi -z -m"test-pwm-yaraaaaaaaaaaaaaab.map" --heap_size=0 --stack_size=512 -i"C:/ti/codecomposer1260/ccs/tools/compiler/ti-cgt-arm_20.2.7.LTS/lib" -i"C:/ti/codecomposer1260/ccs/tools/compiler/ti-cgt-arm_20.2.7.LTS/include" --reread_libs --diag_wrap=off --display_error_number --warn_sections --xml_link_info="test-pwm-yaraaaaaaaaaaaaaab_linkInfo.xml" --rom_model -o "test-pwm-yaraaaaaaaaaaaaaab.out" "./main.obj" "./Critical_Files/Det.obj" "./Critical_Files/tm4c123gh6pm_startup_ccs.obj" "./Dio_Driver/Dio.obj" "./Dio_Driver/Dio_PBcfg.obj" "./Port_Driver/Port.obj" "./Port_Driver/Port_PBcfg.obj" "./Uart_Driver/uart.obj" "./Uart_Driver/uart_PBcfg.obj" "./control_driver/control_app.obj" "./pwm/pwm.obj" "../tm4c123gh6pm.cmd"  -llibc.a 
<Linking>
Finished building target: "test-pwm-yaraaaaaaaaaaaaaab.out"
 

**** Build Finished ****

**** Build of configuration Debug for project test-pwm-yaraaaaaaaaaaaaaab ****

"C:\\ti\\codecomposer1260\\ccs\\utils\\bin\\gmake" -k -j 8 all -O 
 
Building file: "../main.c"
Invoking: Arm Compiler
"C:/ti/codecomposer1260/ccs/tools/compiler/ti-cgt-arm_20.2.7.LTS/bin/armcl" -mv7M4 --code_state=16 --float_support=FPv4SPD16 -me --include_path="D:/4th_year/3_Graduation_project/main_project/2-software/automotive_graduation_project/Embedded_Systems/Tests/test-pwm-yaraaaaaaaaaaaaaab" --include_path="C:/ti/codecomposer1260/ccs/tools/compiler/ti-cgt-arm_20.2.7.LTS/include" --define=ccs="ccs" --define=PART_TM4C123GH6PM -g --gcc --diag_warning=225 --diag_wrap=off --display_error_number --abi=eabi --preproc_with_compile --preproc_dependency="main.d_raw"  "../main.c"
"../main.c", line 19: warning #225-D: function "DelayMs" declared implicitly
"../main.c", line 10: warning #179-D: variable "dataReceived" was declared but never referenced
"../main.c", line 11: warning #179-D: variable "Motion_Control_Char" was declared but never referenced
"../main.c", line 26: warning #161-D: declaration is incompatible with previous "DelayMs" (declared at line 19)
Finished building: "../main.c"
 
Building target: "test-pwm-yaraaaaaaaaaaaaaab.out"
Invoking: Arm Linker
"C:/ti/codecomposer1260/ccs/tools/compiler/ti-cgt-arm_20.2.7.LTS/bin/armcl" -mv7M4 --code_state=16 --float_support=FPv4SPD16 -me --define=ccs="ccs" --define=PART_TM4C123GH6PM -g --gcc --diag_warning=225 --diag_wrap=off --display_error_number --abi=eabi -z -m"test-pwm-yaraaaaaaaaaaaaaab.map" --heap_size=0 --stack_size=512 -i"C:/ti/codecomposer1260/ccs/tools/compiler/ti-cgt-arm_20.2.7.LTS/lib" -i"C:/ti/codecomposer1260/ccs/tools/compiler/ti-cgt-arm_20.2.7.LTS/include" --reread_libs --diag_wrap=off --display_error_number --warn_sections --xml_link_info="test-pwm-yaraaaaaaaaaaaaaab_linkInfo.xml" --rom_model -o "test-pwm-yaraaaaaaaaaaaaaab.out" "./main.obj" "./Critical_Files/Det.obj" "./Critical_Files/tm4c123gh6pm_startup_ccs.obj" "./Dio_Driver/Dio.obj" "./Dio_Driver/Dio_PBcfg.obj" "./Port_Driver/Port.obj" "./Port_Driver/Port_PBcfg.obj" "./Uart_Driver/uart.obj" "./Uart_Driver/uart_PBcfg.obj" "./control_driver/control_app.obj" "./pwm/pwm.obj" "../tm4c123gh6pm.cmd"  -llibc.a 
<Linking>
Finished building target: "test-pwm-yaraaaaaaaaaaaaaab.out"
 

**** Build Finished ****

**** Build of configuration Debug for project test-pwm-yaraaaaaaaaaaaaaab ****

"C:\\ti\\codecomposer1260\\ccs\\utils\\bin\\gmake" -k -j 8 all -O 
 
gmake[1]: 'test-pwm-yaraaaaaaaaaaaaaab.out' is up to date.

**** Build Finished ****

**** Build of configuration Debug for project test-pwm-yaraaaaaaaaaaaaaab ****

"C:\\ti\\codecomposer1260\\ccs\\utils\\bin\\gmake" -k -j 8 all -O 
 
Building file: "../main.c"
Invoking: Arm Compiler
"C:/ti/codecomposer1260/ccs/tools/compiler/ti-cgt-arm_20.2.7.LTS/bin/armcl" -mv7M4 --code_state=16 --float_support=FPv4SPD16 -me --include_path="D:/4th_year/3_Graduation_project/main_project/2-software/automotive_graduation_project/Embedded_Systems/Tests/test-pwm-yaraaaaaaaaaaaaaab" --include_path="C:/ti/codecomposer1260/ccs/tools/compiler/ti-cgt-arm_20.2.7.LTS/include" --define=ccs="ccs" --define=PART_TM4C123GH6PM -g --gcc --diag_warning=225 --diag_wrap=off --display_error_number --abi=eabi --preproc_with_compile --preproc_dependency="main.d_raw"  "../main.c"
"../main.c", line 19: warning #225-D: function "DelayMs" declared implicitly
"../main.c", line 55: warning #161-D: declaration is incompatible with previous "DelayMs" (declared at line 19)
Finished building: "../main.c"
 
Building target: "test-pwm-yaraaaaaaaaaaaaaab.out"
Invoking: Arm Linker
"C:/ti/codecomposer1260/ccs/tools/compiler/ti-cgt-arm_20.2.7.LTS/bin/armcl" -mv7M4 --code_state=16 --float_support=FPv4SPD16 -me --define=ccs="ccs" --define=PART_TM4C123GH6PM -g --gcc --diag_warning=225 --diag_wrap=off --display_error_number --abi=eabi -z -m"test-pwm-yaraaaaaaaaaaaaaab.map" --heap_size=0 --stack_size=512 -i"C:/ti/codecomposer1260/ccs/tools/compiler/ti-cgt-arm_20.2.7.LTS/lib" -i"C:/ti/codecomposer1260/ccs/tools/compiler/ti-cgt-arm_20.2.7.LTS/include" --reread_libs --diag_wrap=off --display_error_number --warn_sections --xml_link_info="test-pwm-yaraaaaaaaaaaaaaab_linkInfo.xml" --rom_model -o "test-pwm-yaraaaaaaaaaaaaaab.out" "./main.obj" "./Critical_Files/Det.obj" "./Critical_Files/tm4c123gh6pm_startup_ccs.obj" "./Dio_Driver/Dio.obj" "./Dio_Driver/Dio_PBcfg.obj" "./Port_Driver/Port.obj" "./Port_Driver/Port_PBcfg.obj" "./Uart_Driver/uart.obj" "./Uart_Driver/uart_PBcfg.obj" "./control_driver/control_app.obj" "./pwm/pwm.obj" "../tm4c123gh6pm.cmd"  -llibc.a 
<Linking>
Finished building target: "test-pwm-yaraaaaaaaaaaaaaab.out"
 

**** Build Finished ****

**** Build of configuration Debug for project test-pwm-yaraaaaaaaaaaaaaab ****

"C:\\ti\\codecomposer1260\\ccs\\utils\\bin\\gmake" -k -j 8 all -O 
 
gmake[1]: 'test-pwm-yaraaaaaaaaaaaaaab.out' is up to date.

**** Build Finished ****

**** Build of configuration Debug for project test-pwm-yaraaaaaaaaaaaaaab ****

"C:\\ti\\codecomposer1260\\ccs\\utils\\bin\\gmake" -k -j 8 all -O 
 
Building file: "../main.c"
Invoking: Arm Compiler
"C:/ti/codecomposer1260/ccs/tools/compiler/ti-cgt-arm_20.2.7.LTS/bin/armcl" -mv7M4 --code_state=16 --float_support=FPv4SPD16 -me --include_path="D:/4th_year/3_Graduation_project/main_project/2-software/automotive_graduation_project/Embedded_Systems/Tests/test-pwm-yaraaaaaaaaaaaaaab" --include_path="C:/ti/codecomposer1260/ccs/tools/compiler/ti-cgt-arm_20.2.7.LTS/include" --define=ccs="ccs" --define=PART_TM4C123GH6PM -g --gcc --diag_warning=225 --diag_wrap=off --display_error_number --abi=eabi --preproc_with_compile --preproc_dependency="main.d_raw"  "../main.c"
 
>> Compilation failure
subdir_rules.mk:9: recipe for target 'main.obj' failed
"../main.c", line 3: fatal error #13: expected a file name
1 catastrophic error detected in the compilation of "../main.c".
Compilation terminated.
gmake: *** [main.obj] Error 1
gmake: Target 'all' not remade because of errors.

**** Build Finished ****

**** Build of configuration Debug for project test-pwm-yaraaaaaaaaaaaaaab ****

"C:\\ti\\codecomposer1260\\ccs\\utils\\bin\\gmake" -k -j 8 all -O 
 
Building file: "../main.c"
Invoking: Arm Compiler
"C:/ti/codecomposer1260/ccs/tools/compiler/ti-cgt-arm_20.2.7.LTS/bin/armcl" -mv7M4 --code_state=16 --float_support=FPv4SPD16 -me --include_path="D:/4th_year/3_Graduation_project/main_project/2-software/automotive_graduation_project/Embedded_Systems/Tests/test-pwm-yaraaaaaaaaaaaaaab" --include_path="C:/ti/codecomposer1260/ccs/tools/compiler/ti-cgt-arm_20.2.7.LTS/include" --define=ccs="ccs" --define=PART_TM4C123GH6PM -g --gcc --diag_warning=225 --diag_wrap=off --display_error_number --abi=eabi --preproc_with_compile --preproc_dependency="main.d_raw"  "../main.c"
Finished building: "../main.c"
 
Building target: "test-pwm-yaraaaaaaaaaaaaaab.out"
Invoking: Arm Linker
"C:/ti/codecomposer1260/ccs/tools/compiler/ti-cgt-arm_20.2.7.LTS/bin/armcl" -mv7M4 --code_state=16 --float_support=FPv4SPD16 -me --define=ccs="ccs" --define=PART_TM4C123GH6PM -g --gcc --diag_warning=225 --diag_wrap=off --display_error_number --abi=eabi -z -m"test-pwm-yaraaaaaaaaaaaaaab.map" --heap_size=0 --stack_size=512 -i"C:/ti/codecomposer1260/ccs/tools/compiler/ti-cgt-arm_20.2.7.LTS/lib" -i"C:/ti/codecomposer1260/ccs/tools/compiler/ti-cgt-arm_20.2.7.LTS/include" --reread_libs --diag_wrap=off --display_error_number --warn_sections --xml_link_info="test-pwm-yaraaaaaaaaaaaaaab_linkInfo.xml" --rom_model -o "test-pwm-yaraaaaaaaaaaaaaab.out" "./main.obj" "./Critical_Files/Det.obj" "./Critical_Files/tm4c123gh6pm_startup_ccs.obj" "./Dio_Driver/Dio.obj" "./Dio_Driver/Dio_PBcfg.obj" "./Port_Driver/Port.obj" "./Port_Driver/Port_PBcfg.obj" "./Uart_Driver/uart.obj" "./Uart_Driver/uart_PBcfg.obj" "./control_driver/control_app.obj" "./pwm/pwm.obj" "../tm4c123gh6pm.cmd"  -llibc.a 
<Linking>
Finished building target: "test-pwm-yaraaaaaaaaaaaaaab.out"
 

**** Build Finished ****

**** Build of configuration Debug for project test-pwm-yaraaaaaaaaaaaaaab ****

"C:\\ti\\codecomposer1260\\ccs\\utils\\bin\\gmake" -k -j 8 all -O 
 
gmake[1]: 'test-pwm-yaraaaaaaaaaaaaaab.out' is up to date.

**** Build Finished ****

**** Build of configuration Debug for project test-pwm-yaraaaaaaaaaaaaaab ****

"C:\\ti\\codecomposer1260\\ccs\\utils\\bin\\gmake" -k -j 8 all -O 
 
gmake[1]: 'test-pwm-yaraaaaaaaaaaaaaab.out' is up to date.

**** Build Finished ****

**** Build of configuration Debug for project test-pwm-yaraaaaaaaaaaaaaab ****

"C:\\ti\\codecomposer1260\\ccs\\utils\\bin\\gmake" -k -j 8 all -O 
 
Building file: "../main.c"
Invoking: Arm Compiler
"C:/ti/codecomposer1260/ccs/tools/compiler/ti-cgt-arm_20.2.7.LTS/bin/armcl" -mv7M4 --code_state=16 --float_support=FPv4SPD16 -me --include_path="D:/4th_year/3_Graduation_project/main_project/2-software/automotive_graduation_project/Embedded_Systems/Tests/test-pwm-yaraaaaaaaaaaaaaab" --include_path="C:/ti/codecomposer1260/ccs/tools/compiler/ti-cgt-arm_20.2.7.LTS/include" --define=ccs="ccs" --define=PART_TM4C123GH6PM -g --gcc --diag_warning=225 --diag_wrap=off --display_error_number --abi=eabi --preproc_with_compile --preproc_dependency="main.d_raw"  "../main.c"
"../main.c", line 19: warning #179-D: variable "dataReceived" was declared but never referenced
"../main.c", line 20: warning #179-D: variable "Motion_Control_Char" was declared but never referenced
Finished building: "../main.c"
 
Building target: "test-pwm-yaraaaaaaaaaaaaaab.out"
Invoking: Arm Linker
"C:/ti/codecomposer1260/ccs/tools/compiler/ti-cgt-arm_20.2.7.LTS/bin/armcl" -mv7M4 --code_state=16 --float_support=FPv4SPD16 -me --define=ccs="ccs" --define=PART_TM4C123GH6PM -g --gcc --diag_warning=225 --diag_wrap=off --display_error_number --abi=eabi -z -m"test-pwm-yaraaaaaaaaaaaaaab.map" --heap_size=0 --stack_size=512 -i"C:/ti/codecomposer1260/ccs/tools/compiler/ti-cgt-arm_20.2.7.LTS/lib" -i"C:/ti/codecomposer1260/ccs/tools/compiler/ti-cgt-arm_20.2.7.LTS/include" --reread_libs --diag_wrap=off --display_error_number --warn_sections --xml_link_info="test-pwm-yaraaaaaaaaaaaaaab_linkInfo.xml" --rom_model -o "test-pwm-yaraaaaaaaaaaaaaab.out" "./main.obj" "./Critical_Files/Det.obj" "./Critical_Files/tm4c123gh6pm_startup_ccs.obj" "./Dio_Driver/Dio.obj" "./Dio_Driver/Dio_PBcfg.obj" "./Port_Driver/Port.obj" "./Port_Driver/Port_PBcfg.obj" "./Uart_Driver/uart.obj" "./Uart_Driver/uart_PBcfg.obj" "./control_driver/control_app.obj" "./pwm/pwm.obj" "../tm4c123gh6pm.cmd"  -llibc.a 
<Linking>
Finished building target: "test-pwm-yaraaaaaaaaaaaaaab.out"
 

**** Build Finished ****

**** Build of configuration Debug for project test-pwm-yaraaaaaaaaaaaaaab ****

"C:\\ti\\codecomposer1260\\ccs\\utils\\bin\\gmake" -k -j 8 all -O 
 
Building file: "../main.c"
Invoking: Arm Compiler
"C:/ti/codecomposer1260/ccs/tools/compiler/ti-cgt-arm_20.2.7.LTS/bin/armcl" -mv7M4 --code_state=16 --float_support=FPv4SPD16 -me --include_path="D:/4th_year/3_Graduation_project/main_project/2-software/automotive_graduation_project/Embedded_Systems/Tests/test-pwm-yaraaaaaaaaaaaaaab" --include_path="C:/ti/codecomposer1260/ccs/tools/compiler/ti-cgt-arm_20.2.7.LTS/include" --define=ccs="ccs" --define=PART_TM4C123GH6PM -g --gcc --diag_warning=225 --diag_wrap=off --display_error_number --abi=eabi --preproc_with_compile --preproc_dependency="main.d_raw"  "../main.c"
"../main.c", line 19: warning #179-D: variable "dataReceived" was declared but never referenced
"../main.c", line 20: warning #179-D: variable "Motion_Control_Char" was declared but never referenced
Finished building: "../main.c"
 
Building target: "test-pwm-yaraaaaaaaaaaaaaab.out"
Invoking: Arm Linker
"C:/ti/codecomposer1260/ccs/tools/compiler/ti-cgt-arm_20.2.7.LTS/bin/armcl" -mv7M4 --code_state=16 --float_support=FPv4SPD16 -me --define=ccs="ccs" --define=PART_TM4C123GH6PM -g --gcc --diag_warning=225 --diag_wrap=off --display_error_number --abi=eabi -z -m"test-pwm-yaraaaaaaaaaaaaaab.map" --heap_size=0 --stack_size=512 -i"C:/ti/codecomposer1260/ccs/tools/compiler/ti-cgt-arm_20.2.7.LTS/lib" -i"C:/ti/codecomposer1260/ccs/tools/compiler/ti-cgt-arm_20.2.7.LTS/include" --reread_libs --diag_wrap=off --display_error_number --warn_sections --xml_link_info="test-pwm-yaraaaaaaaaaaaaaab_linkInfo.xml" --rom_model -o "test-pwm-yaraaaaaaaaaaaaaab.out" "./main.obj" "./Critical_Files/Det.obj" "./Critical_Files/tm4c123gh6pm_startup_ccs.obj" "./Dio_Driver/Dio.obj" "./Dio_Driver/Dio_PBcfg.obj" "./Port_Driver/Port.obj" "./Port_Driver/Port_PBcfg.obj" "./Uart_Driver/uart.obj" "./Uart_Driver/uart_PBcfg.obj" "./control_driver/control_app.obj" "./pwm/pwm.obj" "../tm4c123gh6pm.cmd"  -llibc.a 
<Linking>
Finished building target: "test-pwm-yaraaaaaaaaaaaaaab.out"
 

**** Build Finished ****

**** Build of configuration Debug for project test-pwm-yaraaaaaaaaaaaaaab ****

"C:\\ti\\codecomposer1260\\ccs\\utils\\bin\\gmake" -k -j 8 all -O 
 
Building file: "../main.c"
Invoking: Arm Compiler
"C:/ti/codecomposer1260/ccs/tools/compiler/ti-cgt-arm_20.2.7.LTS/bin/armcl" -mv7M4 --code_state=16 --float_support=FPv4SPD16 -me --include_path="D:/4th_year/3_Graduation_project/main_project/2-software/automotive_graduation_project/Embedded_Systems/Tests/test-pwm-yaraaaaaaaaaaaaaab" --include_path="C:/ti/codecomposer1260/ccs/tools/compiler/ti-cgt-arm_20.2.7.LTS/include" --define=ccs="ccs" --define=PART_TM4C123GH6PM -g --gcc --diag_warning=225 --diag_wrap=off --display_error_number --abi=eabi --preproc_with_compile --preproc_dependency="main.d_raw"  "../main.c"
"../main.c", line 19: warning #179-D: variable "dataReceived" was declared but never referenced
"../main.c", line 20: warning #179-D: variable "Motion_Control_Char" was declared but never referenced
Finished building: "../main.c"
 
Building target: "test-pwm-yaraaaaaaaaaaaaaab.out"
Invoking: Arm Linker
"C:/ti/codecomposer1260/ccs/tools/compiler/ti-cgt-arm_20.2.7.LTS/bin/armcl" -mv7M4 --code_state=16 --float_support=FPv4SPD16 -me --define=ccs="ccs" --define=PART_TM4C123GH6PM -g --gcc --diag_warning=225 --diag_wrap=off --display_error_number --abi=eabi -z -m"test-pwm-yaraaaaaaaaaaaaaab.map" --heap_size=0 --stack_size=512 -i"C:/ti/codecomposer1260/ccs/tools/compiler/ti-cgt-arm_20.2.7.LTS/lib" -i"C:/ti/codecomposer1260/ccs/tools/compiler/ti-cgt-arm_20.2.7.LTS/include" --reread_libs --diag_wrap=off --display_error_number --warn_sections --xml_link_info="test-pwm-yaraaaaaaaaaaaaaab_linkInfo.xml" --rom_model -o "test-pwm-yaraaaaaaaaaaaaaab.out" "./main.obj" "./Critical_Files/Det.obj" "./Critical_Files/tm4c123gh6pm_startup_ccs.obj" "./Dio_Driver/Dio.obj" "./Dio_Driver/Dio_PBcfg.obj" "./Port_Driver/Port.obj" "./Port_Driver/Port_PBcfg.obj" "./Uart_Driver/uart.obj" "./Uart_Driver/uart_PBcfg.obj" "./control_driver/control_app.obj" "./pwm/pwm.obj" "../tm4c123gh6pm.cmd"  -llibc.a 
<Linking>
Finished building target: "test-pwm-yaraaaaaaaaaaaaaab.out"
 

**** Build Finished ****

**** Build of configuration Debug for project test-pwm-yaraaaaaaaaaaaaaab ****

"C:\\ti\\codecomposer1260\\ccs\\utils\\bin\\gmake" -k -j 8 all -O 
 
Building file: "../main.c"
Invoking: Arm Compiler
"C:/ti/codecomposer1260/ccs/tools/compiler/ti-cgt-arm_20.2.7.LTS/bin/armcl" -mv7M4 --code_state=16 --float_support=FPv4SPD16 -me --include_path="D:/4th_year/3_Graduation_project/main_project/2-software/automotive_graduation_project/Embedded_Systems/Tests/test-pwm-yaraaaaaaaaaaaaaab" --include_path="C:/ti/codecomposer1260/ccs/tools/compiler/ti-cgt-arm_20.2.7.LTS/include" --define=ccs="ccs" --define=PART_TM4C123GH6PM -g --gcc --diag_warning=225 --diag_wrap=off --display_error_number --abi=eabi --preproc_with_compile --preproc_dependency="main.d_raw"  "../main.c"
"../main.c", line 19: warning #179-D: variable "dataReceived" was declared but never referenced
"../main.c", line 20: warning #179-D: variable "Motion_Control_Char" was declared but never referenced
Finished building: "../main.c"
 
Building target: "test-pwm-yaraaaaaaaaaaaaaab.out"
Invoking: Arm Linker
"C:/ti/codecomposer1260/ccs/tools/compiler/ti-cgt-arm_20.2.7.LTS/bin/armcl" -mv7M4 --code_state=16 --float_support=FPv4SPD16 -me --define=ccs="ccs" --define=PART_TM4C123GH6PM -g --gcc --diag_warning=225 --diag_wrap=off --display_error_number --abi=eabi -z -m"test-pwm-yaraaaaaaaaaaaaaab.map" --heap_size=0 --stack_size=512 -i"C:/ti/codecomposer1260/ccs/tools/compiler/ti-cgt-arm_20.2.7.LTS/lib" -i"C:/ti/codecomposer1260/ccs/tools/compiler/ti-cgt-arm_20.2.7.LTS/include" --reread_libs --diag_wrap=off --display_error_number --warn_sections --xml_link_info="test-pwm-yaraaaaaaaaaaaaaab_linkInfo.xml" --rom_model -o "test-pwm-yaraaaaaaaaaaaaaab.out" "./main.obj" "./Critical_Files/Det.obj" "./Critical_Files/tm4c123gh6pm_startup_ccs.obj" "./Dio_Driver/Dio.obj" "./Dio_Driver/Dio_PBcfg.obj" "./Port_Driver/Port.obj" "./Port_Driver/Port_PBcfg.obj" "./Uart_Driver/uart.obj" "./Uart_Driver/uart_PBcfg.obj" "./control_driver/control_app.obj" "./pwm/pwm.obj" "../tm4c123gh6pm.cmd"  -llibc.a 
<Linking>
Finished building target: "test-pwm-yaraaaaaaaaaaaaaab.out"
 

**** Build Finished ****

**** Build of configuration Debug for project test-pwm-yaraaaaaaaaaaaaaab ****

"C:\\ti\\codecomposer1260\\ccs\\utils\\bin\\gmake" -k -j 8 all -O 
 
Building file: "../main.c"
Invoking: Arm Compiler
"C:/ti/codecomposer1260/ccs/tools/compiler/ti-cgt-arm_20.2.7.LTS/bin/armcl" -mv7M4 --code_state=16 --float_support=FPv4SPD16 -me --include_path="D:/4th_year/3_Graduation_project/main_project/2-software/automotive_graduation_project/Embedded_Systems/Tests/test-pwm-yaraaaaaaaaaaaaaab" --include_path="C:/ti/codecomposer1260/ccs/tools/compiler/ti-cgt-arm_20.2.7.LTS/include" --define=ccs="ccs" --define=PART_TM4C123GH6PM -g --gcc --diag_warning=225 --diag_wrap=off --display_error_number --abi=eabi --preproc_with_compile --preproc_dependency="main.d_raw"  "../main.c"
"../main.c", line 19: warning #179-D: variable "dataReceived" was declared but never referenced
"../main.c", line 20: warning #179-D: variable "Motion_Control_Char" was declared but never referenced
Finished building: "../main.c"
 
Building target: "test-pwm-yaraaaaaaaaaaaaaab.out"
Invoking: Arm Linker
"C:/ti/codecomposer1260/ccs/tools/compiler/ti-cgt-arm_20.2.7.LTS/bin/armcl" -mv7M4 --code_state=16 --float_support=FPv4SPD16 -me --define=ccs="ccs" --define=PART_TM4C123GH6PM -g --gcc --diag_warning=225 --diag_wrap=off --display_error_number --abi=eabi -z -m"test-pwm-yaraaaaaaaaaaaaaab.map" --heap_size=0 --stack_size=512 -i"C:/ti/codecomposer1260/ccs/tools/compiler/ti-cgt-arm_20.2.7.LTS/lib" -i"C:/ti/codecomposer1260/ccs/tools/compiler/ti-cgt-arm_20.2.7.LTS/include" --reread_libs --diag_wrap=off --display_error_number --warn_sections --xml_link_info="test-pwm-yaraaaaaaaaaaaaaab_linkInfo.xml" --rom_model -o "test-pwm-yaraaaaaaaaaaaaaab.out" "./main.obj" "./Critical_Files/Det.obj" "./Critical_Files/tm4c123gh6pm_startup_ccs.obj" "./Dio_Driver/Dio.obj" "./Dio_Driver/Dio_PBcfg.obj" "./Port_Driver/Port.obj" "./Port_Driver/Port_PBcfg.obj" "./Uart_Driver/uart.obj" "./Uart_Driver/uart_PBcfg.obj" "./control_driver/control_app.obj" "./pwm/pwm.obj" "../tm4c123gh6pm.cmd"  -llibc.a 
<Linking>
Finished building target: "test-pwm-yaraaaaaaaaaaaaaab.out"
 

**** Build Finished ****

**** Build of configuration Debug for project test-pwm-yaraaaaaaaaaaaaaab ****

"C:\\ti\\codecomposer1260\\ccs\\utils\\bin\\gmake" -k -j 8 all -O 
 
Building file: "../main.c"
Invoking: Arm Compiler
"C:/ti/codecomposer1260/ccs/tools/compiler/ti-cgt-arm_20.2.7.LTS/bin/armcl" -mv7M4 --code_state=16 --float_support=FPv4SPD16 -me --include_path="D:/4th_year/3_Graduation_project/main_project/2-software/automotive_graduation_project/Embedded_Systems/Tests/test-pwm-yaraaaaaaaaaaaaaab" --include_path="C:/ti/codecomposer1260/ccs/tools/compiler/ti-cgt-arm_20.2.7.LTS/include" --define=ccs="ccs" --define=PART_TM4C123GH6PM -g --gcc --diag_warning=225 --diag_wrap=off --display_error_number --abi=eabi --preproc_with_compile --preproc_dependency="main.d_raw"  "../main.c"
"../main.c", line 19: warning #179-D: variable "dataReceived" was declared but never referenced
"../main.c", line 20: warning #179-D: variable "Motion_Control_Char" was declared but never referenced
Finished building: "../main.c"
 
Building target: "test-pwm-yaraaaaaaaaaaaaaab.out"
Invoking: Arm Linker
"C:/ti/codecomposer1260/ccs/tools/compiler/ti-cgt-arm_20.2.7.LTS/bin/armcl" -mv7M4 --code_state=16 --float_support=FPv4SPD16 -me --define=ccs="ccs" --define=PART_TM4C123GH6PM -g --gcc --diag_warning=225 --diag_wrap=off --display_error_number --abi=eabi -z -m"test-pwm-yaraaaaaaaaaaaaaab.map" --heap_size=0 --stack_size=512 -i"C:/ti/codecomposer1260/ccs/tools/compiler/ti-cgt-arm_20.2.7.LTS/lib" -i"C:/ti/codecomposer1260/ccs/tools/compiler/ti-cgt-arm_20.2.7.LTS/include" --reread_libs --diag_wrap=off --display_error_number --warn_sections --xml_link_info="test-pwm-yaraaaaaaaaaaaaaab_linkInfo.xml" --rom_model -o "test-pwm-yaraaaaaaaaaaaaaab.out" "./main.obj" "./Critical_Files/Det.obj" "./Critical_Files/tm4c123gh6pm_startup_ccs.obj" "./Dio_Driver/Dio.obj" "./Dio_Driver/Dio_PBcfg.obj" "./Port_Driver/Port.obj" "./Port_Driver/Port_PBcfg.obj" "./Uart_Driver/uart.obj" "./Uart_Driver/uart_PBcfg.obj" "./control_driver/control_app.obj" "./pwm/pwm.obj" "../tm4c123gh6pm.cmd"  -llibc.a 
<Linking>
Finished building target: "test-pwm-yaraaaaaaaaaaaaaab.out"
 

**** Build Finished ****

**** Build of configuration Debug for project test-pwm-yaraaaaaaaaaaaaaab ****

"C:\\ti\\codecomposer1260\\ccs\\utils\\bin\\gmake" -k -j 8 all -O 
 
Building file: "../main.c"
Invoking: Arm Compiler
"C:/ti/codecomposer1260/ccs/tools/compiler/ti-cgt-arm_20.2.7.LTS/bin/armcl" -mv7M4 --code_state=16 --float_support=FPv4SPD16 -me --include_path="D:/4th_year/3_Graduation_project/main_project/2-software/automotive_graduation_project/Embedded_Systems/Tests/test-pwm-yaraaaaaaaaaaaaaab" --include_path="C:/ti/codecomposer1260/ccs/tools/compiler/ti-cgt-arm_20.2.7.LTS/include" --define=ccs="ccs" --define=PART_TM4C123GH6PM -g --gcc --diag_warning=225 --diag_wrap=off --display_error_number --abi=eabi --preproc_with_compile --preproc_dependency="main.d_raw"  "../main.c"
 
>> Compilation failure
subdir_rules.mk:9: recipe for target 'main.obj' failed
"../main.c", line 18: warning #179-D: variable "duty" was declared but never referenced
"../main.c", line 19: warning #179-D: variable "dataReceived" was declared but never referenced
"../main.c", line 20: warning #179-D: variable "Motion_Control_Char" was declared but never referenced
"../main.c", line 60: error #171: expected a declaration
At end of source: warning #12-D: parsing restarts here after previous syntax error
1 error detected in the compilation of "../main.c".
gmake: *** [main.obj] Error 1
gmake: Target 'all' not remade because of errors.

**** Build Finished ****

**** Build of configuration Debug for project test-pwm-yaraaaaaaaaaaaaaab ****

"C:\\ti\\codecomposer1260\\ccs\\utils\\bin\\gmake" -k -j 8 all -O 
 
Building file: "../main.c"
Invoking: Arm Compiler
"C:/ti/codecomposer1260/ccs/tools/compiler/ti-cgt-arm_20.2.7.LTS/bin/armcl" -mv7M4 --code_state=16 --float_support=FPv4SPD16 -me --include_path="D:/4th_year/3_Graduation_project/main_project/2-software/automotive_graduation_project/Embedded_Systems/Tests/test-pwm-yaraaaaaaaaaaaaaab" --include_path="C:/ti/codecomposer1260/ccs/tools/compiler/ti-cgt-arm_20.2.7.LTS/include" --define=ccs="ccs" --define=PART_TM4C123GH6PM -g --gcc --diag_warning=225 --diag_wrap=off --display_error_number --abi=eabi --preproc_with_compile --preproc_dependency="main.d_raw"  "../main.c"
"../main.c", line 18: warning #179-D: variable "duty" was declared but never referenced
"../main.c", line 19: warning #179-D: variable "dataReceived" was declared but never referenced
"../main.c", line 20: warning #179-D: variable "Motion_Control_Char" was declared but never referenced
Finished building: "../main.c"
 
Building target: "test-pwm-yaraaaaaaaaaaaaaab.out"
Invoking: Arm Linker
"C:/ti/codecomposer1260/ccs/tools/compiler/ti-cgt-arm_20.2.7.LTS/bin/armcl" -mv7M4 --code_state=16 --float_support=FPv4SPD16 -me --define=ccs="ccs" --define=PART_TM4C123GH6PM -g --gcc --diag_warning=225 --diag_wrap=off --display_error_number --abi=eabi -z -m"test-pwm-yaraaaaaaaaaaaaaab.map" --heap_size=0 --stack_size=512 -i"C:/ti/codecomposer1260/ccs/tools/compiler/ti-cgt-arm_20.2.7.LTS/lib" -i"C:/ti/codecomposer1260/ccs/tools/compiler/ti-cgt-arm_20.2.7.LTS/include" --reread_libs --diag_wrap=off --display_error_number --warn_sections --xml_link_info="test-pwm-yaraaaaaaaaaaaaaab_linkInfo.xml" --rom_model -o "test-pwm-yaraaaaaaaaaaaaaab.out" "./main.obj" "./Critical_Files/Det.obj" "./Critical_Files/tm4c123gh6pm_startup_ccs.obj" "./Dio_Driver/Dio.obj" "./Dio_Driver/Dio_PBcfg.obj" "./Port_Driver/Port.obj" "./Port_Driver/Port_PBcfg.obj" "./Uart_Driver/uart.obj" "./Uart_Driver/uart_PBcfg.obj" "./control_driver/control_app.obj" "./pwm/pwm.obj" "../tm4c123gh6pm.cmd"  -llibc.a 
<Linking>
Finished building target: "test-pwm-yaraaaaaaaaaaaaaab.out"
 

**** Build Finished ****

**** Build of configuration Debug for project test-pwm-yaraaaaaaaaaaaaaab ****

"C:\\ti\\codecomposer1260\\ccs\\utils\\bin\\gmake" -k -j 8 all -O 
 
Building file: "../main.c"
Invoking: Arm Compiler
"C:/ti/codecomposer1260/ccs/tools/compiler/ti-cgt-arm_20.2.7.LTS/bin/armcl" -mv7M4 --code_state=16 --float_support=FPv4SPD16 -me --include_path="D:/4th_year/3_Graduation_project/main_project/2-software/automotive_graduation_project/Embedded_Systems/Tests/test-pwm-yaraaaaaaaaaaaaaab" --include_path="C:/ti/codecomposer1260/ccs/tools/compiler/ti-cgt-arm_20.2.7.LTS/include" --define=ccs="ccs" --define=PART_TM4C123GH6PM -g --gcc --diag_warning=225 --diag_wrap=off --display_error_number --abi=eabi --preproc_with_compile --preproc_dependency="main.d_raw"  "../main.c"
"../main.c", line 18: warning #179-D: variable "duty" was declared but never referenced
"../main.c", line 19: warning #179-D: variable "dataReceived" was declared but never referenced
"../main.c", line 20: warning #179-D: variable "Motion_Control_Char" was declared but never referenced
Finished building: "../main.c"
 
Building target: "test-pwm-yaraaaaaaaaaaaaaab.out"
Invoking: Arm Linker
"C:/ti/codecomposer1260/ccs/tools/compiler/ti-cgt-arm_20.2.7.LTS/bin/armcl" -mv7M4 --code_state=16 --float_support=FPv4SPD16 -me --define=ccs="ccs" --define=PART_TM4C123GH6PM -g --gcc --diag_warning=225 --diag_wrap=off --display_error_number --abi=eabi -z -m"test-pwm-yaraaaaaaaaaaaaaab.map" --heap_size=0 --stack_size=512 -i"C:/ti/codecomposer1260/ccs/tools/compiler/ti-cgt-arm_20.2.7.LTS/lib" -i"C:/ti/codecomposer1260/ccs/tools/compiler/ti-cgt-arm_20.2.7.LTS/include" --reread_libs --diag_wrap=off --display_error_number --warn_sections --xml_link_info="test-pwm-yaraaaaaaaaaaaaaab_linkInfo.xml" --rom_model -o "test-pwm-yaraaaaaaaaaaaaaab.out" "./main.obj" "./Critical_Files/Det.obj" "./Critical_Files/tm4c123gh6pm_startup_ccs.obj" "./Dio_Driver/Dio.obj" "./Dio_Driver/Dio_PBcfg.obj" "./Port_Driver/Port.obj" "./Port_Driver/Port_PBcfg.obj" "./Uart_Driver/uart.obj" "./Uart_Driver/uart_PBcfg.obj" "./control_driver/control_app.obj" "./pwm/pwm.obj" "../tm4c123gh6pm.cmd"  -llibc.a 
<Linking>
Finished building target: "test-pwm-yaraaaaaaaaaaaaaab.out"
 

**** Build Finished ****

**** Build of configuration Debug for project test-pwm-yaraaaaaaaaaaaaaab ****

"C:\\ti\\codecomposer1260\\ccs\\utils\\bin\\gmake" -k -j 8 all -O 
 
Building file: "../main.c"
Invoking: Arm Compiler
"C:/ti/codecomposer1260/ccs/tools/compiler/ti-cgt-arm_20.2.7.LTS/bin/armcl" -mv7M4 --code_state=16 --float_support=FPv4SPD16 -me --include_path="D:/4th_year/3_Graduation_project/main_project/2-software/automotive_graduation_project/Embedded_Systems/Tests/test-pwm-yaraaaaaaaaaaaaaab" --include_path="C:/ti/codecomposer1260/ccs/tools/compiler/ti-cgt-arm_20.2.7.LTS/include" --define=ccs="ccs" --define=PART_TM4C123GH6PM -g --gcc --diag_warning=225 --diag_wrap=off --display_error_number --abi=eabi --preproc_with_compile --preproc_dependency="main.d_raw"  "../main.c"
"../main.c", line 18: warning #179-D: variable "duty" was declared but never referenced
"../main.c", line 19: warning #179-D: variable "dataReceived" was declared but never referenced
"../main.c", line 20: warning #179-D: variable "Motion_Control_Char" was declared but never referenced
Finished building: "../main.c"
 
Building target: "test-pwm-yaraaaaaaaaaaaaaab.out"
Invoking: Arm Linker
"C:/ti/codecomposer1260/ccs/tools/compiler/ti-cgt-arm_20.2.7.LTS/bin/armcl" -mv7M4 --code_state=16 --float_support=FPv4SPD16 -me --define=ccs="ccs" --define=PART_TM4C123GH6PM -g --gcc --diag_warning=225 --diag_wrap=off --display_error_number --abi=eabi -z -m"test-pwm-yaraaaaaaaaaaaaaab.map" --heap_size=0 --stack_size=512 -i"C:/ti/codecomposer1260/ccs/tools/compiler/ti-cgt-arm_20.2.7.LTS/lib" -i"C:/ti/codecomposer1260/ccs/tools/compiler/ti-cgt-arm_20.2.7.LTS/include" --reread_libs --diag_wrap=off --display_error_number --warn_sections --xml_link_info="test-pwm-yaraaaaaaaaaaaaaab_linkInfo.xml" --rom_model -o "test-pwm-yaraaaaaaaaaaaaaab.out" "./main.obj" "./Critical_Files/Det.obj" "./Critical_Files/tm4c123gh6pm_startup_ccs.obj" "./Dio_Driver/Dio.obj" "./Dio_Driver/Dio_PBcfg.obj" "./Port_Driver/Port.obj" "./Port_Driver/Port_PBcfg.obj" "./Uart_Driver/uart.obj" "./Uart_Driver/uart_PBcfg.obj" "./control_driver/control_app.obj" "./pwm/pwm.obj" "../tm4c123gh6pm.cmd"  -llibc.a 
<Linking>
Finished building target: "test-pwm-yaraaaaaaaaaaaaaab.out"
 

**** Build Finished ****

**** Build of configuration Debug for project test-pwm-yaraaaaaaaaaaaaaab ****

"C:\\ti\\codecomposer1260\\ccs\\utils\\bin\\gmake" -k -j 8 all -O 
 
Building file: "../main.c"
Invoking: Arm Compiler
"C:/ti/codecomposer1260/ccs/tools/compiler/ti-cgt-arm_20.2.7.LTS/bin/armcl" -mv7M4 --code_state=16 --float_support=FPv4SPD16 -me --include_path="D:/4th_year/3_Graduation_project/main_project/2-software/automotive_graduation_project/Embedded_Systems/Tests/test-pwm-yaraaaaaaaaaaaaaab" --include_path="C:/ti/codecomposer1260/ccs/tools/compiler/ti-cgt-arm_20.2.7.LTS/include" --define=ccs="ccs" --define=PART_TM4C123GH6PM -g --gcc --diag_warning=225 --diag_wrap=off --display_error_number --abi=eabi --preproc_with_compile --preproc_dependency="main.d_raw"  "../main.c"
"../main.c", line 18: warning #179-D: variable "duty" was declared but never referenced
"../main.c", line 19: warning #179-D: variable "dataReceived" was declared but never referenced
"../main.c", line 20: warning #179-D: variable "Motion_Control_Char" was declared but never referenced
Finished building: "../main.c"
 
Building target: "test-pwm-yaraaaaaaaaaaaaaab.out"
Invoking: Arm Linker
"C:/ti/codecomposer1260/ccs/tools/compiler/ti-cgt-arm_20.2.7.LTS/bin/armcl" -mv7M4 --code_state=16 --float_support=FPv4SPD16 -me --define=ccs="ccs" --define=PART_TM4C123GH6PM -g --gcc --diag_warning=225 --diag_wrap=off --display_error_number --abi=eabi -z -m"test-pwm-yaraaaaaaaaaaaaaab.map" --heap_size=0 --stack_size=512 -i"C:/ti/codecomposer1260/ccs/tools/compiler/ti-cgt-arm_20.2.7.LTS/lib" -i"C:/ti/codecomposer1260/ccs/tools/compiler/ti-cgt-arm_20.2.7.LTS/include" --reread_libs --diag_wrap=off --display_error_number --warn_sections --xml_link_info="test-pwm-yaraaaaaaaaaaaaaab_linkInfo.xml" --rom_model -o "test-pwm-yaraaaaaaaaaaaaaab.out" "./main.obj" "./Critical_Files/Det.obj" "./Critical_Files/tm4c123gh6pm_startup_ccs.obj" "./Dio_Driver/Dio.obj" "./Dio_Driver/Dio_PBcfg.obj" "./Port_Driver/Port.obj" "./Port_Driver/Port_PBcfg.obj" "./Uart_Driver/uart.obj" "./Uart_Driver/uart_PBcfg.obj" "./control_driver/control_app.obj" "./pwm/pwm.obj" "../tm4c123gh6pm.cmd"  -llibc.a 
<Linking>
Finished building target: "test-pwm-yaraaaaaaaaaaaaaab.out"
 

**** Build Finished ****

**** Build of configuration Debug for project test-pwm-yaraaaaaaaaaaaaaab ****

"C:\\ti\\codecomposer1260\\ccs\\utils\\bin\\gmake" -k -j 8 all -O 
 
Building file: "../main.c"
Invoking: Arm Compiler
"C:/ti/codecomposer1260/ccs/tools/compiler/ti-cgt-arm_20.2.7.LTS/bin/armcl" -mv7M4 --code_state=16 --float_support=FPv4SPD16 -me --include_path="D:/4th_year/3_Graduation_project/main_project/2-software/automotive_graduation_project/Embedded_Systems/Tests/test-pwm-yaraaaaaaaaaaaaaab" --include_path="C:/ti/codecomposer1260/ccs/tools/compiler/ti-cgt-arm_20.2.7.LTS/include" --define=ccs="ccs" --define=PART_TM4C123GH6PM -g --gcc --diag_warning=225 --diag_wrap=off --display_error_number --abi=eabi --preproc_with_compile --preproc_dependency="main.d_raw"  "../main.c"
"../main.c", line 18: warning #179-D: variable "duty" was declared but never referenced
"../main.c", line 19: warning #179-D: variable "dataReceived" was declared but never referenced
"../main.c", line 20: warning #179-D: variable "Motion_Control_Char" was declared but never referenced
Finished building: "../main.c"
 
Building target: "test-pwm-yaraaaaaaaaaaaaaab.out"
Invoking: Arm Linker
"C:/ti/codecomposer1260/ccs/tools/compiler/ti-cgt-arm_20.2.7.LTS/bin/armcl" -mv7M4 --code_state=16 --float_support=FPv4SPD16 -me --define=ccs="ccs" --define=PART_TM4C123GH6PM -g --gcc --diag_warning=225 --diag_wrap=off --display_error_number --abi=eabi -z -m"test-pwm-yaraaaaaaaaaaaaaab.map" --heap_size=0 --stack_size=512 -i"C:/ti/codecomposer1260/ccs/tools/compiler/ti-cgt-arm_20.2.7.LTS/lib" -i"C:/ti/codecomposer1260/ccs/tools/compiler/ti-cgt-arm_20.2.7.LTS/include" --reread_libs --diag_wrap=off --display_error_number --warn_sections --xml_link_info="test-pwm-yaraaaaaaaaaaaaaab_linkInfo.xml" --rom_model -o "test-pwm-yaraaaaaaaaaaaaaab.out" "./main.obj" "./Critical_Files/Det.obj" "./Critical_Files/tm4c123gh6pm_startup_ccs.obj" "./Dio_Driver/Dio.obj" "./Dio_Driver/Dio_PBcfg.obj" "./Port_Driver/Port.obj" "./Port_Driver/Port_PBcfg.obj" "./Uart_Driver/uart.obj" "./Uart_Driver/uart_PBcfg.obj" "./control_driver/control_app.obj" "./pwm/pwm.obj" "../tm4c123gh6pm.cmd"  -llibc.a 
<Linking>
Finished building target: "test-pwm-yaraaaaaaaaaaaaaab.out"
 

**** Build Finished ****

**** Build of configuration Debug for project test-pwm-yaraaaaaaaaaaaaaab ****

"C:\\ti\\codecomposer1260\\ccs\\utils\\bin\\gmake" -k -j 8 all -O 
 
Building file: "../main.c"
Invoking: Arm Compiler
"C:/ti/codecomposer1260/ccs/tools/compiler/ti-cgt-arm_20.2.7.LTS/bin/armcl" -mv7M4 --code_state=16 --float_support=FPv4SPD16 -me --include_path="D:/4th_year/3_Graduation_project/main_project/2-software/automotive_graduation_project/Embedded_Systems/Tests/test-pwm-yaraaaaaaaaaaaaaab" --include_path="C:/ti/codecomposer1260/ccs/tools/compiler/ti-cgt-arm_20.2.7.LTS/include" --define=ccs="ccs" --define=PART_TM4C123GH6PM -g --gcc --diag_warning=225 --diag_wrap=off --display_error_number --abi=eabi --preproc_with_compile --preproc_dependency="main.d_raw"  "../main.c"
"../main.c", line 18: warning #179-D: variable "duty" was declared but never referenced
"../main.c", line 19: warning #179-D: variable "dataReceived" was declared but never referenced
"../main.c", line 20: warning #179-D: variable "Motion_Control_Char" was declared but never referenced
Finished building: "../main.c"
 
Building target: "test-pwm-yaraaaaaaaaaaaaaab.out"
Invoking: Arm Linker
"C:/ti/codecomposer1260/ccs/tools/compiler/ti-cgt-arm_20.2.7.LTS/bin/armcl" -mv7M4 --code_state=16 --float_support=FPv4SPD16 -me --define=ccs="ccs" --define=PART_TM4C123GH6PM -g --gcc --diag_warning=225 --diag_wrap=off --display_error_number --abi=eabi -z -m"test-pwm-yaraaaaaaaaaaaaaab.map" --heap_size=0 --stack_size=512 -i"C:/ti/codecomposer1260/ccs/tools/compiler/ti-cgt-arm_20.2.7.LTS/lib" -i"C:/ti/codecomposer1260/ccs/tools/compiler/ti-cgt-arm_20.2.7.LTS/include" --reread_libs --diag_wrap=off --display_error_number --warn_sections --xml_link_info="test-pwm-yaraaaaaaaaaaaaaab_linkInfo.xml" --rom_model -o "test-pwm-yaraaaaaaaaaaaaaab.out" "./main.obj" "./Critical_Files/Det.obj" "./Critical_Files/tm4c123gh6pm_startup_ccs.obj" "./Dio_Driver/Dio.obj" "./Dio_Driver/Dio_PBcfg.obj" "./Port_Driver/Port.obj" "./Port_Driver/Port_PBcfg.obj" "./Uart_Driver/uart.obj" "./Uart_Driver/uart_PBcfg.obj" "./control_driver/control_app.obj" "./pwm/pwm.obj" "../tm4c123gh6pm.cmd"  -llibc.a 
<Linking>
Finished building target: "test-pwm-yaraaaaaaaaaaaaaab.out"
 

**** Build Finished ****

**** Build of configuration Debug for project test-pwm-yaraaaaaaaaaaaaaab ****

"C:\\ti\\codecomposer1260\\ccs\\utils\\bin\\gmake" -k -j 8 all -O 
 
Building file: "../main.c"
Invoking: Arm Compiler
"C:/ti/codecomposer1260/ccs/tools/compiler/ti-cgt-arm_20.2.7.LTS/bin/armcl" -mv7M4 --code_state=16 --float_support=FPv4SPD16 -me --include_path="D:/4th_year/3_Graduation_project/main_project/2-software/automotive_graduation_project/Embedded_Systems/Tests/test-pwm-yaraaaaaaaaaaaaaab" --include_path="C:/ti/codecomposer1260/ccs/tools/compiler/ti-cgt-arm_20.2.7.LTS/include" --define=ccs="ccs" --define=PART_TM4C123GH6PM -g --gcc --diag_warning=225 --diag_wrap=off --display_error_number --abi=eabi --preproc_with_compile --preproc_dependency="main.d_raw"  "../main.c"
"../main.c", line 18: warning #179-D: variable "duty" was declared but never referenced
Finished building: "../main.c"
 
Building target: "test-pwm-yaraaaaaaaaaaaaaab.out"
Invoking: Arm Linker
"C:/ti/codecomposer1260/ccs/tools/compiler/ti-cgt-arm_20.2.7.LTS/bin/armcl" -mv7M4 --code_state=16 --float_support=FPv4SPD16 -me --define=ccs="ccs" --define=PART_TM4C123GH6PM -g --gcc --diag_warning=225 --diag_wrap=off --display_error_number --abi=eabi -z -m"test-pwm-yaraaaaaaaaaaaaaab.map" --heap_size=0 --stack_size=512 -i"C:/ti/codecomposer1260/ccs/tools/compiler/ti-cgt-arm_20.2.7.LTS/lib" -i"C:/ti/codecomposer1260/ccs/tools/compiler/ti-cgt-arm_20.2.7.LTS/include" --reread_libs --diag_wrap=off --display_error_number --warn_sections --xml_link_info="test-pwm-yaraaaaaaaaaaaaaab_linkInfo.xml" --rom_model -o "test-pwm-yaraaaaaaaaaaaaaab.out" "./main.obj" "./Critical_Files/Det.obj" "./Critical_Files/tm4c123gh6pm_startup_ccs.obj" "./Dio_Driver/Dio.obj" "./Dio_Driver/Dio_PBcfg.obj" "./Port_Driver/Port.obj" "./Port_Driver/Port_PBcfg.obj" "./Uart_Driver/uart.obj" "./Uart_Driver/uart_PBcfg.obj" "./control_driver/control_app.obj" "./pwm/pwm.obj" "../tm4c123gh6pm.cmd"  -llibc.a 
<Linking>
Finished building target: "test-pwm-yaraaaaaaaaaaaaaab.out"
 

**** Build Finished ****

**** Build of configuration Debug for project test-pwm-yaraaaaaaaaaaaaaab ****

"C:\\ti\\codecomposer1260\\ccs\\utils\\bin\\gmake" -k -j 8 all -O 
 
gmake[1]: 'test-pwm-yaraaaaaaaaaaaaaab.out' is up to date.

**** Build Finished ****

**** Build of configuration Debug for project test-pwm-yaraaaaaaaaaaaaaab ****

"C:\\ti\\codecomposer1260\\ccs\\utils\\bin\\gmake" -k -j 8 all -O 
 
gmake[1]: 'test-pwm-yaraaaaaaaaaaaaaab.out' is up to date.

**** Build Finished ****

**** Build of configuration Debug for project test-pwm-yaraaaaaaaaaaaaaab ****

"C:\\ti\\codecomposer1260\\ccs\\utils\\bin\\gmake" -k -j 8 all -O 
 
gmake[1]: 'test-pwm-yaraaaaaaaaaaaaaab.out' is up to date.

**** Build Finished ****

**** Build of configuration Debug for project test-pwm-yaraaaaaaaaaaaaaab ****

"C:\\ti\\codecomposer1260\\ccs\\utils\\bin\\gmake" -k -j 8 all -O 
 
gmake[1]: 'test-pwm-yaraaaaaaaaaaaaaab.out' is up to date.

**** Build Finished ****

**** Build of configuration Debug for project test-pwm-yaraaaaaaaaaaaaaab ****

"C:\\ti\\codecomposer1260\\ccs\\utils\\bin\\gmake" -k -j 8 all -O 
 
gmake[1]: 'test-pwm-yaraaaaaaaaaaaaaab.out' is up to date.

**** Build Finished ****

**** Build of configuration Debug for project test-pwm-yaraaaaaaaaaaaaaab ****

"C:\\ti\\codecomposer1260\\ccs\\utils\\bin\\gmake" -k -j 8 all -O 
 
Building file: "../main.c"
Invoking: Arm Compiler
"C:/ti/codecomposer1260/ccs/tools/compiler/ti-cgt-arm_20.2.7.LTS/bin/armcl" -mv7M4 --code_state=16 --float_support=FPv4SPD16 -me --include_path="D:/4th_year/3_Graduation_project/main_project/2-software/automotive_graduation_project/Embedded_Systems/Tests/test-pwm-yaraaaaaaaaaaaaaab" --include_path="C:/ti/codecomposer1260/ccs/tools/compiler/ti-cgt-arm_20.2.7.LTS/include" --define=ccs="ccs" --define=PART_TM4C123GH6PM -g --gcc --diag_warning=225 --diag_wrap=off --display_error_number --abi=eabi --preproc_with_compile --preproc_dependency="main.d_raw"  "../main.c"
"../main.c", line 18: warning #179-D: variable "duty" was declared but never referenced
Finished building: "../main.c"
 
Building target: "test-pwm-yaraaaaaaaaaaaaaab.out"
Invoking: Arm Linker
"C:/ti/codecomposer1260/ccs/tools/compiler/ti-cgt-arm_20.2.7.LTS/bin/armcl" -mv7M4 --code_state=16 --float_support=FPv4SPD16 -me --define=ccs="ccs" --define=PART_TM4C123GH6PM -g --gcc --diag_warning=225 --diag_wrap=off --display_error_number --abi=eabi -z -m"test-pwm-yaraaaaaaaaaaaaaab.map" --heap_size=0 --stack_size=512 -i"C:/ti/codecomposer1260/ccs/tools/compiler/ti-cgt-arm_20.2.7.LTS/lib" -i"C:/ti/codecomposer1260/ccs/tools/compiler/ti-cgt-arm_20.2.7.LTS/include" --reread_libs --diag_wrap=off --display_error_number --warn_sections --xml_link_info="test-pwm-yaraaaaaaaaaaaaaab_linkInfo.xml" --rom_model -o "test-pwm-yaraaaaaaaaaaaaaab.out" "./main.obj" "./Critical_Files/Det.obj" "./Critical_Files/tm4c123gh6pm_startup_ccs.obj" "./Dio_Driver/Dio.obj" "./Dio_Driver/Dio_PBcfg.obj" "./Port_Driver/Port.obj" "./Port_Driver/Port_PBcfg.obj" "./Uart_Driver/uart.obj" "./Uart_Driver/uart_PBcfg.obj" "./control_driver/control_app.obj" "./pwm/pwm.obj" "../tm4c123gh6pm.cmd"  -llibc.a 
<Linking>
Finished building target: "test-pwm-yaraaaaaaaaaaaaaab.out"
 

**** Build Finished ****

**** Build of configuration Debug for project test-pwm-yaraaaaaaaaaaaaaab ****

"C:\\ti\\codecomposer1260\\ccs\\utils\\bin\\gmake" -k -j 8 all -O 
 
Building file: "../main.c"
Invoking: Arm Compiler
"C:/ti/codecomposer1260/ccs/tools/compiler/ti-cgt-arm_20.2.7.LTS/bin/armcl" -mv7M4 --code_state=16 --float_support=FPv4SPD16 -me --include_path="D:/4th_year/3_Graduation_project/main_project/2-software/automotive_graduation_project/Embedded_Systems/Tests/test-pwm-yaraaaaaaaaaaaaaab" --include_path="C:/ti/codecomposer1260/ccs/tools/compiler/ti-cgt-arm_20.2.7.LTS/include" --define=ccs="ccs" --define=PART_TM4C123GH6PM -g --gcc --diag_warning=225 --diag_wrap=off --display_error_number --abi=eabi --preproc_with_compile --preproc_dependency="main.d_raw"  "../main.c"
"../main.c", line 18: warning #179-D: variable "duty" was declared but never referenced
Finished building: "../main.c"
 
Building target: "test-pwm-yaraaaaaaaaaaaaaab.out"
Invoking: Arm Linker
"C:/ti/codecomposer1260/ccs/tools/compiler/ti-cgt-arm_20.2.7.LTS/bin/armcl" -mv7M4 --code_state=16 --float_support=FPv4SPD16 -me --define=ccs="ccs" --define=PART_TM4C123GH6PM -g --gcc --diag_warning=225 --diag_wrap=off --display_error_number --abi=eabi -z -m"test-pwm-yaraaaaaaaaaaaaaab.map" --heap_size=0 --stack_size=512 -i"C:/ti/codecomposer1260/ccs/tools/compiler/ti-cgt-arm_20.2.7.LTS/lib" -i"C:/ti/codecomposer1260/ccs/tools/compiler/ti-cgt-arm_20.2.7.LTS/include" --reread_libs --diag_wrap=off --display_error_number --warn_sections --xml_link_info="test-pwm-yaraaaaaaaaaaaaaab_linkInfo.xml" --rom_model -o "test-pwm-yaraaaaaaaaaaaaaab.out" "./main.obj" "./Critical_Files/Det.obj" "./Critical_Files/tm4c123gh6pm_startup_ccs.obj" "./Dio_Driver/Dio.obj" "./Dio_Driver/Dio_PBcfg.obj" "./Port_Driver/Port.obj" "./Port_Driver/Port_PBcfg.obj" "./Uart_Driver/uart.obj" "./Uart_Driver/uart_PBcfg.obj" "./control_driver/control_app.obj" "./pwm/pwm.obj" "../tm4c123gh6pm.cmd"  -llibc.a 
<Linking>
Finished building target: "test-pwm-yaraaaaaaaaaaaaaab.out"
 

**** Build Finished ****

**** Build of configuration Debug for project test-pwm-yaraaaaaaaaaaaaaab ****

"C:\\ti\\codecomposer1260\\ccs\\utils\\bin\\gmake" -k -j 8 all -O 
 
Building file: "../main.c"
Invoking: Arm Compiler
"C:/ti/codecomposer1260/ccs/tools/compiler/ti-cgt-arm_20.2.7.LTS/bin/armcl" -mv7M4 --code_state=16 --float_support=FPv4SPD16 -me --include_path="D:/4th_year/3_Graduation_project/main_project/2-software/automotive_graduation_project/Embedded_Systems/Tests/test-pwm-yaraaaaaaaaaaaaaab" --include_path="C:/ti/codecomposer1260/ccs/tools/compiler/ti-cgt-arm_20.2.7.LTS/include" --define=ccs="ccs" --define=PART_TM4C123GH6PM -g --gcc --diag_warning=225 --diag_wrap=off --display_error_number --abi=eabi --preproc_with_compile --preproc_dependency="main.d_raw"  "../main.c"
"../main.c", line 19: warning #179-D: variable "dataReceived" was declared but never referenced
"../main.c", line 20: warning #179-D: variable "Motion_Control_Char" was declared but never referenced
Finished building: "../main.c"
 
Building target: "test-pwm-yaraaaaaaaaaaaaaab.out"
Invoking: Arm Linker
"C:/ti/codecomposer1260/ccs/tools/compiler/ti-cgt-arm_20.2.7.LTS/bin/armcl" -mv7M4 --code_state=16 --float_support=FPv4SPD16 -me --define=ccs="ccs" --define=PART_TM4C123GH6PM -g --gcc --diag_warning=225 --diag_wrap=off --display_error_number --abi=eabi -z -m"test-pwm-yaraaaaaaaaaaaaaab.map" --heap_size=0 --stack_size=512 -i"C:/ti/codecomposer1260/ccs/tools/compiler/ti-cgt-arm_20.2.7.LTS/lib" -i"C:/ti/codecomposer1260/ccs/tools/compiler/ti-cgt-arm_20.2.7.LTS/include" --reread_libs --diag_wrap=off --display_error_number --warn_sections --xml_link_info="test-pwm-yaraaaaaaaaaaaaaab_linkInfo.xml" --rom_model -o "test-pwm-yaraaaaaaaaaaaaaab.out" "./main.obj" "./Critical_Files/Det.obj" "./Critical_Files/tm4c123gh6pm_startup_ccs.obj" "./Dio_Driver/Dio.obj" "./Dio_Driver/Dio_PBcfg.obj" "./Port_Driver/Port.obj" "./Port_Driver/Port_PBcfg.obj" "./Uart_Driver/uart.obj" "./Uart_Driver/uart_PBcfg.obj" "./control_driver/control_app.obj" "./pwm/pwm.obj" "../tm4c123gh6pm.cmd"  -llibc.a 
<Linking>
Finished building target: "test-pwm-yaraaaaaaaaaaaaaab.out"
 

**** Build Finished ****

**** Build of configuration Debug for project test-pwm-yaraaaaaaaaaaaaaab ****

"C:\\ti\\codecomposer1260\\ccs\\utils\\bin\\gmake" -k -j 8 all -O 
 
Building file: "../main.c"
Invoking: Arm Compiler
"C:/ti/codecomposer1260/ccs/tools/compiler/ti-cgt-arm_20.2.7.LTS/bin/armcl" -mv7M4 --code_state=16 --float_support=FPv4SPD16 -me --include_path="D:/4th_year/3_Graduation_project/main_project/2-software/automotive_graduation_project/Embedded_Systems/Tests/test-pwm-yaraaaaaaaaaaaaaab" --include_path="C:/ti/codecomposer1260/ccs/tools/compiler/ti-cgt-arm_20.2.7.LTS/include" --define=ccs="ccs" --define=PART_TM4C123GH6PM -g --gcc --diag_warning=225 --diag_wrap=off --display_error_number --abi=eabi --preproc_with_compile --preproc_dependency="main.d_raw"  "../main.c"
Finished building: "../main.c"
 
Building target: "test-pwm-yaraaaaaaaaaaaaaab.out"
Invoking: Arm Linker
"C:/ti/codecomposer1260/ccs/tools/compiler/ti-cgt-arm_20.2.7.LTS/bin/armcl" -mv7M4 --code_state=16 --float_support=FPv4SPD16 -me --define=ccs="ccs" --define=PART_TM4C123GH6PM -g --gcc --diag_warning=225 --diag_wrap=off --display_error_number --abi=eabi -z -m"test-pwm-yaraaaaaaaaaaaaaab.map" --heap_size=0 --stack_size=512 -i"C:/ti/codecomposer1260/ccs/tools/compiler/ti-cgt-arm_20.2.7.LTS/lib" -i"C:/ti/codecomposer1260/ccs/tools/compiler/ti-cgt-arm_20.2.7.LTS/include" --reread_libs --diag_wrap=off --display_error_number --warn_sections --xml_link_info="test-pwm-yaraaaaaaaaaaaaaab_linkInfo.xml" --rom_model -o "test-pwm-yaraaaaaaaaaaaaaab.out" "./main.obj" "./Critical_Files/Det.obj" "./Critical_Files/tm4c123gh6pm_startup_ccs.obj" "./Dio_Driver/Dio.obj" "./Dio_Driver/Dio_PBcfg.obj" "./Port_Driver/Port.obj" "./Port_Driver/Port_PBcfg.obj" "./Uart_Driver/uart.obj" "./Uart_Driver/uart_PBcfg.obj" "./control_driver/control_app.obj" "./pwm/pwm.obj" "../tm4c123gh6pm.cmd"  -llibc.a 
<Linking>
Finished building target: "test-pwm-yaraaaaaaaaaaaaaab.out"
 

**** Build Finished ****

**** Build of configuration Debug for project test-pwm-yaraaaaaaaaaaaaaab ****

"C:\\ti\\codecomposer1260\\ccs\\utils\\bin\\gmake" -k -j 8 all -O 
 
Building file: "../pwm/pwm.c"
Invoking: Arm Compiler
"C:/ti/codecomposer1260/ccs/tools/compiler/ti-cgt-arm_20.2.7.LTS/bin/armcl" -mv7M4 --code_state=16 --float_support=FPv4SPD16 -me --include_path="D:/4th_year/3_Graduation_project/main_project/2-software/automotive_graduation_project/Embedded_Systems/Tests/test-pwm-yaraaaaaaaaaaaaaab" --include_path="C:/ti/codecomposer1260/ccs/tools/compiler/ti-cgt-arm_20.2.7.LTS/include" --define=ccs="ccs" --define=PART_TM4C123GH6PM -g --gcc --diag_warning=225 --diag_wrap=off --display_error_number --abi=eabi --preproc_with_compile --preproc_dependency="pwm/pwm.d_raw" --obj_directory="pwm"  "../pwm/pwm.c"
"../pwm/pwm.c", line 151: warning #225-D: function "port_Init" declared implicitly
"../pwm/pwm.c", line 200: warning #161-D: declaration is incompatible with previous "port_Init" (declared at line 151)
Finished building: "../pwm/pwm.c"
 
Building target: "test-pwm-yaraaaaaaaaaaaaaab.out"
Invoking: Arm Linker
"C:/ti/codecomposer1260/ccs/tools/compiler/ti-cgt-arm_20.2.7.LTS/bin/armcl" -mv7M4 --code_state=16 --float_support=FPv4SPD16 -me --define=ccs="ccs" --define=PART_TM4C123GH6PM -g --gcc --diag_warning=225 --diag_wrap=off --display_error_number --abi=eabi -z -m"test-pwm-yaraaaaaaaaaaaaaab.map" --heap_size=0 --stack_size=512 -i"C:/ti/codecomposer1260/ccs/tools/compiler/ti-cgt-arm_20.2.7.LTS/lib" -i"C:/ti/codecomposer1260/ccs/tools/compiler/ti-cgt-arm_20.2.7.LTS/include" --reread_libs --diag_wrap=off --display_error_number --warn_sections --xml_link_info="test-pwm-yaraaaaaaaaaaaaaab_linkInfo.xml" --rom_model -o "test-pwm-yaraaaaaaaaaaaaaab.out" "./main.obj" "./Critical_Files/Det.obj" "./Critical_Files/tm4c123gh6pm_startup_ccs.obj" "./Dio_Driver/Dio.obj" "./Dio_Driver/Dio_PBcfg.obj" "./Port_Driver/Port.obj" "./Port_Driver/Port_PBcfg.obj" "./Uart_Driver/uart.obj" "./Uart_Driver/uart_PBcfg.obj" "./control_driver/control_app.obj" "./pwm/pwm.obj" "../tm4c123gh6pm.cmd"  -llibc.a 
<Linking>
Finished building target: "test-pwm-yaraaaaaaaaaaaaaab.out"
 

**** Build Finished ****

**** Build of configuration Debug for project test-pwm-yaraaaaaaaaaaaaaab ****

"C:\\ti\\codecomposer1260\\ccs\\utils\\bin\\gmake" -k -j 8 all -O 
 
gmake[1]: 'test-pwm-yaraaaaaaaaaaaaaab.out' is up to date.

**** Build Finished ****

**** Build of configuration Debug for project test-pwm-yaraaaaaaaaaaaaaab ****

"C:\\ti\\codecomposer1260\\ccs\\utils\\bin\\gmake" -k -j 8 all -O 
 
gmake[1]: 'test-pwm-yaraaaaaaaaaaaaaab.out' is up to date.

**** Build Finished ****

**** Build of configuration Debug for project test-pwm-yaraaaaaaaaaaaaaab ****

"C:\\ti\\codecomposer1260\\ccs\\utils\\bin\\gmake" -k -j 8 all -O 
 
gmake[1]: 'test-pwm-yaraaaaaaaaaaaaaab.out' is up to date.

**** Build Finished ****

**** Build of configuration Debug for project test-pwm-yaraaaaaaaaaaaaaab ****

"C:\\ti\\codecomposer1260\\ccs\\utils\\bin\\gmake" -k -j 8 all -O 
 
Building file: "../main.c"
Invoking: Arm Compiler
"C:/ti/codecomposer1260/ccs/tools/compiler/ti-cgt-arm_20.2.7.LTS/bin/armcl" -mv7M4 --code_state=16 --float_support=FPv4SPD16 -me --include_path="D:/4th_year/3_Graduation_project/main_project/2-software/automotive_graduation_project/Embedded_Systems/Tests/test-pwm-yaraaaaaaaaaaaaaab" --include_path="C:/ti/codecomposer1260/ccs/tools/compiler/ti-cgt-arm_20.2.7.LTS/include" --define=ccs="ccs" --define=PART_TM4C123GH6PM -g --gcc --diag_warning=225 --diag_wrap=off --display_error_number --abi=eabi --preproc_with_compile --preproc_dependency="main.d_raw"  "../main.c"
"../main.c", line 10: warning #179-D: variable "duty" was declared but never referenced
Finished building: "../main.c"
 
Building target: "test-pwm-yaraaaaaaaaaaaaaab.out"
Invoking: Arm Linker
"C:/ti/codecomposer1260/ccs/tools/compiler/ti-cgt-arm_20.2.7.LTS/bin/armcl" -mv7M4 --code_state=16 --float_support=FPv4SPD16 -me --define=ccs="ccs" --define=PART_TM4C123GH6PM -g --gcc --diag_warning=225 --diag_wrap=off --display_error_number --abi=eabi -z -m"test-pwm-yaraaaaaaaaaaaaaab.map" --heap_size=0 --stack_size=512 -i"C:/ti/codecomposer1260/ccs/tools/compiler/ti-cgt-arm_20.2.7.LTS/lib" -i"C:/ti/codecomposer1260/ccs/tools/compiler/ti-cgt-arm_20.2.7.LTS/include" --reread_libs --diag_wrap=off --display_error_number --warn_sections --xml_link_info="test-pwm-yaraaaaaaaaaaaaaab_linkInfo.xml" --rom_model -o "test-pwm-yaraaaaaaaaaaaaaab.out" "./main.obj" "./Critical_Files/Det.obj" "./Critical_Files/tm4c123gh6pm_startup_ccs.obj" "./Dio_Driver/Dio.obj" "./Dio_Driver/Dio_PBcfg.obj" "./Port_Driver/Port.obj" "./Port_Driver/Port_PBcfg.obj" "./Uart_Driver/uart.obj" "./Uart_Driver/uart_PBcfg.obj" "./control_driver/control_app.obj" "./pwm/pwm.obj" "../tm4c123gh6pm.cmd"  -llibc.a 
<Linking>
Finished building target: "test-pwm-yaraaaaaaaaaaaaaab.out"
 

**** Build Finished ****

**** Build of configuration Debug for project test-pwm-yaraaaaaaaaaaaaaab ****

"C:\\ti\\codecomposer1260\\ccs\\utils\\bin\\gmake" -k -j 8 all -O 
 
gmake[1]: 'test-pwm-yaraaaaaaaaaaaaaab.out' is up to date.

**** Build Finished ****

**** Build of configuration Debug for project test-pwm-yaraaaaaaaaaaaaaab ****

"C:\\ti\\codecomposer1260\\ccs\\utils\\bin\\gmake" -k -j 8 all -O 
 
Building file: "../main.c"
Invoking: Arm Compiler
"C:/ti/codecomposer1260/ccs/tools/compiler/ti-cgt-arm_20.2.7.LTS/bin/armcl" -mv7M4 --code_state=16 --float_support=FPv4SPD16 -me --include_path="D:/4th_year/3_Graduation_project/main_project/2-software/automotive_graduation_project/Embedded_Systems/Tests/test-pwm-yaraaaaaaaaaaaaaab" --include_path="C:/ti/codecomposer1260/ccs/tools/compiler/ti-cgt-arm_20.2.7.LTS/include" --define=ccs="ccs" --define=PART_TM4C123GH6PM -g --gcc --diag_warning=225 --diag_wrap=off --display_error_number --abi=eabi --preproc_with_compile --preproc_dependency="main.d_raw"  "../main.c"
"../main.c", line 10: warning #179-D: variable "duty" was declared but never referenced
Finished building: "../main.c"
 
Building target: "test-pwm-yaraaaaaaaaaaaaaab.out"
Invoking: Arm Linker
"C:/ti/codecomposer1260/ccs/tools/compiler/ti-cgt-arm_20.2.7.LTS/bin/armcl" -mv7M4 --code_state=16 --float_support=FPv4SPD16 -me --define=ccs="ccs" --define=PART_TM4C123GH6PM -g --gcc --diag_warning=225 --diag_wrap=off --display_error_number --abi=eabi -z -m"test-pwm-yaraaaaaaaaaaaaaab.map" --heap_size=0 --stack_size=512 -i"C:/ti/codecomposer1260/ccs/tools/compiler/ti-cgt-arm_20.2.7.LTS/lib" -i"C:/ti/codecomposer1260/ccs/tools/compiler/ti-cgt-arm_20.2.7.LTS/include" --reread_libs --diag_wrap=off --display_error_number --warn_sections --xml_link_info="test-pwm-yaraaaaaaaaaaaaaab_linkInfo.xml" --rom_model -o "test-pwm-yaraaaaaaaaaaaaaab.out" "./main.obj" "./Critical_Files/Det.obj" "./Critical_Files/tm4c123gh6pm_startup_ccs.obj" "./Dio_Driver/Dio.obj" "./Dio_Driver/Dio_PBcfg.obj" "./Port_Driver/Port.obj" "./Port_Driver/Port_PBcfg.obj" "./Uart_Driver/uart.obj" "./Uart_Driver/uart_PBcfg.obj" "./control_driver/control_app.obj" "./pwm/pwm.obj" "../tm4c123gh6pm.cmd"  -llibc.a 
<Linking>
Finished building target: "test-pwm-yaraaaaaaaaaaaaaab.out"
 

**** Build Finished ****

**** Build of configuration Debug for project test-pwm-yaraaaaaaaaaaaaaab ****

"C:\\ti\\codecomposer1260\\ccs\\utils\\bin\\gmake" -k -j 8 all -O 
 
Building file: "../main.c"
Invoking: Arm Compiler
"C:/ti/codecomposer1260/ccs/tools/compiler/ti-cgt-arm_20.2.7.LTS/bin/armcl" -mv7M4 --code_state=16 --float_support=FPv4SPD16 -me --include_path="D:/4th_year/3_Graduation_project/main_project/2-software/automotive_graduation_project/Embedded_Systems/Tests/test-pwm-yaraaaaaaaaaaaaaab" --include_path="C:/ti/codecomposer1260/ccs/tools/compiler/ti-cgt-arm_20.2.7.LTS/include" --define=ccs="ccs" --define=PART_TM4C123GH6PM -g --gcc --diag_warning=225 --diag_wrap=off --display_error_number --abi=eabi --preproc_with_compile --preproc_dependency="main.d_raw"  "../main.c"
"../main.c", line 10: warning #179-D: variable "duty" was declared but never referenced
Finished building: "../main.c"
 
Building target: "test-pwm-yaraaaaaaaaaaaaaab.out"
Invoking: Arm Linker
"C:/ti/codecomposer1260/ccs/tools/compiler/ti-cgt-arm_20.2.7.LTS/bin/armcl" -mv7M4 --code_state=16 --float_support=FPv4SPD16 -me --define=ccs="ccs" --define=PART_TM4C123GH6PM -g --gcc --diag_warning=225 --diag_wrap=off --display_error_number --abi=eabi -z -m"test-pwm-yaraaaaaaaaaaaaaab.map" --heap_size=0 --stack_size=512 -i"C:/ti/codecomposer1260/ccs/tools/compiler/ti-cgt-arm_20.2.7.LTS/lib" -i"C:/ti/codecomposer1260/ccs/tools/compiler/ti-cgt-arm_20.2.7.LTS/include" --reread_libs --diag_wrap=off --display_error_number --warn_sections --xml_link_info="test-pwm-yaraaaaaaaaaaaaaab_linkInfo.xml" --rom_model -o "test-pwm-yaraaaaaaaaaaaaaab.out" "./main.obj" "./Critical_Files/Det.obj" "./Critical_Files/tm4c123gh6pm_startup_ccs.obj" "./Dio_Driver/Dio.obj" "./Dio_Driver/Dio_PBcfg.obj" "./Port_Driver/Port.obj" "./Port_Driver/Port_PBcfg.obj" "./Uart_Driver/uart.obj" "./Uart_Driver/uart_PBcfg.obj" "./control_driver/control_app.obj" "./pwm/pwm.obj" "../tm4c123gh6pm.cmd"  -llibc.a 
<Linking>
Finished building target: "test-pwm-yaraaaaaaaaaaaaaab.out"
 

**** Build Finished ****

**** Build of configuration Debug for project test-pwm-yaraaaaaaaaaaaaaab ****

"C:\\ti\\codecomposer1260\\ccs\\utils\\bin\\gmake" -k -j 8 all -O 
 
Building file: "../main.c"
Invoking: Arm Compiler
"C:/ti/codecomposer1260/ccs/tools/compiler/ti-cgt-arm_20.2.7.LTS/bin/armcl" -mv7M4 --code_state=16 --float_support=FPv4SPD16 -me --include_path="D:/4th_year/3_Graduation_project/main_project/2-software/automotive_graduation_project/Embedded_Systems/Tests/test-pwm-yaraaaaaaaaaaaaaab" --include_path="C:/ti/codecomposer1260/ccs/tools/compiler/ti-cgt-arm_20.2.7.LTS/include" --define=ccs="ccs" --define=PART_TM4C123GH6PM -g --gcc --diag_warning=225 --diag_wrap=off --display_error_number --abi=eabi --preproc_with_compile --preproc_dependency="main.d_raw"  "../main.c"
"../main.c", line 10: warning #179-D: variable "duty" was declared but never referenced
Finished building: "../main.c"
 
Building target: "test-pwm-yaraaaaaaaaaaaaaab.out"
Invoking: Arm Linker
"C:/ti/codecomposer1260/ccs/tools/compiler/ti-cgt-arm_20.2.7.LTS/bin/armcl" -mv7M4 --code_state=16 --float_support=FPv4SPD16 -me --define=ccs="ccs" --define=PART_TM4C123GH6PM -g --gcc --diag_warning=225 --diag_wrap=off --display_error_number --abi=eabi -z -m"test-pwm-yaraaaaaaaaaaaaaab.map" --heap_size=0 --stack_size=512 -i"C:/ti/codecomposer1260/ccs/tools/compiler/ti-cgt-arm_20.2.7.LTS/lib" -i"C:/ti/codecomposer1260/ccs/tools/compiler/ti-cgt-arm_20.2.7.LTS/include" --reread_libs --diag_wrap=off --display_error_number --warn_sections --xml_link_info="test-pwm-yaraaaaaaaaaaaaaab_linkInfo.xml" --rom_model -o "test-pwm-yaraaaaaaaaaaaaaab.out" "./main.obj" "./Critical_Files/Det.obj" "./Critical_Files/tm4c123gh6pm_startup_ccs.obj" "./Dio_Driver/Dio.obj" "./Dio_Driver/Dio_PBcfg.obj" "./Port_Driver/Port.obj" "./Port_Driver/Port_PBcfg.obj" "./Uart_Driver/uart.obj" "./Uart_Driver/uart_PBcfg.obj" "./control_driver/control_app.obj" "./pwm/pwm.obj" "../tm4c123gh6pm.cmd"  -llibc.a 
<Linking>
Finished building target: "test-pwm-yaraaaaaaaaaaaaaab.out"
 

**** Build Finished ****

**** Build of configuration Debug for project test-pwm-yaraaaaaaaaaaaaaab ****

"C:\\ti\\codecomposer1260\\ccs\\utils\\bin\\gmake" -k -j 8 all -O 
 
gmake[1]: 'test-pwm-yaraaaaaaaaaaaaaab.out' is up to date.

**** Build Finished ****
