
**** Build of configuration Debug for project Us ****

"C:\\ti\\ccs1260\\ccs\\utils\\bin\\gmake" -k -j 4 all -O 
 
Building file: "../Dio_PBcfg.c"
Invoking: Arm Compiler
"C:/ti/ccs1260/ccs/tools/compiler/ti-cgt-arm_20.2.7.LTS/bin/armcl" -mv7M4 --code_state=16 --float_support=FPv4SPD16 -me --include_path="F:/GraduationProject/Codes/Ultrasonic/Us" --include_path="C:/ti/ccs1260/ccs/tools/compiler/ti-cgt-arm_20.2.7.LTS/include" --define=ccs="ccs" --define=PART_TM4C123GH6PM -g --gcc --diag_warning=225 --diag_wrap=off --display_error_number --abi=eabi --preproc_with_compile --preproc_dependency="Dio_PBcfg.d_raw"  "../Dio_PBcfg.c"
Finished building: "../Dio_PBcfg.c"
 
Building file: "../Det.c"
Invoking: Arm Compiler
"C:/ti/ccs1260/ccs/tools/compiler/ti-cgt-arm_20.2.7.LTS/bin/armcl" -mv7M4 --code_state=16 --float_support=FPv4SPD16 -me --include_path="F:/GraduationProject/Codes/Ultrasonic/Us" --include_path="C:/ti/ccs1260/ccs/tools/compiler/ti-cgt-arm_20.2.7.LTS/include" --define=ccs="ccs" --define=PART_TM4C123GH6PM -g --gcc --diag_warning=225 --diag_wrap=off --display_error_number --abi=eabi --preproc_with_compile --preproc_dependency="Det.d_raw"  "../Det.c"
"../Det.c", line 22: warning #112-D: statement is unreachable
Finished building: "../Det.c"
 
Building file: "../Dio.c"
Invoking: Arm Compiler
"C:/ti/ccs1260/ccs/tools/compiler/ti-cgt-arm_20.2.7.LTS/bin/armcl" -mv7M4 --code_state=16 --float_support=FPv4SPD16 -me --include_path="F:/GraduationProject/Codes/Ultrasonic/Us" --include_path="C:/ti/ccs1260/ccs/tools/compiler/ti-cgt-arm_20.2.7.LTS/include" --define=ccs="ccs" --define=PART_TM4C123GH6PM -g --gcc --diag_warning=225 --diag_wrap=off --display_error_number --abi=eabi --preproc_with_compile --preproc_dependency="Dio.d_raw"  "../Dio.c"
Finished building: "../Dio.c"
 
Building file: "../NVIC.c"
Invoking: Arm Compiler
"C:/ti/ccs1260/ccs/tools/compiler/ti-cgt-arm_20.2.7.LTS/bin/armcl" -mv7M4 --code_state=16 --float_support=FPv4SPD16 -me --include_path="F:/GraduationProject/Codes/Ultrasonic/Us" --include_path="C:/ti/ccs1260/ccs/tools/compiler/ti-cgt-arm_20.2.7.LTS/include" --define=ccs="ccs" --define=PART_TM4C123GH6PM -g --gcc --diag_warning=225 --diag_wrap=off --display_error_number --abi=eabi --preproc_with_compile --preproc_dependency="NVIC.d_raw"  "../NVIC.c"
Finished building: "../NVIC.c"
 
Building file: "../Port_PBcfg.c"
Invoking: Arm Compiler
"C:/ti/ccs1260/ccs/tools/compiler/ti-cgt-arm_20.2.7.LTS/bin/armcl" -mv7M4 --code_state=16 --float_support=FPv4SPD16 -me --include_path="F:/GraduationProject/Codes/Ultrasonic/Us" --include_path="C:/ti/ccs1260/ccs/tools/compiler/ti-cgt-arm_20.2.7.LTS/include" --define=ccs="ccs" --define=PART_TM4C123GH6PM -g --gcc --diag_warning=225 --diag_wrap=off --display_error_number --abi=eabi --preproc_with_compile --preproc_dependency="Port_PBcfg.d_raw"  "../Port_PBcfg.c"
Finished building: "../Port_PBcfg.c"
 
Building file: "../SYSTICK_PBcfg.c"
Invoking: Arm Compiler
"C:/ti/ccs1260/ccs/tools/compiler/ti-cgt-arm_20.2.7.LTS/bin/armcl" -mv7M4 --code_state=16 --float_support=FPv4SPD16 -me --include_path="F:/GraduationProject/Codes/Ultrasonic/Us" --include_path="C:/ti/ccs1260/ccs/tools/compiler/ti-cgt-arm_20.2.7.LTS/include" --define=ccs="ccs" --define=PART_TM4C123GH6PM -g --gcc --diag_warning=225 --diag_wrap=off --display_error_number --abi=eabi --preproc_with_compile --preproc_dependency="SYSTICK_PBcfg.d_raw"  "../SYSTICK_PBcfg.c"
Finished building: "../SYSTICK_PBcfg.c"
 
Building file: "../SYSTICK.c"
Invoking: Arm Compiler
"C:/ti/ccs1260/ccs/tools/compiler/ti-cgt-arm_20.2.7.LTS/bin/armcl" -mv7M4 --code_state=16 --float_support=FPv4SPD16 -me --include_path="F:/GraduationProject/Codes/Ultrasonic/Us" --include_path="C:/ti/ccs1260/ccs/tools/compiler/ti-cgt-arm_20.2.7.LTS/include" --define=ccs="ccs" --define=PART_TM4C123GH6PM -g --gcc --diag_warning=225 --diag_wrap=off --display_error_number --abi=eabi --preproc_with_compile --preproc_dependency="SYSTICK.d_raw"  "../SYSTICK.c"
"../SYSTICK.c", line 19: warning #552-D: variable "SysTick_Call_Back_Pointer" was set but never used
Finished building: "../SYSTICK.c"
 
Building file: "../Ultrasonic.c"
Invoking: Arm Compiler
"C:/ti/ccs1260/ccs/tools/compiler/ti-cgt-arm_20.2.7.LTS/bin/armcl" -mv7M4 --code_state=16 --float_support=FPv4SPD16 -me --include_path="F:/GraduationProject/Codes/Ultrasonic/Us" --include_path="C:/ti/ccs1260/ccs/tools/compiler/ti-cgt-arm_20.2.7.LTS/include" --define=ccs="ccs" --define=PART_TM4C123GH6PM -g --gcc --diag_warning=225 --diag_wrap=off --display_error_number --abi=eabi --preproc_with_compile --preproc_dependency="Ultrasonic.d_raw"  "../Ultrasonic.c"
 
>> Compilation failure
subdir_rules.mk:9: recipe for target 'Ultrasonic.obj' failed
"../Ultrasonic.c", line 42: warning #225-D: function "Systick_Delay" declared implicitly
"../Ultrasonic.c", line 66: error #20: identifier "distanceee" is undefined
"../Ultrasonic.c", line 64: warning #179-D: variable "distance" was declared but never referenced
"../Ultrasonic.c", line 68: warning #78-D: this declaration has no storage class or type specifier
At end of source: error #66: expected a ";"
2 errors detected in the compilation of "../Ultrasonic.c".
gmake: *** [Ultrasonic.obj] Error 1
Building file: "../main.c"
Invoking: Arm Compiler
"C:/ti/ccs1260/ccs/tools/compiler/ti-cgt-arm_20.2.7.LTS/bin/armcl" -mv7M4 --code_state=16 --float_support=FPv4SPD16 -me --include_path="F:/GraduationProject/Codes/Ultrasonic/Us" --include_path="C:/ti/ccs1260/ccs/tools/compiler/ti-cgt-arm_20.2.7.LTS/include" --define=ccs="ccs" --define=PART_TM4C123GH6PM -g --gcc --diag_warning=225 --diag_wrap=off --display_error_number --abi=eabi --preproc_with_compile --preproc_dependency="main.d_raw"  "../main.c"
Finished building: "../main.c"
 
Building file: "../Port.c"
Invoking: Arm Compiler
"C:/ti/ccs1260/ccs/tools/compiler/ti-cgt-arm_20.2.7.LTS/bin/armcl" -mv7M4 --code_state=16 --float_support=FPv4SPD16 -me --include_path="F:/GraduationProject/Codes/Ultrasonic/Us" --include_path="C:/ti/ccs1260/ccs/tools/compiler/ti-cgt-arm_20.2.7.LTS/include" --define=ccs="ccs" --define=PART_TM4C123GH6PM -g --gcc --diag_warning=225 --diag_wrap=off --display_error_number --abi=eabi --preproc_with_compile --preproc_dependency="Port.d_raw"  "../Port.c"
Finished building: "../Port.c"
 
Building file: "../tm4c123gh6pm_startup_ccs.c"
Invoking: Arm Compiler
"C:/ti/ccs1260/ccs/tools/compiler/ti-cgt-arm_20.2.7.LTS/bin/armcl" -mv7M4 --code_state=16 --float_support=FPv4SPD16 -me --include_path="F:/GraduationProject/Codes/Ultrasonic/Us" --include_path="C:/ti/ccs1260/ccs/tools/compiler/ti-cgt-arm_20.2.7.LTS/include" --define=ccs="ccs" --define=PART_TM4C123GH6PM -g --gcc --diag_warning=225 --diag_wrap=off --display_error_number --abi=eabi --preproc_with_compile --preproc_dependency="tm4c123gh6pm_startup_ccs.d_raw"  "../tm4c123gh6pm_startup_ccs.c"
Finished building: "../tm4c123gh6pm_startup_ccs.c"
 
gmake: Target 'all' not remade because of errors.

**** Build Finished ****

**** Build of configuration Debug for project Us ****

"C:\\ti\\ccs1260\\ccs\\utils\\bin\\gmake" -k -j 4 all -O 
 
Building file: "../Ultrasonic.c"
Invoking: Arm Compiler
"C:/ti/ccs1260/ccs/tools/compiler/ti-cgt-arm_20.2.7.LTS/bin/armcl" -mv7M4 --code_state=16 --float_support=FPv4SPD16 -me --include_path="F:/GraduationProject/Codes/Ultrasonic/Us" --include_path="C:/ti/ccs1260/ccs/tools/compiler/ti-cgt-arm_20.2.7.LTS/include" --define=ccs="ccs" --define=PART_TM4C123GH6PM -g --gcc --diag_warning=225 --diag_wrap=off --display_error_number --abi=eabi --preproc_with_compile --preproc_dependency="Ultrasonic.d_raw"  "../Ultrasonic.c"
 
>> Compilation failure
subdir_rules.mk:9: recipe for target 'Ultrasonic.obj' failed
"../Ultrasonic.c", line 42: warning #225-D: function "Systick_Delay" declared implicitly
"../Ultrasonic.c", line 68: warning #78-D: this declaration has no storage class or type specifier
At end of source: error #66: expected a ";"
1 error detected in the compilation of "../Ultrasonic.c".
gmake: *** [Ultrasonic.obj] Error 1
gmake: Target 'all' not remade because of errors.

**** Build Finished ****

**** Build of configuration Debug for project Us ****

"C:\\ti\\ccs1260\\ccs\\utils\\bin\\gmake" -k -j 4 all -O 
 
Building file: "../Ultrasonic.c"
Invoking: Arm Compiler
"C:/ti/ccs1260/ccs/tools/compiler/ti-cgt-arm_20.2.7.LTS/bin/armcl" -mv7M4 --code_state=16 --float_support=FPv4SPD16 -me --include_path="F:/GraduationProject/Codes/Ultrasonic/Us" --include_path="C:/ti/ccs1260/ccs/tools/compiler/ti-cgt-arm_20.2.7.LTS/include" --define=ccs="ccs" --define=PART_TM4C123GH6PM -g --gcc --diag_warning=225 --diag_wrap=off --display_error_number --abi=eabi --preproc_with_compile --preproc_dependency="Ultrasonic.d_raw"  "../Ultrasonic.c"
"../Ultrasonic.c", line 42: warning #225-D: function "Systick_Delay" declared implicitly
Finished building: "../Ultrasonic.c"
 
Building target: "Us.out"
Invoking: Arm Linker
"C:/ti/ccs1260/ccs/tools/compiler/ti-cgt-arm_20.2.7.LTS/bin/armcl" -mv7M4 --code_state=16 --float_support=FPv4SPD16 -me --define=ccs="ccs" --define=PART_TM4C123GH6PM -g --gcc --diag_warning=225 --diag_wrap=off --display_error_number --abi=eabi -z -m"Us.map" --heap_size=0 --stack_size=512 -i"C:/ti/ccs1260/ccs/tools/compiler/ti-cgt-arm_20.2.7.LTS/lib" -i"C:/ti/ccs1260/ccs/tools/compiler/ti-cgt-arm_20.2.7.LTS/include" --reread_libs --diag_wrap=off --display_error_number --warn_sections --xml_link_info="Us_linkInfo.xml" --rom_model -o "Us.out" "./Det.obj" "./Dio.obj" "./Dio_PBcfg.obj" "./NVIC.obj" "./Port.obj" "./Port_PBcfg.obj" "./SYSTICK.obj" "./SYSTICK_PBcfg.obj" "./Ultrasonic.obj" "./main.obj" "./tm4c123gh6pm_startup_ccs.obj" "../tm4c123gh6pm.cmd"  -llibc.a 
<Linking>
Finished building target: "Us.out"
 

**** Build Finished ****

**** Build of configuration Debug for project Us ****

"C:\\ti\\ccs1260\\ccs\\utils\\bin\\gmake" -k -j 4 all -O 
 
Building file: "../tm4c123gh6pm_startup_ccs.c"
Invoking: Arm Compiler
"C:/ti/ccs1260/ccs/tools/compiler/ti-cgt-arm_20.2.7.LTS/bin/armcl" -mv7M4 --code_state=16 --float_support=FPv4SPD16 -me --include_path="F:/GraduationProject/Codes/Ultrasonic/Us" --include_path="C:/ti/ccs1260/ccs/tools/compiler/ti-cgt-arm_20.2.7.LTS/include" --define=ccs="ccs" --define=PART_TM4C123GH6PM -g --gcc --diag_warning=225 --diag_wrap=off --display_error_number --abi=eabi --preproc_with_compile --preproc_dependency="tm4c123gh6pm_startup_ccs.d_raw"  "../tm4c123gh6pm_startup_ccs.c"
 
>> Compilation failure
subdir_rules.mk:9: recipe for target 'tm4c123gh6pm_startup_ccs.obj' failed
"../tm4c123gh6pm_startup_ccs.c", line 90: error #20: identifier "GPIOE_Handler" is undefined
1 error detected in the compilation of "../tm4c123gh6pm_startup_ccs.c".
gmake: *** [tm4c123gh6pm_startup_ccs.obj] Error 1
Building file: "../Ultrasonic.c"
Invoking: Arm Compiler
"C:/ti/ccs1260/ccs/tools/compiler/ti-cgt-arm_20.2.7.LTS/bin/armcl" -mv7M4 --code_state=16 --float_support=FPv4SPD16 -me --include_path="F:/GraduationProject/Codes/Ultrasonic/Us" --include_path="C:/ti/ccs1260/ccs/tools/compiler/ti-cgt-arm_20.2.7.LTS/include" --define=ccs="ccs" --define=PART_TM4C123GH6PM -g --gcc --diag_warning=225 --diag_wrap=off --display_error_number --abi=eabi --preproc_with_compile --preproc_dependency="Ultrasonic.d_raw"  "../Ultrasonic.c"
Finished building: "../Ultrasonic.c"
 
gmake: Target 'all' not remade because of errors.

**** Build Finished ****

**** Build of configuration Debug for project Us ****

"C:\\ti\\ccs1260\\ccs\\utils\\bin\\gmake" -k -j 4 all -O 
 
Building file: "../Ultrasonic.c"
Invoking: Arm Compiler
"C:/ti/ccs1260/ccs/tools/compiler/ti-cgt-arm_20.2.7.LTS/bin/armcl" -mv7M4 --code_state=16 --float_support=FPv4SPD16 -me --include_path="F:/GraduationProject/Codes/Ultrasonic/Us" --include_path="C:/ti/ccs1260/ccs/tools/compiler/ti-cgt-arm_20.2.7.LTS/include" --define=ccs="ccs" --define=PART_TM4C123GH6PM -g --gcc --diag_warning=225 --diag_wrap=off --display_error_number --abi=eabi --preproc_with_compile --preproc_dependency="Ultrasonic.d_raw"  "../Ultrasonic.c"
 
>> Compilation failure
subdir_rules.mk:9: recipe for target 'Ultrasonic.obj' failed
"../Ultrasonic.c", line 56: error #20: identifier "GPIO_PORTE_MIS_R" is undefined
"../Ultrasonic.c", line 67: error #20: identifier "GPIO_PORTE_ICR_R" is undefined
2 errors detected in the compilation of "../Ultrasonic.c".
gmake: *** [Ultrasonic.obj] Error 1
Building file: "../tm4c123gh6pm_startup_ccs.c"
Invoking: Arm Compiler
"C:/ti/ccs1260/ccs/tools/compiler/ti-cgt-arm_20.2.7.LTS/bin/armcl" -mv7M4 --code_state=16 --float_support=FPv4SPD16 -me --include_path="F:/GraduationProject/Codes/Ultrasonic/Us" --include_path="C:/ti/ccs1260/ccs/tools/compiler/ti-cgt-arm_20.2.7.LTS/include" --define=ccs="ccs" --define=PART_TM4C123GH6PM -g --gcc --diag_warning=225 --diag_wrap=off --display_error_number --abi=eabi --preproc_with_compile --preproc_dependency="tm4c123gh6pm_startup_ccs.d_raw"  "../tm4c123gh6pm_startup_ccs.c"
 
>> Compilation failure
subdir_rules.mk:9: recipe for target 'tm4c123gh6pm_startup_ccs.obj' failed
"../tm4c123gh6pm_startup_ccs.c", line 90: error #20: identifier "GPIOE_Handler" is undefined
1 error detected in the compilation of "../tm4c123gh6pm_startup_ccs.c".
gmake: *** [tm4c123gh6pm_startup_ccs.obj] Error 1
gmake: Target 'all' not remade because of errors.

**** Build Finished ****

**** Build of configuration Debug for project Us ****

"C:\\ti\\ccs1260\\ccs\\utils\\bin\\gmake" -k -j 4 all -O 
 
Building file: "../SYSTICK.c"
Invoking: Arm Compiler
"C:/ti/ccs1260/ccs/tools/compiler/ti-cgt-arm_20.2.7.LTS/bin/armcl" -mv7M4 --code_state=16 --float_support=FPv4SPD16 -me --include_path="F:/GraduationProject/Codes/Ultrasonic/Us" --include_path="C:/ti/ccs1260/ccs/tools/compiler/ti-cgt-arm_20.2.7.LTS/include" --define=ccs="ccs" --define=PART_TM4C123GH6PM -g --gcc --diag_warning=225 --diag_wrap=off --display_error_number --abi=eabi --preproc_with_compile --preproc_dependency="SYSTICK.d_raw"  "../SYSTICK.c"
"../SYSTICK.c", line 19: warning #552-D: variable "SysTick_Call_Back_Pointer" was set but never used
Finished building: "../SYSTICK.c"
 
Building file: "../NVIC.c"
Invoking: Arm Compiler
"C:/ti/ccs1260/ccs/tools/compiler/ti-cgt-arm_20.2.7.LTS/bin/armcl" -mv7M4 --code_state=16 --float_support=FPv4SPD16 -me --include_path="F:/GraduationProject/Codes/Ultrasonic/Us" --include_path="C:/ti/ccs1260/ccs/tools/compiler/ti-cgt-arm_20.2.7.LTS/include" --define=ccs="ccs" --define=PART_TM4C123GH6PM -g --gcc --diag_warning=225 --diag_wrap=off --display_error_number --abi=eabi --preproc_with_compile --preproc_dependency="NVIC.d_raw"  "../NVIC.c"
Finished building: "../NVIC.c"
 
Building file: "../Port.c"
Invoking: Arm Compiler
"C:/ti/ccs1260/ccs/tools/compiler/ti-cgt-arm_20.2.7.LTS/bin/armcl" -mv7M4 --code_state=16 --float_support=FPv4SPD16 -me --include_path="F:/GraduationProject/Codes/Ultrasonic/Us" --include_path="C:/ti/ccs1260/ccs/tools/compiler/ti-cgt-arm_20.2.7.LTS/include" --define=ccs="ccs" --define=PART_TM4C123GH6PM -g --gcc --diag_warning=225 --diag_wrap=off --display_error_number --abi=eabi --preproc_with_compile --preproc_dependency="Port.d_raw"  "../Port.c"
Finished building: "../Port.c"
 
Building file: "../Ultrasonic.c"
Invoking: Arm Compiler
"C:/ti/ccs1260/ccs/tools/compiler/ti-cgt-arm_20.2.7.LTS/bin/armcl" -mv7M4 --code_state=16 --float_support=FPv4SPD16 -me --include_path="F:/GraduationProject/Codes/Ultrasonic/Us" --include_path="C:/ti/ccs1260/ccs/tools/compiler/ti-cgt-arm_20.2.7.LTS/include" --define=ccs="ccs" --define=PART_TM4C123GH6PM -g --gcc --diag_warning=225 --diag_wrap=off --display_error_number --abi=eabi --preproc_with_compile --preproc_dependency="Ultrasonic.d_raw"  "../Ultrasonic.c"
Finished building: "../Ultrasonic.c"
 
Building file: "../tm4c123gh6pm_startup_ccs.c"
Invoking: Arm Compiler
"C:/ti/ccs1260/ccs/tools/compiler/ti-cgt-arm_20.2.7.LTS/bin/armcl" -mv7M4 --code_state=16 --float_support=FPv4SPD16 -me --include_path="F:/GraduationProject/Codes/Ultrasonic/Us" --include_path="C:/ti/ccs1260/ccs/tools/compiler/ti-cgt-arm_20.2.7.LTS/include" --define=ccs="ccs" --define=PART_TM4C123GH6PM -g --gcc --diag_warning=225 --diag_wrap=off --display_error_number --abi=eabi --preproc_with_compile --preproc_dependency="tm4c123gh6pm_startup_ccs.d_raw"  "../tm4c123gh6pm_startup_ccs.c"
 
>> Compilation failure
subdir_rules.mk:9: recipe for target 'tm4c123gh6pm_startup_ccs.obj' failed
"../tm4c123gh6pm_startup_ccs.c", line 90: error #20: identifier "GPIOE_Handler" is undefined
1 error detected in the compilation of "../tm4c123gh6pm_startup_ccs.c".
gmake: *** [tm4c123gh6pm_startup_ccs.obj] Error 1
gmake: Target 'all' not remade because of errors.

**** Build Finished ****

**** Build of configuration Debug for project Us ****

"C:\\ti\\ccs1260\\ccs\\utils\\bin\\gmake" -k -j 4 all -O 
 
Building file: "../tm4c123gh6pm_startup_ccs.c"
Invoking: Arm Compiler
"C:/ti/ccs1260/ccs/tools/compiler/ti-cgt-arm_20.2.7.LTS/bin/armcl" -mv7M4 --code_state=16 --float_support=FPv4SPD16 -me --include_path="F:/GraduationProject/Codes/Ultrasonic/Us" --include_path="C:/ti/ccs1260/ccs/tools/compiler/ti-cgt-arm_20.2.7.LTS/include" --define=ccs="ccs" --define=PART_TM4C123GH6PM -g --gcc --diag_warning=225 --diag_wrap=off --display_error_number --abi=eabi --preproc_with_compile --preproc_dependency="tm4c123gh6pm_startup_ccs.d_raw"  "../tm4c123gh6pm_startup_ccs.c"
Finished building: "../tm4c123gh6pm_startup_ccs.c"
 
Building target: "Us.out"
Invoking: Arm Linker
"C:/ti/ccs1260/ccs/tools/compiler/ti-cgt-arm_20.2.7.LTS/bin/armcl" -mv7M4 --code_state=16 --float_support=FPv4SPD16 -me --define=ccs="ccs" --define=PART_TM4C123GH6PM -g --gcc --diag_warning=225 --diag_wrap=off --display_error_number --abi=eabi -z -m"Us.map" --heap_size=0 --stack_size=512 -i"C:/ti/ccs1260/ccs/tools/compiler/ti-cgt-arm_20.2.7.LTS/lib" -i"C:/ti/ccs1260/ccs/tools/compiler/ti-cgt-arm_20.2.7.LTS/include" --reread_libs --diag_wrap=off --display_error_number --warn_sections --xml_link_info="Us_linkInfo.xml" --rom_model -o "Us.out" "./Det.obj" "./Dio.obj" "./Dio_PBcfg.obj" "./NVIC.obj" "./Port.obj" "./Port_PBcfg.obj" "./SYSTICK.obj" "./SYSTICK_PBcfg.obj" "./Ultrasonic.obj" "./main.obj" "./tm4c123gh6pm_startup_ccs.obj" "../tm4c123gh6pm.cmd"  -llibc.a 
<Linking>
Finished building target: "Us.out"
 

**** Build Finished ****

**** Build of configuration Debug for project Us ****

"C:\\ti\\ccs1260\\ccs\\utils\\bin\\gmake" -k -j 4 all -O 
 
Building file: "../SYSTICK.c"
Invoking: Arm Compiler
"C:/ti/ccs1260/ccs/tools/compiler/ti-cgt-arm_20.2.7.LTS/bin/armcl" -mv7M4 --code_state=16 --float_support=FPv4SPD16 -me --include_path="F:/GraduationProject/Codes/Ultrasonic/Us" --include_path="C:/ti/ccs1260/ccs/tools/compiler/ti-cgt-arm_20.2.7.LTS/include" --define=ccs="ccs" --define=PART_TM4C123GH6PM -g --gcc --diag_warning=225 --diag_wrap=off --display_error_number --abi=eabi --preproc_with_compile --preproc_dependency="SYSTICK.d_raw"  "../SYSTICK.c"
"../SYSTICK.c", line 19: warning #552-D: variable "SysTick_Call_Back_Pointer" was set but never used
Finished building: "../SYSTICK.c"
 
Building file: "../Ultrasonic.c"
Invoking: Arm Compiler
"C:/ti/ccs1260/ccs/tools/compiler/ti-cgt-arm_20.2.7.LTS/bin/armcl" -mv7M4 --code_state=16 --float_support=FPv4SPD16 -me --include_path="F:/GraduationProject/Codes/Ultrasonic/Us" --include_path="C:/ti/ccs1260/ccs/tools/compiler/ti-cgt-arm_20.2.7.LTS/include" --define=ccs="ccs" --define=PART_TM4C123GH6PM -g --gcc --diag_warning=225 --diag_wrap=off --display_error_number --abi=eabi --preproc_with_compile --preproc_dependency="Ultrasonic.d_raw"  "../Ultrasonic.c"
Finished building: "../Ultrasonic.c"
 
Building file: "../NVIC.c"
Invoking: Arm Compiler
"C:/ti/ccs1260/ccs/tools/compiler/ti-cgt-arm_20.2.7.LTS/bin/armcl" -mv7M4 --code_state=16 --float_support=FPv4SPD16 -me --include_path="F:/GraduationProject/Codes/Ultrasonic/Us" --include_path="C:/ti/ccs1260/ccs/tools/compiler/ti-cgt-arm_20.2.7.LTS/include" --define=ccs="ccs" --define=PART_TM4C123GH6PM -g --gcc --diag_warning=225 --diag_wrap=off --display_error_number --abi=eabi --preproc_with_compile --preproc_dependency="NVIC.d_raw"  "../NVIC.c"
Finished building: "../NVIC.c"
 
Building file: "../Port.c"
Invoking: Arm Compiler
"C:/ti/ccs1260/ccs/tools/compiler/ti-cgt-arm_20.2.7.LTS/bin/armcl" -mv7M4 --code_state=16 --float_support=FPv4SPD16 -me --include_path="F:/GraduationProject/Codes/Ultrasonic/Us" --include_path="C:/ti/ccs1260/ccs/tools/compiler/ti-cgt-arm_20.2.7.LTS/include" --define=ccs="ccs" --define=PART_TM4C123GH6PM -g --gcc --diag_warning=225 --diag_wrap=off --display_error_number --abi=eabi --preproc_with_compile --preproc_dependency="Port.d_raw"  "../Port.c"
Finished building: "../Port.c"
 
Building file: "../tm4c123gh6pm_startup_ccs.c"
Invoking: Arm Compiler
"C:/ti/ccs1260/ccs/tools/compiler/ti-cgt-arm_20.2.7.LTS/bin/armcl" -mv7M4 --code_state=16 --float_support=FPv4SPD16 -me --include_path="F:/GraduationProject/Codes/Ultrasonic/Us" --include_path="C:/ti/ccs1260/ccs/tools/compiler/ti-cgt-arm_20.2.7.LTS/include" --define=ccs="ccs" --define=PART_TM4C123GH6PM -g --gcc --diag_warning=225 --diag_wrap=off --display_error_number --abi=eabi --preproc_with_compile --preproc_dependency="tm4c123gh6pm_startup_ccs.d_raw"  "../tm4c123gh6pm_startup_ccs.c"
Finished building: "../tm4c123gh6pm_startup_ccs.c"
 
Building target: "Us.out"
Invoking: Arm Linker
"C:/ti/ccs1260/ccs/tools/compiler/ti-cgt-arm_20.2.7.LTS/bin/armcl" -mv7M4 --code_state=16 --float_support=FPv4SPD16 -me --define=ccs="ccs" --define=PART_TM4C123GH6PM -g --gcc --diag_warning=225 --diag_wrap=off --display_error_number --abi=eabi -z -m"Us.map" --heap_size=0 --stack_size=512 -i"C:/ti/ccs1260/ccs/tools/compiler/ti-cgt-arm_20.2.7.LTS/lib" -i"C:/ti/ccs1260/ccs/tools/compiler/ti-cgt-arm_20.2.7.LTS/include" --reread_libs --diag_wrap=off --display_error_number --warn_sections --xml_link_info="Us_linkInfo.xml" --rom_model -o "Us.out" "./Det.obj" "./Dio.obj" "./Dio_PBcfg.obj" "./NVIC.obj" "./Port.obj" "./Port_PBcfg.obj" "./SYSTICK.obj" "./SYSTICK_PBcfg.obj" "./Ultrasonic.obj" "./main.obj" "./tm4c123gh6pm_startup_ccs.obj" "../tm4c123gh6pm.cmd"  -llibc.a 
<Linking>
Finished building target: "Us.out"
 

**** Build Finished ****

**** Build of configuration Debug for project Us ****

"C:\\ti\\ccs1260\\ccs\\utils\\bin\\gmake" -k -j 4 all -O 
 
Building file: "../main.c"
Invoking: Arm Compiler
"C:/ti/ccs1260/ccs/tools/compiler/ti-cgt-arm_20.2.7.LTS/bin/armcl" -mv7M4 --code_state=16 --float_support=FPv4SPD16 -me --include_path="F:/GraduationProject/Codes/Ultrasonic/Us" --include_path="C:/ti/ccs1260/ccs/tools/compiler/ti-cgt-arm_20.2.7.LTS/include" --define=ccs="ccs" --define=PART_TM4C123GH6PM -g --gcc --diag_warning=225 --diag_wrap=off --display_error_number --abi=eabi --preproc_with_compile --preproc_dependency="main.d_raw"  "../main.c"
 
>> Compilation failure
subdir_rules.mk:9: recipe for target 'main.obj' failed
"../main.c", line 7: fatal error #1965: cannot open source file "Ultrasonic.h"
1 catastrophic error detected in the compilation of "../main.c".
Compilation terminated.
gmake: *** [main.obj] Error 1
gmake: Target 'all' not remade because of errors.

**** Build Finished ****

**** Build of configuration Debug for project Us ****

"C:\\ti\\ccs1260\\ccs\\utils\\bin\\gmake" -k -j 4 all -O 
 
Building file: "../main.c"
Invoking: Arm Compiler
"C:/ti/ccs1260/ccs/tools/compiler/ti-cgt-arm_20.2.7.LTS/bin/armcl" -mv7M4 --code_state=16 --float_support=FPv4SPD16 -me --include_path="F:/GraduationProject/Codes/Ultrasonic/Us" --include_path="C:/ti/ccs1260/ccs/tools/compiler/ti-cgt-arm_20.2.7.LTS/include" --define=ccs="ccs" --define=PART_TM4C123GH6PM -g --gcc --diag_warning=225 --diag_wrap=off --display_error_number --abi=eabi --preproc_with_compile --preproc_dependency="main.d_raw"  "../main.c"
"../main.c", line 36: warning #225-D: function "SYSTICK_Delay_ms" declared implicitly
Finished building: "../main.c"
 
Building target: "Us.out"
Invoking: Arm Linker
"C:/ti/ccs1260/ccs/tools/compiler/ti-cgt-arm_20.2.7.LTS/bin/armcl" -mv7M4 --code_state=16 --float_support=FPv4SPD16 -me --define=ccs="ccs" --define=PART_TM4C123GH6PM -g --gcc --diag_warning=225 --diag_wrap=off --display_error_number --abi=eabi -z -m"Us.map" --heap_size=0 --stack_size=512 -i"C:/ti/ccs1260/ccs/tools/compiler/ti-cgt-arm_20.2.7.LTS/lib" -i"C:/ti/ccs1260/ccs/tools/compiler/ti-cgt-arm_20.2.7.LTS/include" --reread_libs --diag_wrap=off --display_error_number --warn_sections --xml_link_info="Us_linkInfo.xml" --rom_model -o "Us.out" "./Det.obj" "./Dio.obj" "./Dio_PBcfg.obj" "./NVIC.obj" "./Port.obj" "./Port_PBcfg.obj" "./SYSTICK.obj" "./SYSTICK_PBcfg.obj" "./Ultrasonic.obj" "./main.obj" "./tm4c123gh6pm_startup_ccs.obj" "../tm4c123gh6pm.cmd"  -llibc.a 
<Linking>
error #10056: symbol "Delay_MS" redefined: first defined in "./Ultrasonic.obj"; redefined in "./main.obj"
 
 undefined        first referenced
  symbol              in file     
 ---------        ----------------
 SYSTICK_Delay_ms ./main.obj      
 
error #10234-D: unresolved symbols remain
error #10010: errors encountered during linking; "Us.out" not built
 
>> Compilation failure
makefile:145: recipe for target 'Us.out' failed
gmake[1]: *** [Us.out] Error 1
makefile:141: recipe for target 'all' failed
gmake: *** [all] Error 2

**** Build Finished ****

**** Build of configuration Debug for project Us ****

"C:\\ti\\ccs1260\\ccs\\utils\\bin\\gmake" -k -j 4 all -O 
 
Building file: "../Ultrasonic.c"
Invoking: Arm Compiler
"C:/ti/ccs1260/ccs/tools/compiler/ti-cgt-arm_20.2.7.LTS/bin/armcl" -mv7M4 --code_state=16 --float_support=FPv4SPD16 -me --include_path="F:/GraduationProject/Codes/Ultrasonic/Us" --include_path="C:/ti/ccs1260/ccs/tools/compiler/ti-cgt-arm_20.2.7.LTS/include" --define=ccs="ccs" --define=PART_TM4C123GH6PM -g --gcc --diag_warning=225 --diag_wrap=off --display_error_number --abi=eabi --preproc_with_compile --preproc_dependency="Ultrasonic.d_raw"  "../Ultrasonic.c"
 
>> Compilation failure
subdir_rules.mk:9: recipe for target 'Ultrasonic.obj' failed
"../Ultrasonic.c", line 18: error #249: function "Delay_MS" has already been defined
"../Ultrasonic.c", line 31: error #150: variable "echo_start_time" has already been initialized
"../Ultrasonic.c", line 32: error #150: variable "echo_end_time" has already been initialized
"../Ultrasonic.c", line 33: error #150: variable "measurement_done" has already been initialized
4 errors detected in the compilation of "../Ultrasonic.c".
gmake: *** [Ultrasonic.obj] Error 1
gmake: Target 'all' not remade because of errors.

**** Build Finished ****

**** Build of configuration Debug for project Us ****

"C:\\ti\\ccs1260\\ccs\\utils\\bin\\gmake" -k -j 4 all -O 
 
Building file: "../Ultrasonic.c"
Invoking: Arm Compiler
"C:/ti/ccs1260/ccs/tools/compiler/ti-cgt-arm_20.2.7.LTS/bin/armcl" -mv7M4 --code_state=16 --float_support=FPv4SPD16 -me --include_path="F:/GraduationProject/Codes/Ultrasonic/Us" --include_path="C:/ti/ccs1260/ccs/tools/compiler/ti-cgt-arm_20.2.7.LTS/include" --define=ccs="ccs" --define=PART_TM4C123GH6PM -g --gcc --diag_warning=225 --diag_wrap=off --display_error_number --abi=eabi --preproc_with_compile --preproc_dependency="Ultrasonic.d_raw"  "../Ultrasonic.c"
Finished building: "../Ultrasonic.c"
 
Building target: "Us.out"
Invoking: Arm Linker
"C:/ti/ccs1260/ccs/tools/compiler/ti-cgt-arm_20.2.7.LTS/bin/armcl" -mv7M4 --code_state=16 --float_support=FPv4SPD16 -me --define=ccs="ccs" --define=PART_TM4C123GH6PM -g --gcc --diag_warning=225 --diag_wrap=off --display_error_number --abi=eabi -z -m"Us.map" --heap_size=0 --stack_size=512 -i"C:/ti/ccs1260/ccs/tools/compiler/ti-cgt-arm_20.2.7.LTS/lib" -i"C:/ti/ccs1260/ccs/tools/compiler/ti-cgt-arm_20.2.7.LTS/include" --reread_libs --diag_wrap=off --display_error_number --warn_sections --xml_link_info="Us_linkInfo.xml" --rom_model -o "Us.out" "./Det.obj" "./Dio.obj" "./Dio_PBcfg.obj" "./NVIC.obj" "./Port.obj" "./Port_PBcfg.obj" "./SYSTICK.obj" "./SYSTICK_PBcfg.obj" "./Ultrasonic.obj" "./main.obj" "./tm4c123gh6pm_startup_ccs.obj" "../tm4c123gh6pm.cmd"  -llibc.a 
<Linking>
error #10056: symbol "Delay_MS" redefined: first defined in "./Ultrasonic.obj"; redefined in "./main.obj"
 
 undefined        first referenced
  symbol              in file     
 ---------        ----------------
 SYSTICK_Delay_ms ./main.obj      
 
error #10234-D: unresolved symbols remain
error #10010: errors encountered during linking; "Us.out" not built
 
>> Compilation failure
makefile:145: recipe for target 'Us.out' failed
gmake[1]: *** [Us.out] Error 1
makefile:141: recipe for target 'all' failed
gmake: *** [all] Error 2

**** Build Finished ****

**** Build of configuration Debug for project Us ****

"C:\\ti\\ccs1260\\ccs\\utils\\bin\\gmake" -k -j 4 all -O 
 
Building file: "../Ultrasonic.c"
Invoking: Arm Compiler
"C:/ti/ccs1260/ccs/tools/compiler/ti-cgt-arm_20.2.7.LTS/bin/armcl" -mv7M4 --code_state=16 --float_support=FPv4SPD16 -me --include_path="F:/GraduationProject/Codes/Ultrasonic/Us" --include_path="C:/ti/ccs1260/ccs/tools/compiler/ti-cgt-arm_20.2.7.LTS/include" --define=ccs="ccs" --define=PART_TM4C123GH6PM -g --gcc --diag_warning=225 --diag_wrap=off --display_error_number --abi=eabi --preproc_with_compile --preproc_dependency="Ultrasonic.d_raw"  "../Ultrasonic.c"
Finished building: "../Ultrasonic.c"
 
Building target: "Us.out"
Invoking: Arm Linker
"C:/ti/ccs1260/ccs/tools/compiler/ti-cgt-arm_20.2.7.LTS/bin/armcl" -mv7M4 --code_state=16 --float_support=FPv4SPD16 -me --define=ccs="ccs" --define=PART_TM4C123GH6PM -g --gcc --diag_warning=225 --diag_wrap=off --display_error_number --abi=eabi -z -m"Us.map" --heap_size=0 --stack_size=512 -i"C:/ti/ccs1260/ccs/tools/compiler/ti-cgt-arm_20.2.7.LTS/lib" -i"C:/ti/ccs1260/ccs/tools/compiler/ti-cgt-arm_20.2.7.LTS/include" --reread_libs --diag_wrap=off --display_error_number --warn_sections --xml_link_info="Us_linkInfo.xml" --rom_model -o "Us.out" "./Det.obj" "./Dio.obj" "./Dio_PBcfg.obj" "./NVIC.obj" "./Port.obj" "./Port_PBcfg.obj" "./SYSTICK.obj" "./SYSTICK_PBcfg.obj" "./Ultrasonic.obj" "./main.obj" "./tm4c123gh6pm_startup_ccs.obj" "../tm4c123gh6pm.cmd"  -llibc.a 
<Linking>
error #10056: symbol "Delay_MS" redefined: first defined in "./Ultrasonic.obj"; redefined in "./main.obj"
 
 undefined        first referenced
  symbol              in file     
 ---------        ----------------
 SYSTICK_Delay_ms ./main.obj      
 
error #10234-D: unresolved symbols remain
error #10010: errors encountered during linking; "Us.out" not built
 
>> Compilation failure
makefile:145: recipe for target 'Us.out' failed
gmake[1]: *** [Us.out] Error 1
makefile:141: recipe for target 'all' failed
gmake: *** [all] Error 2

**** Build Finished ****

**** Build of configuration Debug for project Us ****

"C:\\ti\\ccs1260\\ccs\\utils\\bin\\gmake" -k -j 4 all -O 
 
Building file: "../Ultrasonic.c"
Invoking: Arm Compiler
"C:/ti/ccs1260/ccs/tools/compiler/ti-cgt-arm_20.2.7.LTS/bin/armcl" -mv7M4 --code_state=16 --float_support=FPv4SPD16 -me --include_path="F:/GraduationProject/Codes/Ultrasonic/Us" --include_path="C:/ti/ccs1260/ccs/tools/compiler/ti-cgt-arm_20.2.7.LTS/include" --define=ccs="ccs" --define=PART_TM4C123GH6PM -g --gcc --diag_warning=225 --diag_wrap=off --display_error_number --abi=eabi --preproc_with_compile --preproc_dependency="Ultrasonic.d_raw"  "../Ultrasonic.c"
Finished building: "../Ultrasonic.c"
 
Building file: "../main.c"
Invoking: Arm Compiler
"C:/ti/ccs1260/ccs/tools/compiler/ti-cgt-arm_20.2.7.LTS/bin/armcl" -mv7M4 --code_state=16 --float_support=FPv4SPD16 -me --include_path="F:/GraduationProject/Codes/Ultrasonic/Us" --include_path="C:/ti/ccs1260/ccs/tools/compiler/ti-cgt-arm_20.2.7.LTS/include" --define=ccs="ccs" --define=PART_TM4C123GH6PM -g --gcc --diag_warning=225 --diag_wrap=off --display_error_number --abi=eabi --preproc_with_compile --preproc_dependency="main.d_raw"  "../main.c"
"../main.c", line 36: warning #225-D: function "SYSTICK_Delay_ms" declared implicitly
Finished building: "../main.c"
 
Building target: "Us.out"
Invoking: Arm Linker
"C:/ti/ccs1260/ccs/tools/compiler/ti-cgt-arm_20.2.7.LTS/bin/armcl" -mv7M4 --code_state=16 --float_support=FPv4SPD16 -me --define=ccs="ccs" --define=PART_TM4C123GH6PM -g --gcc --diag_warning=225 --diag_wrap=off --display_error_number --abi=eabi -z -m"Us.map" --heap_size=0 --stack_size=512 -i"C:/ti/ccs1260/ccs/tools/compiler/ti-cgt-arm_20.2.7.LTS/lib" -i"C:/ti/ccs1260/ccs/tools/compiler/ti-cgt-arm_20.2.7.LTS/include" --reread_libs --diag_wrap=off --display_error_number --warn_sections --xml_link_info="Us_linkInfo.xml" --rom_model -o "Us.out" "./Det.obj" "./Dio.obj" "./Dio_PBcfg.obj" "./NVIC.obj" "./Port.obj" "./Port_PBcfg.obj" "./SYSTICK.obj" "./SYSTICK_PBcfg.obj" "./Ultrasonic.obj" "./main.obj" "./tm4c123gh6pm_startup_ccs.obj" "../tm4c123gh6pm.cmd"  -llibc.a 
<Linking>
 
 undefined        first referenced
  symbol              in file     
 ---------        ----------------
 SYSTICK_Delay_ms ./main.obj      
 
error #10234-D: unresolved symbols remain
error #10010: errors encountered during linking; "Us.out" not built
 
>> Compilation failure
makefile:145: recipe for target 'Us.out' failed
gmake[1]: *** [Us.out] Error 1
makefile:141: recipe for target 'all' failed
gmake: *** [all] Error 2

**** Build Finished ****

**** Build of configuration Debug for project Us ****

"C:\\ti\\ccs1260\\ccs\\utils\\bin\\gmake" -k -j 4 all -O 
 
Building file: "../Ultrasonic.c"
Invoking: Arm Compiler
"C:/ti/ccs1260/ccs/tools/compiler/ti-cgt-arm_20.2.7.LTS/bin/armcl" -mv7M4 --code_state=16 --float_support=FPv4SPD16 -me --include_path="F:/GraduationProject/Codes/Ultrasonic/Us" --include_path="C:/ti/ccs1260/ccs/tools/compiler/ti-cgt-arm_20.2.7.LTS/include" --define=ccs="ccs" --define=PART_TM4C123GH6PM -g --gcc --diag_warning=225 --diag_wrap=off --display_error_number --abi=eabi --preproc_with_compile --preproc_dependency="Ultrasonic.d_raw"  "../Ultrasonic.c"
Finished building: "../Ultrasonic.c"
 
Building file: "../main.c"
Invoking: Arm Compiler
"C:/ti/ccs1260/ccs/tools/compiler/ti-cgt-arm_20.2.7.LTS/bin/armcl" -mv7M4 --code_state=16 --float_support=FPv4SPD16 -me --include_path="F:/GraduationProject/Codes/Ultrasonic/Us" --include_path="C:/ti/ccs1260/ccs/tools/compiler/ti-cgt-arm_20.2.7.LTS/include" --define=ccs="ccs" --define=PART_TM4C123GH6PM -g --gcc --diag_warning=225 --diag_wrap=off --display_error_number --abi=eabi --preproc_with_compile --preproc_dependency="main.d_raw"  "../main.c"
"../main.c", line 37: warning #225-D: function "SYSTICK_Delay_ms" declared implicitly
Finished building: "../main.c"
 
Building target: "Us.out"
Invoking: Arm Linker
"C:/ti/ccs1260/ccs/tools/compiler/ti-cgt-arm_20.2.7.LTS/bin/armcl" -mv7M4 --code_state=16 --float_support=FPv4SPD16 -me --define=ccs="ccs" --define=PART_TM4C123GH6PM -g --gcc --diag_warning=225 --diag_wrap=off --display_error_number --abi=eabi -z -m"Us.map" --heap_size=0 --stack_size=512 -i"C:/ti/ccs1260/ccs/tools/compiler/ti-cgt-arm_20.2.7.LTS/lib" -i"C:/ti/ccs1260/ccs/tools/compiler/ti-cgt-arm_20.2.7.LTS/include" --reread_libs --diag_wrap=off --display_error_number --warn_sections --xml_link_info="Us_linkInfo.xml" --rom_model -o "Us.out" "./Det.obj" "./Dio.obj" "./Dio_PBcfg.obj" "./NVIC.obj" "./Port.obj" "./Port_PBcfg.obj" "./SYSTICK.obj" "./SYSTICK_PBcfg.obj" "./Ultrasonic.obj" "./main.obj" "./tm4c123gh6pm_startup_ccs.obj" "../tm4c123gh6pm.cmd"  -llibc.a 
<Linking>
 
 undefined        first referenced
  symbol              in file     
 ---------        ----------------
 SYSTICK_Delay_ms ./main.obj      
 
error #10234-D: unresolved symbols remain
error #10010: errors encountered during linking; "Us.out" not built
 
>> Compilation failure
makefile:145: recipe for target 'Us.out' failed
makefile:141: recipe for target 'all' failed
gmake[1]: *** [Us.out] Error 1
gmake: *** [all] Error 2

**** Build Finished ****

**** Build of configuration Debug for project Us ****

"C:\\ti\\ccs1260\\ccs\\utils\\bin\\gmake" -k -j 4 all -O 
 
Building file: "../main.c"
Invoking: Arm Compiler
"C:/ti/ccs1260/ccs/tools/compiler/ti-cgt-arm_20.2.7.LTS/bin/armcl" -mv7M4 --code_state=16 --float_support=FPv4SPD16 -me --include_path="F:/GraduationProject/Codes/Ultrasonic/Us" --include_path="C:/ti/ccs1260/ccs/tools/compiler/ti-cgt-arm_20.2.7.LTS/include" --define=ccs="ccs" --define=PART_TM4C123GH6PM -g --gcc --diag_warning=225 --diag_wrap=off --display_error_number --abi=eabi --preproc_with_compile --preproc_dependency="main.d_raw"  "../main.c"
"../main.c", line 37: warning #225-D: function "Delay_MS" declared implicitly
"../main.c", line 58: warning #225-D: function "SYSTICK_Delay_ms" declared implicitly
Finished building: "../main.c"
 
Building target: "Us.out"
Invoking: Arm Linker
"C:/ti/ccs1260/ccs/tools/compiler/ti-cgt-arm_20.2.7.LTS/bin/armcl" -mv7M4 --code_state=16 --float_support=FPv4SPD16 -me --define=ccs="ccs" --define=PART_TM4C123GH6PM -g --gcc --diag_warning=225 --diag_wrap=off --display_error_number --abi=eabi -z -m"Us.map" --heap_size=0 --stack_size=512 -i"C:/ti/ccs1260/ccs/tools/compiler/ti-cgt-arm_20.2.7.LTS/lib" -i"C:/ti/ccs1260/ccs/tools/compiler/ti-cgt-arm_20.2.7.LTS/include" --reread_libs --diag_wrap=off --display_error_number --warn_sections --xml_link_info="Us_linkInfo.xml" --rom_model -o "Us.out" "./Det.obj" "./Dio.obj" "./Dio_PBcfg.obj" "./NVIC.obj" "./Port.obj" "./Port_PBcfg.obj" "./SYSTICK.obj" "./SYSTICK_PBcfg.obj" "./Ultrasonic.obj" "./main.obj" "./tm4c123gh6pm_startup_ccs.obj" "../tm4c123gh6pm.cmd"  -llibc.a 
<Linking>
 
 undefined        first referenced
  symbol              in file     
 ---------        ----------------
 SYSTICK_Delay_ms ./main.obj      
 
error #10234-D: unresolved symbols remain
error #10010: errors encountered during linking; "Us.out" not built
 
>> Compilation failure
makefile:145: recipe for target 'Us.out' failed
makefile:141: recipe for target 'all' failed
gmake[1]: *** [Us.out] Error 1
gmake: *** [all] Error 2

**** Build Finished ****

**** Build of configuration Debug for project Us ****

"C:\\ti\\ccs1260\\ccs\\utils\\bin\\gmake" -k -j 4 all -O 
 
Building file: "../main.c"
Invoking: Arm Compiler
"C:/ti/ccs1260/ccs/tools/compiler/ti-cgt-arm_20.2.7.LTS/bin/armcl" -mv7M4 --code_state=16 --float_support=FPv4SPD16 -me --include_path="F:/GraduationProject/Codes/Ultrasonic/Us" --include_path="C:/ti/ccs1260/ccs/tools/compiler/ti-cgt-arm_20.2.7.LTS/include" --define=ccs="ccs" --define=PART_TM4C123GH6PM -g --gcc --diag_warning=225 --diag_wrap=off --display_error_number --abi=eabi --preproc_with_compile --preproc_dependency="main.d_raw"  "../main.c"
"../main.c", line 37: warning #225-D: function "Delay_MS" declared implicitly
Finished building: "../main.c"
 
Building file: "../Ultrasonic.c"
Invoking: Arm Compiler
"C:/ti/ccs1260/ccs/tools/compiler/ti-cgt-arm_20.2.7.LTS/bin/armcl" -mv7M4 --code_state=16 --float_support=FPv4SPD16 -me --include_path="F:/GraduationProject/Codes/Ultrasonic/Us" --include_path="C:/ti/ccs1260/ccs/tools/compiler/ti-cgt-arm_20.2.7.LTS/include" --define=ccs="ccs" --define=PART_TM4C123GH6PM -g --gcc --diag_warning=225 --diag_wrap=off --display_error_number --abi=eabi --preproc_with_compile --preproc_dependency="Ultrasonic.d_raw"  "../Ultrasonic.c"
Finished building: "../Ultrasonic.c"
 
Building target: "Us.out"
Invoking: Arm Linker
"C:/ti/ccs1260/ccs/tools/compiler/ti-cgt-arm_20.2.7.LTS/bin/armcl" -mv7M4 --code_state=16 --float_support=FPv4SPD16 -me --define=ccs="ccs" --define=PART_TM4C123GH6PM -g --gcc --diag_warning=225 --diag_wrap=off --display_error_number --abi=eabi -z -m"Us.map" --heap_size=0 --stack_size=512 -i"C:/ti/ccs1260/ccs/tools/compiler/ti-cgt-arm_20.2.7.LTS/lib" -i"C:/ti/ccs1260/ccs/tools/compiler/ti-cgt-arm_20.2.7.LTS/include" --reread_libs --diag_wrap=off --display_error_number --warn_sections --xml_link_info="Us_linkInfo.xml" --rom_model -o "Us.out" "./Det.obj" "./Dio.obj" "./Dio_PBcfg.obj" "./NVIC.obj" "./Port.obj" "./Port_PBcfg.obj" "./SYSTICK.obj" "./SYSTICK_PBcfg.obj" "./Ultrasonic.obj" "./main.obj" "./tm4c123gh6pm_startup_ccs.obj" "../tm4c123gh6pm.cmd"  -llibc.a 
<Linking>
Finished building target: "Us.out"
 

**** Build Finished ****

**** Build of configuration Debug for project Us ****

"C:\\ti\\ccs1260\\ccs\\utils\\bin\\gmake" -k -j 4 all -O 
 
Building file: "../Ultrasonic.c"
Invoking: Arm Compiler
"C:/ti/ccs1260/ccs/tools/compiler/ti-cgt-arm_20.2.7.LTS/bin/armcl" -mv7M4 --code_state=16 --float_support=FPv4SPD16 -me --include_path="F:/GraduationProject/Codes/Ultrasonic/Us" --include_path="C:/ti/ccs1260/ccs/tools/compiler/ti-cgt-arm_20.2.7.LTS/include" --define=ccs="ccs" --define=PART_TM4C123GH6PM -g --gcc --diag_warning=225 --diag_wrap=off --display_error_number --abi=eabi --preproc_with_compile --preproc_dependency="Ultrasonic.d_raw"  "../Ultrasonic.c"
Finished building: "../Ultrasonic.c"
 
Building file: "../main.c"
Invoking: Arm Compiler
"C:/ti/ccs1260/ccs/tools/compiler/ti-cgt-arm_20.2.7.LTS/bin/armcl" -mv7M4 --code_state=16 --float_support=FPv4SPD16 -me --include_path="F:/GraduationProject/Codes/Ultrasonic/Us" --include_path="C:/ti/ccs1260/ccs/tools/compiler/ti-cgt-arm_20.2.7.LTS/include" --define=ccs="ccs" --define=PART_TM4C123GH6PM -g --gcc --diag_warning=225 --diag_wrap=off --display_error_number --abi=eabi --preproc_with_compile --preproc_dependency="main.d_raw"  "../main.c"
Finished building: "../main.c"
 
Building target: "Us.out"
Invoking: Arm Linker
"C:/ti/ccs1260/ccs/tools/compiler/ti-cgt-arm_20.2.7.LTS/bin/armcl" -mv7M4 --code_state=16 --float_support=FPv4SPD16 -me --define=ccs="ccs" --define=PART_TM4C123GH6PM -g --gcc --diag_warning=225 --diag_wrap=off --display_error_number --abi=eabi -z -m"Us.map" --heap_size=0 --stack_size=512 -i"C:/ti/ccs1260/ccs/tools/compiler/ti-cgt-arm_20.2.7.LTS/lib" -i"C:/ti/ccs1260/ccs/tools/compiler/ti-cgt-arm_20.2.7.LTS/include" --reread_libs --diag_wrap=off --display_error_number --warn_sections --xml_link_info="Us_linkInfo.xml" --rom_model -o "Us.out" "./Det.obj" "./Dio.obj" "./Dio_PBcfg.obj" "./NVIC.obj" "./Port.obj" "./Port_PBcfg.obj" "./SYSTICK.obj" "./SYSTICK_PBcfg.obj" "./Ultrasonic.obj" "./main.obj" "./tm4c123gh6pm_startup_ccs.obj" "../tm4c123gh6pm.cmd"  -llibc.a 
<Linking>
error #10056: symbol "Delay_MS" redefined: first defined in "./Ultrasonic.obj"; redefined in "./main.obj"
error #10010: errors encountered during linking; "Us.out" not built
 
>> Compilation failure
makefile:145: recipe for target 'Us.out' failed
gmake[1]: *** [Us.out] Error 1
makefile:141: recipe for target 'all' failed
gmake: *** [all] Error 2

**** Build Finished ****

**** Build of configuration Debug for project Us ****

"C:\\ti\\ccs1260\\ccs\\utils\\bin\\gmake" -k -j 4 all -O 
 
Building file: "../Ultrasonic.c"
Invoking: Arm Compiler
"C:/ti/ccs1260/ccs/tools/compiler/ti-cgt-arm_20.2.7.LTS/bin/armcl" -mv7M4 --code_state=16 --float_support=FPv4SPD16 -me --include_path="F:/GraduationProject/Codes/Ultrasonic/Us" --include_path="C:/ti/ccs1260/ccs/tools/compiler/ti-cgt-arm_20.2.7.LTS/include" --define=ccs="ccs" --define=PART_TM4C123GH6PM -g --gcc --diag_warning=225 --diag_wrap=off --display_error_number --abi=eabi --preproc_with_compile --preproc_dependency="Ultrasonic.d_raw"  "../Ultrasonic.c"
Finished building: "../Ultrasonic.c"
 
Building file: "../main.c"
Invoking: Arm Compiler
"C:/ti/ccs1260/ccs/tools/compiler/ti-cgt-arm_20.2.7.LTS/bin/armcl" -mv7M4 --code_state=16 --float_support=FPv4SPD16 -me --include_path="F:/GraduationProject/Codes/Ultrasonic/Us" --include_path="C:/ti/ccs1260/ccs/tools/compiler/ti-cgt-arm_20.2.7.LTS/include" --define=ccs="ccs" --define=PART_TM4C123GH6PM -g --gcc --diag_warning=225 --diag_wrap=off --display_error_number --abi=eabi --preproc_with_compile --preproc_dependency="main.d_raw"  "../main.c"
"../main.c", line 37: warning #225-D: function "Delay_MS" declared implicitly
Finished building: "../main.c"
 
Building target: "Us.out"
Invoking: Arm Linker
"C:/ti/ccs1260/ccs/tools/compiler/ti-cgt-arm_20.2.7.LTS/bin/armcl" -mv7M4 --code_state=16 --float_support=FPv4SPD16 -me --define=ccs="ccs" --define=PART_TM4C123GH6PM -g --gcc --diag_warning=225 --diag_wrap=off --display_error_number --abi=eabi -z -m"Us.map" --heap_size=0 --stack_size=512 -i"C:/ti/ccs1260/ccs/tools/compiler/ti-cgt-arm_20.2.7.LTS/lib" -i"C:/ti/ccs1260/ccs/tools/compiler/ti-cgt-arm_20.2.7.LTS/include" --reread_libs --diag_wrap=off --display_error_number --warn_sections --xml_link_info="Us_linkInfo.xml" --rom_model -o "Us.out" "./Det.obj" "./Dio.obj" "./Dio_PBcfg.obj" "./NVIC.obj" "./Port.obj" "./Port_PBcfg.obj" "./SYSTICK.obj" "./SYSTICK_PBcfg.obj" "./Ultrasonic.obj" "./main.obj" "./tm4c123gh6pm_startup_ccs.obj" "../tm4c123gh6pm.cmd"  -llibc.a 
<Linking>
Finished building target: "Us.out"
 

**** Build Finished ****
